[ 2015-08-02T07:39:35+08:00 ] 127.0.0.1 /
INFO: [ app_init ] --START--
INFO: Run Behavior\BuildLiteBehavior [ RunTime:0.000047s ]
INFO: [ app_init ] --END-- [ RunTime:0.000969s ]
INFO: [ app_begin ] --START--
INFO: Run Behavior\ReadHtmlCacheBehavior [ RunTime:0.000987s ]
INFO: [ app_begin ] --END-- [ RunTime:0.001178s ]
SQL: SHOW COLUMNS FROM `article` [ RunTime:0.0027s ]
SQL: SHOW COLUMNS FROM `webinfo` [ RunTime:0.0024s ]
SQL: UPDATE `webinfo` SET `webview`=webview+1 WHERE ( id=0 ) [ RunTime:0.0003s ]
SQL: SELECT * FROM `webinfo`  [ RunTime:0.0002s ]
SQL: SELECT `title`,`label`,`id` FROM `article` ORDER BY pageview desc LIMIT 4   [ RunTime:0.0003s ]
SQL: SELECT COUNT(*) AS tp_count FROM `article` LIMIT 1   [ RunTime:0.0002s ]
SQL: SELECT * FROM `article` ORDER BY time desc LIMIT 0,5   [ RunTime:0.0004s ]
INFO: [ view_parse ] --START--
INFO: [ template_filter ] --START--
INFO: Run Behavior\ContentReplaceBehavior [ RunTime:0.000092s ]
INFO: [ template_filter ] --END-- [ RunTime:0.000258s ]
INFO: Run Behavior\ParseTemplateBehavior [ RunTime:0.015641s ]
INFO: [ view_parse ] --END-- [ RunTime:0.015773s ]
INFO: [ view_filter ] --START--
INFO: Run Behavior\WriteHtmlCacheBehavior [ RunTime:0.007930s ]
INFO: [ view_filter ] --END-- [ RunTime:0.008071s ]
INFO: [ app_end ] --START--
INFO: Run Behavior\ShowPageTraceBehavior [ RunTime:0.001949s ]
INFO: [ app_end ] --END-- [ RunTime:0.002192s ]

[ 2015-08-02T07:39:35+08:00 ] 127.0.0.1 /favicon.ico
INFO: [ app_init ] --START--
INFO: Run Behavior\BuildLiteBehavior [ RunTime:0.000032s ]
INFO: [ app_init ] --END-- [ RunTime:0.000528s ]

[ 2015-08-02T07:39:35+08:00 ] 127.0.0.1 /favicon.ico
INFO: [ app_init ] --START--
INFO: Run Behavior\BuildLiteBehavior [ RunTime:0.000030s ]
INFO: [ app_init ] --END-- [ RunTime:0.000466s ]

[ 2015-08-02T10:02:26+08:00 ] ::1 /
INFO: [ app_init ] --START--
INFO: Run Behavior\BuildLiteBehavior [ RunTime:0.000040s ]
INFO: [ app_init ] --END-- [ RunTime:0.000822s ]
INFO: [ app_begin ] --START--
INFO: Run Behavior\ReadHtmlCacheBehavior [ RunTime:0.001182s ]
INFO: [ app_begin ] --END-- [ RunTime:0.001404s ]
SQL: SHOW COLUMNS FROM `article` [ RunTime:0.0102s ]
SQL: SHOW COLUMNS FROM `webinfo` [ RunTime:0.0368s ]
SQL: UPDATE `webinfo` SET `webview`=webview+1 WHERE ( id=0 ) [ RunTime:0.0003s ]
SQL: SELECT * FROM `webinfo`  [ RunTime:0.0003s ]
SQL: SELECT `title`,`label`,`id` FROM `article` ORDER BY pageview desc LIMIT 4   [ RunTime:0.0003s ]
SQL: SELECT COUNT(*) AS tp_count FROM `article` LIMIT 1   [ RunTime:0.0002s ]
SQL: SELECT * FROM `article` ORDER BY time desc LIMIT 0,5   [ RunTime:0.0004s ]
INFO: [ view_parse ] --START--
INFO: [ template_filter ] --START--
INFO: Run Behavior\ContentReplaceBehavior [ RunTime:0.000096s ]
INFO: [ template_filter ] --END-- [ RunTime:0.000262s ]
INFO: Run Behavior\ParseTemplateBehavior [ RunTime:0.051640s ]
INFO: [ view_parse ] --END-- [ RunTime:0.051782s ]
INFO: [ view_filter ] --START--
INFO: Run Behavior\WriteHtmlCacheBehavior [ RunTime:0.004934s ]
INFO: [ view_filter ] --END-- [ RunTime:0.005064s ]
INFO: [ app_end ] --START--
INFO: Run Behavior\ShowPageTraceBehavior [ RunTime:0.010907s ]
INFO: [ app_end ] --END-- [ RunTime:0.011145s ]

[ 2015-08-02T10:02:27+08:00 ] ::1 /favicon.ico
INFO: [ app_init ] --START--
INFO: Run Behavior\BuildLiteBehavior [ RunTime:0.000031s ]
INFO: [ app_init ] --END-- [ RunTime:0.000508s ]

[ 2015-08-02T10:02:27+08:00 ] ::1 /favicon.ico
INFO: [ app_init ] --START--
INFO: Run Behavior\BuildLiteBehavior [ RunTime:0.000056s ]
INFO: [ app_init ] --END-- [ RunTime:0.000889s ]

[ 2015-08-02T10:02:31+08:00 ] ::1 /
INFO: [ app_init ] --START--
INFO: Run Behavior\BuildLiteBehavior [ RunTime:0.000032s ]
INFO: [ app_init ] --END-- [ RunTime:0.000491s ]
INFO: [ app_begin ] --START--
INFO: Run Behavior\ReadHtmlCacheBehavior [ RunTime:0.001193s ]
INFO: [ app_begin ] --END-- [ RunTime:0.001529s ]
SQL: SHOW COLUMNS FROM `article` [ RunTime:0.0210s ]
SQL: SHOW COLUMNS FROM `webinfo` [ RunTime:0.0171s ]
SQL: UPDATE `webinfo` SET `webview`=webview+1 WHERE ( id=0 ) [ RunTime:0.0168s ]
SQL: SELECT * FROM `webinfo`  [ RunTime:0.0003s ]
SQL: SELECT `title`,`label`,`id` FROM `article` ORDER BY pageview desc LIMIT 4   [ RunTime:0.0003s ]
SQL: SELECT COUNT(*) AS tp_count FROM `article` LIMIT 1   [ RunTime:0.0002s ]
SQL: SELECT * FROM `article` ORDER BY time desc LIMIT 0,5   [ RunTime:0.0007s ]
INFO: [ view_parse ] --START--
INFO: [ template_filter ] --START--
INFO: Run Behavior\ContentReplaceBehavior [ RunTime:0.000097s ]
INFO: [ template_filter ] --END-- [ RunTime:0.000293s ]
INFO: Run Behavior\ParseTemplateBehavior [ RunTime:0.018564s ]
INFO: [ view_parse ] --END-- [ RunTime:0.018788s ]
INFO: [ view_filter ] --START--
INFO: Run Behavior\WriteHtmlCacheBehavior [ RunTime:0.000467s ]
INFO: [ view_filter ] --END-- [ RunTime:0.000638s ]
INFO: [ app_end ] --START--
INFO: Run Behavior\ShowPageTraceBehavior [ RunTime:0.000903s ]
INFO: [ app_end ] --END-- [ RunTime:0.001163s ]

[ 2015-08-02T10:04:14+08:00 ] ::1 /
INFO: [ app_init ] --START--
INFO: Run Behavior\BuildLiteBehavior [ RunTime:0.000049s ]
INFO: [ app_init ] --END-- [ RunTime:0.001461s ]
INFO: [ app_begin ] --START--
INFO: Run Behavior\ReadHtmlCacheBehavior [ RunTime:0.000732s ]
INFO: [ app_begin ] --END-- [ RunTime:0.000939s ]
SQL: SHOW COLUMNS FROM `article` [ RunTime:0.0020s ]
SQL: SHOW COLUMNS FROM `webinfo` [ RunTime:0.0026s ]
SQL: UPDATE `webinfo` SET `webview`=webview+1 WHERE ( id=0 ) [ RunTime:0.0003s ]
SQL: SELECT * FROM `webinfo`  [ RunTime:0.0002s ]
SQL: SELECT `title`,`label`,`id` FROM `article` ORDER BY pageview desc LIMIT 4   [ RunTime:0.0003s ]
SQL: SELECT COUNT(*) AS tp_count FROM `article` LIMIT 1   [ RunTime:0.0002s ]
SQL: SELECT * FROM `article` ORDER BY time desc LIMIT 0,5   [ RunTime:0.0005s ]
INFO: [ view_parse ] --START--
INFO: [ template_filter ] --START--
INFO: Run Behavior\ContentReplaceBehavior [ RunTime:0.000105s ]
INFO: [ template_filter ] --END-- [ RunTime:0.000260s ]
INFO: Run Behavior\ParseTemplateBehavior [ RunTime:0.016158s ]
INFO: [ view_parse ] --END-- [ RunTime:0.016337s ]
INFO: [ view_filter ] --START--
INFO: Run Behavior\WriteHtmlCacheBehavior [ RunTime:0.000477s ]
INFO: [ view_filter ] --END-- [ RunTime:0.000619s ]
INFO: [ app_end ] --START--
INFO: Run Behavior\ShowPageTraceBehavior [ RunTime:0.001047s ]
INFO: [ app_end ] --END-- [ RunTime:0.001276s ]

[ 2015-08-02T10:04:49+08:00 ] ::1 /
INFO: [ app_init ] --START--
INFO: Run Behavior\BuildLiteBehavior [ RunTime:0.000050s ]
INFO: [ app_init ] --END-- [ RunTime:0.000698s ]
INFO: [ app_begin ] --START--
INFO: Run Behavior\ReadHtmlCacheBehavior [ RunTime:0.000641s ]
INFO: [ app_begin ] --END-- [ RunTime:0.000857s ]
SQL: SHOW COLUMNS FROM `article` [ RunTime:0.0030s ]
SQL: SHOW COLUMNS FROM `webinfo` [ RunTime:0.0022s ]
SQL: UPDATE `webinfo` SET `webview`=webview+1 WHERE ( id=0 ) [ RunTime:0.0003s ]
SQL: SELECT * FROM `webinfo`  [ RunTime:0.0003s ]
SQL: SELECT `title`,`label`,`id` FROM `article` ORDER BY pageview desc LIMIT 4   [ RunTime:0.0004s ]
SQL: SELECT COUNT(*) AS tp_count FROM `article` LIMIT 1   [ RunTime:0.0002s ]
SQL: SELECT * FROM `article` ORDER BY time desc LIMIT 0,5   [ RunTime:0.0005s ]
INFO: [ view_parse ] --START--
INFO: [ template_filter ] --START--
INFO: Run Behavior\ContentReplaceBehavior [ RunTime:0.000514s ]
INFO: [ template_filter ] --END-- [ RunTime:0.001526s ]
INFO: Run Behavior\ParseTemplateBehavior [ RunTime:0.021848s ]
INFO: [ view_parse ] --END-- [ RunTime:0.022070s ]
INFO: [ view_filter ] --START--
INFO: Run Behavior\WriteHtmlCacheBehavior [ RunTime:0.000632s ]
INFO: [ view_filter ] --END-- [ RunTime:0.000830s ]
INFO: [ app_end ] --START--
INFO: Run Behavior\ShowPageTraceBehavior [ RunTime:0.000823s ]
INFO: [ app_end ] --END-- [ RunTime:0.001120s ]

[ 2015-08-02T10:05:51+08:00 ] ::1 /
INFO: [ app_init ] --START--
INFO: Run Behavior\BuildLiteBehavior [ RunTime:0.000040s ]
INFO: [ app_init ] --END-- [ RunTime:0.000570s ]
INFO: [ app_begin ] --START--
INFO: Run Behavior\ReadHtmlCacheBehavior [ RunTime:0.001410s ]
INFO: [ app_begin ] --END-- [ RunTime:0.001851s ]
SQL: SHOW COLUMNS FROM `article` [ RunTime:0.0035s ]
SQL: SHOW COLUMNS FROM `webinfo` [ RunTime:0.0021s ]
SQL: UPDATE `webinfo` SET `webview`=webview+1 WHERE ( id=0 ) [ RunTime:0.0003s ]
SQL: SELECT * FROM `webinfo`  [ RunTime:0.0002s ]
SQL: SELECT `title`,`label`,`id` FROM `article` ORDER BY pageview desc LIMIT 4   [ RunTime:0.0003s ]
SQL: SELECT COUNT(*) AS tp_count FROM `article` LIMIT 1   [ RunTime:0.0002s ]
SQL: SELECT * FROM `article` ORDER BY time desc LIMIT 0,5   [ RunTime:0.0006s ]
INFO: [ view_parse ] --START--
INFO: [ template_filter ] --START--
INFO: Run Behavior\ContentReplaceBehavior [ RunTime:0.000152s ]
INFO: [ template_filter ] --END-- [ RunTime:0.000383s ]
INFO: Run Behavior\ParseTemplateBehavior [ RunTime:0.031606s ]
INFO: [ view_parse ] --END-- [ RunTime:0.031789s ]
INFO: [ view_filter ] --START--
INFO: Run Behavior\WriteHtmlCacheBehavior [ RunTime:0.000606s ]
INFO: [ view_filter ] --END-- [ RunTime:0.000752s ]
INFO: [ app_end ] --START--
INFO: Run Behavior\ShowPageTraceBehavior [ RunTime:0.000916s ]
INFO: [ app_end ] --END-- [ RunTime:0.001159s ]

[ 2015-08-02T10:06:07+08:00 ] ::1 /
INFO: [ app_init ] --START--
INFO: Run Behavior\BuildLiteBehavior [ RunTime:0.000050s ]
INFO: [ app_init ] --END-- [ RunTime:0.001502s ]
INFO: [ app_begin ] --START--
INFO: Run Behavior\ReadHtmlCacheBehavior [ RunTime:0.000904s ]
INFO: [ app_begin ] --END-- [ RunTime:0.001168s ]
SQL: SHOW COLUMNS FROM `article` [ RunTime:0.0022s ]
SQL: SHOW COLUMNS FROM `webinfo` [ RunTime:0.0030s ]
SQL: UPDATE `webinfo` SET `webview`=webview+1 WHERE ( id=0 ) [ RunTime:0.0003s ]
SQL: SELECT * FROM `webinfo`  [ RunTime:0.0004s ]
SQL: SELECT `title`,`label`,`id` FROM `article` ORDER BY pageview desc LIMIT 4   [ RunTime:0.0003s ]
SQL: SELECT COUNT(*) AS tp_count FROM `article` LIMIT 1   [ RunTime:0.0002s ]
SQL: SELECT * FROM `article` ORDER BY time desc LIMIT 0,5   [ RunTime:0.0004s ]
INFO: [ view_parse ] --START--
INFO: [ template_filter ] --START--
INFO: Run Behavior\ContentReplaceBehavior [ RunTime:0.000126s ]
INFO: [ template_filter ] --END-- [ RunTime:0.000300s ]
INFO: Run Behavior\ParseTemplateBehavior [ RunTime:0.016775s ]
INFO: [ view_parse ] --END-- [ RunTime:0.016979s ]
INFO: [ view_filter ] --START--
INFO: Run Behavior\WriteHtmlCacheBehavior [ RunTime:0.000419s ]
INFO: [ view_filter ] --END-- [ RunTime:0.000586s ]
INFO: [ app_end ] --START--
INFO: Run Behavior\ShowPageTraceBehavior [ RunTime:0.000784s ]
INFO: [ app_end ] --END-- [ RunTime:0.001189s ]

[ 2015-08-02T10:06:13+08:00 ] ::1 /
INFO: [ app_init ] --START--
INFO: Run Behavior\BuildLiteBehavior [ RunTime:0.000032s ]
INFO: [ app_init ] --END-- [ RunTime:0.000595s ]
INFO: [ app_begin ] --START--
INFO: Run Behavior\ReadHtmlCacheBehavior [ RunTime:0.000631s ]
INFO: [ app_begin ] --END-- [ RunTime:0.000816s ]
SQL: SHOW COLUMNS FROM `article` [ RunTime:0.0023s ]
SQL: SHOW COLUMNS FROM `webinfo` [ RunTime:0.0020s ]
SQL: UPDATE `webinfo` SET `webview`=webview+1 WHERE ( id=0 ) [ RunTime:0.0003s ]
SQL: SELECT * FROM `webinfo`  [ RunTime:0.0002s ]
SQL: SELECT `title`,`label`,`id` FROM `article` ORDER BY pageview desc LIMIT 4   [ RunTime:0.0003s ]
SQL: SELECT COUNT(*) AS tp_count FROM `article` LIMIT 1   [ RunTime:0.0002s ]
SQL: SELECT * FROM `article` ORDER BY time desc LIMIT 0,5   [ RunTime:0.0004s ]
INFO: [ view_parse ] --START--
INFO: [ template_filter ] --START--
INFO: Run Behavior\ContentReplaceBehavior [ RunTime:0.000107s ]
INFO: [ template_filter ] --END-- [ RunTime:0.000264s ]
INFO: Run Behavior\ParseTemplateBehavior [ RunTime:0.016743s ]
INFO: [ view_parse ] --END-- [ RunTime:0.016929s ]
INFO: [ view_filter ] --START--
INFO: Run Behavior\WriteHtmlCacheBehavior [ RunTime:0.000403s ]
INFO: [ view_filter ] --END-- [ RunTime:0.000526s ]
INFO: [ app_end ] --START--
INFO: Run Behavior\ShowPageTraceBehavior [ RunTime:0.000679s ]
INFO: [ app_end ] --END-- [ RunTime:0.000910s ]

[ 2015-08-02T10:07:14+08:00 ] ::1 /
INFO: [ app_init ] --START--
INFO: Run Behavior\BuildLiteBehavior [ RunTime:0.000120s ]
INFO: [ app_init ] --END-- [ RunTime:0.000916s ]
INFO: [ app_begin ] --START--
INFO: Run Behavior\ReadHtmlCacheBehavior [ RunTime:0.000769s ]
INFO: [ app_begin ] --END-- [ RunTime:0.001003s ]
SQL: SHOW COLUMNS FROM `article` [ RunTime:0.0024s ]
SQL: SHOW COLUMNS FROM `webinfo` [ RunTime:0.0026s ]
SQL: UPDATE `webinfo` SET `webview`=webview+1 WHERE ( id=0 ) [ RunTime:0.0003s ]
SQL: SELECT * FROM `webinfo`  [ RunTime:0.0003s ]
SQL: SELECT `title`,`label`,`id` FROM `article` ORDER BY pageview desc LIMIT 4   [ RunTime:0.0003s ]
SQL: SELECT COUNT(*) AS tp_count FROM `article` LIMIT 1   [ RunTime:0.0002s ]
SQL: SELECT * FROM `article` ORDER BY time desc LIMIT 0,5   [ RunTime:0.0006s ]
INFO: [ view_parse ] --START--
INFO: [ template_filter ] --START--
INFO: Run Behavior\ContentReplaceBehavior [ RunTime:0.000092s ]
INFO: [ template_filter ] --END-- [ RunTime:0.000265s ]
INFO: Run Behavior\ParseTemplateBehavior [ RunTime:0.015384s ]
INFO: [ view_parse ] --END-- [ RunTime:0.015575s ]
INFO: [ view_filter ] --START--
INFO: Run Behavior\WriteHtmlCacheBehavior [ RunTime:0.000506s ]
INFO: [ view_filter ] --END-- [ RunTime:0.000678s ]
INFO: [ app_end ] --START--
INFO: Run Behavior\ShowPageTraceBehavior [ RunTime:0.001737s ]
INFO: [ app_end ] --END-- [ RunTime:0.001992s ]

[ 2015-08-02T10:07:33+08:00 ] ::1 /
INFO: [ app_init ] --START--
INFO: Run Behavior\BuildLiteBehavior [ RunTime:0.000029s ]
INFO: [ app_init ] --END-- [ RunTime:0.000612s ]
INFO: [ app_begin ] --START--
INFO: Run Behavior\ReadHtmlCacheBehavior [ RunTime:0.000716s ]
INFO: [ app_begin ] --END-- [ RunTime:0.000977s ]
SQL: SHOW COLUMNS FROM `article` [ RunTime:0.0030s ]
SQL: SHOW COLUMNS FROM `webinfo` [ RunTime:0.0021s ]
SQL: UPDATE `webinfo` SET `webview`=webview+1 WHERE ( id=0 ) [ RunTime:0.0003s ]
SQL: SELECT * FROM `webinfo`  [ RunTime:0.0002s ]
SQL: SELECT `title`,`label`,`id` FROM `article` ORDER BY pageview desc LIMIT 4   [ RunTime:0.0003s ]
SQL: SELECT COUNT(*) AS tp_count FROM `article` LIMIT 1   [ RunTime:0.0002s ]
SQL: SELECT * FROM `article` ORDER BY time desc LIMIT 0,5   [ RunTime:0.0005s ]
INFO: [ view_parse ] --START--
INFO: [ template_filter ] --START--
INFO: Run Behavior\ContentReplaceBehavior [ RunTime:0.000103s ]
INFO: [ template_filter ] --END-- [ RunTime:0.000269s ]
INFO: Run Behavior\ParseTemplateBehavior [ RunTime:0.017067s ]
INFO: [ view_parse ] --END-- [ RunTime:0.017295s ]
INFO: [ view_filter ] --START--
INFO: Run Behavior\WriteHtmlCacheBehavior [ RunTime:0.000478s ]
INFO: [ view_filter ] --END-- [ RunTime:0.000592s ]
INFO: [ app_end ] --START--
INFO: Run Behavior\ShowPageTraceBehavior [ RunTime:0.001205s ]
INFO: [ app_end ] --END-- [ RunTime:0.001437s ]

[ 2015-08-02T10:07:39+08:00 ] ::1 /Index/index/p/2
INFO: [ app_init ] --START--
INFO: Run Behavior\BuildLiteBehavior [ RunTime:0.000032s ]
INFO: [ app_init ] --END-- [ RunTime:0.000490s ]
INFO: [ app_begin ] --START--
INFO: Run Behavior\ReadHtmlCacheBehavior [ RunTime:0.000832s ]
INFO: [ app_begin ] --END-- [ RunTime:0.001105s ]
SQL: SHOW COLUMNS FROM `article` [ RunTime:0.0029s ]
SQL: SHOW COLUMNS FROM `webinfo` [ RunTime:0.0029s ]
SQL: UPDATE `webinfo` SET `webview`=webview+1 WHERE ( id=0 ) [ RunTime:0.0003s ]
SQL: SELECT * FROM `webinfo`  [ RunTime:0.0003s ]
SQL: SELECT `title`,`label`,`id` FROM `article` ORDER BY pageview desc LIMIT 4   [ RunTime:0.0003s ]
SQL: SELECT COUNT(*) AS tp_count FROM `article` LIMIT 1   [ RunTime:0.0002s ]
SQL: SELECT * FROM `article` ORDER BY time desc LIMIT 5,5   [ RunTime:0.0005s ]
INFO: [ view_parse ] --START--
INFO: [ template_filter ] --START--
INFO: Run Behavior\ContentReplaceBehavior [ RunTime:0.000096s ]
INFO: [ template_filter ] --END-- [ RunTime:0.000232s ]
INFO: Run Behavior\ParseTemplateBehavior [ RunTime:0.014834s ]
INFO: [ view_parse ] --END-- [ RunTime:0.015016s ]
INFO: [ view_filter ] --START--
INFO: Run Behavior\WriteHtmlCacheBehavior [ RunTime:0.000513s ]
INFO: [ view_filter ] --END-- [ RunTime:0.000682s ]
INFO: [ app_end ] --START--
INFO: Run Behavior\ShowPageTraceBehavior [ RunTime:0.000846s ]
INFO: [ app_end ] --END-- [ RunTime:0.001058s ]

[ 2015-08-02T10:07:42+08:00 ] ::1 /Index/index/p/1
INFO: [ app_init ] --START--
INFO: Run Behavior\BuildLiteBehavior [ RunTime:0.000039s ]
INFO: [ app_init ] --END-- [ RunTime:0.000459s ]
INFO: [ app_begin ] --START--
INFO: Run Behavior\ReadHtmlCacheBehavior [ RunTime:0.000626s ]
INFO: [ app_begin ] --END-- [ RunTime:0.000831s ]
SQL: SHOW COLUMNS FROM `article` [ RunTime:0.0157s ]
SQL: SHOW COLUMNS FROM `webinfo` [ RunTime:0.0021s ]
SQL: UPDATE `webinfo` SET `webview`=webview+1 WHERE ( id=0 ) [ RunTime:0.0003s ]
SQL: SELECT * FROM `webinfo`  [ RunTime:0.0003s ]
SQL: SELECT `title`,`label`,`id` FROM `article` ORDER BY pageview desc LIMIT 4   [ RunTime:0.0007s ]
SQL: SELECT COUNT(*) AS tp_count FROM `article` LIMIT 1   [ RunTime:0.0003s ]
SQL: SELECT * FROM `article` ORDER BY time desc LIMIT 0,5   [ RunTime:0.0005s ]
INFO: [ view_parse ] --START--
INFO: [ template_filter ] --START--
INFO: Run Behavior\ContentReplaceBehavior [ RunTime:0.000108s ]
INFO: [ template_filter ] --END-- [ RunTime:0.000266s ]
INFO: Run Behavior\ParseTemplateBehavior [ RunTime:0.016786s ]
INFO: [ view_parse ] --END-- [ RunTime:0.016977s ]
INFO: [ view_filter ] --START--
INFO: Run Behavior\WriteHtmlCacheBehavior [ RunTime:0.000511s ]
INFO: [ view_filter ] --END-- [ RunTime:0.000665s ]
INFO: [ app_end ] --START--
INFO: Run Behavior\ShowPageTraceBehavior [ RunTime:0.000701s ]
INFO: [ app_end ] --END-- [ RunTime:0.000846s ]

[ 2015-08-02T10:09:04+08:00 ] ::1 /Index/index/p/1
INFO: [ app_init ] --START--
INFO: Run Behavior\BuildLiteBehavior [ RunTime:0.000032s ]
INFO: [ app_init ] --END-- [ RunTime:0.000561s ]
INFO: [ app_begin ] --START--
INFO: Run Behavior\ReadHtmlCacheBehavior [ RunTime:0.000780s ]
INFO: [ app_begin ] --END-- [ RunTime:0.001017s ]
SQL: SHOW COLUMNS FROM `article` [ RunTime:0.0026s ]
SQL: SHOW COLUMNS FROM `webinfo` [ RunTime:0.0024s ]
SQL: UPDATE `webinfo` SET `webview`=webview+1 WHERE ( id=0 ) [ RunTime:0.0004s ]
SQL: SELECT * FROM `webinfo`  [ RunTime:0.0003s ]
SQL: SELECT `title`,`label`,`id` FROM `article` ORDER BY pageview desc LIMIT 4   [ RunTime:0.0003s ]
SQL: SELECT COUNT(*) AS tp_count FROM `article` LIMIT 1   [ RunTime:0.0002s ]
SQL: SELECT * FROM `article` ORDER BY time desc LIMIT 0,5   [ RunTime:0.0005s ]
INFO: [ view_parse ] --START--
INFO: [ template_filter ] --START--
INFO: Run Behavior\ContentReplaceBehavior [ RunTime:0.000107s ]
INFO: [ template_filter ] --END-- [ RunTime:0.000275s ]
INFO: Run Behavior\ParseTemplateBehavior [ RunTime:0.017974s ]
INFO: [ view_parse ] --END-- [ RunTime:0.018177s ]
INFO: [ view_filter ] --START--
INFO: Run Behavior\WriteHtmlCacheBehavior [ RunTime:0.000526s ]
INFO: [ view_filter ] --END-- [ RunTime:0.000706s ]
INFO: [ app_end ] --START--
INFO: Run Behavior\ShowPageTraceBehavior [ RunTime:0.001009s ]
INFO: [ app_end ] --END-- [ RunTime:0.001235s ]

[ 2015-08-02T10:09:18+08:00 ] ::1 /Index/index/p/1
INFO: [ app_init ] --START--
INFO: Run Behavior\BuildLiteBehavior [ RunTime:0.000030s ]
INFO: [ app_init ] --END-- [ RunTime:0.000672s ]
INFO: [ app_begin ] --START--
INFO: Run Behavior\ReadHtmlCacheBehavior [ RunTime:0.000758s ]
INFO: [ app_begin ] --END-- [ RunTime:0.000952s ]
SQL: SHOW COLUMNS FROM `article` [ RunTime:0.0028s ]
SQL: SHOW COLUMNS FROM `webinfo` [ RunTime:0.0034s ]
SQL: UPDATE `webinfo` SET `webview`=webview+1 WHERE ( id=0 ) [ RunTime:0.0003s ]
SQL: SELECT * FROM `webinfo`  [ RunTime:0.0002s ]
SQL: SELECT `title`,`label`,`id` FROM `article` ORDER BY pageview desc LIMIT 4   [ RunTime:0.0003s ]
SQL: SELECT COUNT(*) AS tp_count FROM `article` LIMIT 1   [ RunTime:0.0002s ]
SQL: SELECT * FROM `article` ORDER BY time desc LIMIT 0,5   [ RunTime:0.0004s ]
INFO: [ view_parse ] --START--
INFO: [ template_filter ] --START--
INFO: Run Behavior\ContentReplaceBehavior [ RunTime:0.000093s ]
INFO: [ template_filter ] --END-- [ RunTime:0.000224s ]
INFO: Run Behavior\ParseTemplateBehavior [ RunTime:0.014964s ]
INFO: [ view_parse ] --END-- [ RunTime:0.015092s ]
INFO: [ view_filter ] --START--
INFO: Run Behavior\WriteHtmlCacheBehavior [ RunTime:0.000362s ]
INFO: [ view_filter ] --END-- [ RunTime:0.000488s ]
INFO: [ app_end ] --START--
INFO: Run Behavior\ShowPageTraceBehavior [ RunTime:0.000636s ]
INFO: [ app_end ] --END-- [ RunTime:0.000824s ]

[ 2015-08-02T10:09:34+08:00 ] ::1 /article/electronic/16
INFO: [ app_init ] --START--
INFO: Run Behavior\BuildLiteBehavior [ RunTime:0.000028s ]
INFO: [ app_init ] --END-- [ RunTime:0.000455s ]
INFO: [ app_begin ] --START--
INFO: Run Behavior\ReadHtmlCacheBehavior [ RunTime:0.000668s ]
INFO: [ app_begin ] --END-- [ RunTime:0.000849s ]
SQL: SHOW COLUMNS FROM `article` [ RunTime:0.0264s ]
SQL: UPDATE `article` SET `pageview`=pageview+1 WHERE ( id=16 ) [ RunTime:0.0003s ]
SQL: SHOW COLUMNS FROM `webinfo` [ RunTime:0.0025s ]
SQL: SELECT * FROM `webinfo`  [ RunTime:0.0002s ]
SQL: SELECT * FROM `article` WHERE ( id=16 )  [ RunTime:0.0003s ]
SQL: SELECT `id`,`label`,`title` FROM `article` WHERE ( label=10 ) LIMIT 4   [ RunTime:0.0088s ]
SQL: SELECT `title`,`label`,`id` FROM `article` ORDER BY pageview desc LIMIT 4   [ RunTime:0.0003s ]
SQL: SHOW COLUMNS FROM `comment` [ RunTime:0.0025s ]
SQL: SELECT * FROM `comment` WHERE ( aid=16 ) ORDER BY time desc  [ RunTime:0.1187s ]
INFO: [ view_parse ] --START--
INFO: [ template_filter ] --START--
INFO: Run Behavior\ContentReplaceBehavior [ RunTime:0.000154s ]
INFO: [ template_filter ] --END-- [ RunTime:0.000333s ]
NOTIC: [8] Use of undefined constant comment - assumed 'comment' E:\wamp\www\Application\Runtime\Cache\Home\2ac6c1276904b87404ed678dbabb985c.php 第 21 行.
NOTIC: [8] Use of undefined constant praise - assumed 'praise' E:\wamp\www\Application\Runtime\Cache\Home\2ac6c1276904b87404ed678dbabb985c.php 第 22 行.
INFO: Run Behavior\ParseTemplateBehavior [ RunTime:0.041007s ]
INFO: [ view_parse ] --END-- [ RunTime:0.041139s ]
INFO: [ view_filter ] --START--
INFO: Run Behavior\WriteHtmlCacheBehavior [ RunTime:0.000444s ]
INFO: [ view_filter ] --END-- [ RunTime:0.000583s ]
INFO: [ app_end ] --START--
INFO: Run Behavior\ShowPageTraceBehavior [ RunTime:0.000625s ]
INFO: [ app_end ] --END-- [ RunTime:0.000769s ]

[ 2015-08-02T10:09:42+08:00 ] ::1 /Index/index
INFO: [ app_init ] --START--
INFO: Run Behavior\BuildLiteBehavior [ RunTime:0.000033s ]
INFO: [ app_init ] --END-- [ RunTime:0.000484s ]
INFO: [ app_begin ] --START--
INFO: Run Behavior\ReadHtmlCacheBehavior [ RunTime:0.000830s ]
INFO: [ app_begin ] --END-- [ RunTime:0.001022s ]
SQL: SHOW COLUMNS FROM `article` [ RunTime:0.0030s ]
SQL: SHOW COLUMNS FROM `webinfo` [ RunTime:0.0025s ]
SQL: UPDATE `webinfo` SET `webview`=webview+1 WHERE ( id=0 ) [ RunTime:0.0002s ]
SQL: SELECT * FROM `webinfo`  [ RunTime:0.0002s ]
SQL: SELECT `title`,`label`,`id` FROM `article` ORDER BY pageview desc LIMIT 4   [ RunTime:0.0003s ]
SQL: SELECT COUNT(*) AS tp_count FROM `article` LIMIT 1   [ RunTime:0.0002s ]
SQL: SELECT * FROM `article` ORDER BY time desc LIMIT 0,5   [ RunTime:0.0004s ]
INFO: [ view_parse ] --START--
INFO: [ template_filter ] --START--
INFO: Run Behavior\ContentReplaceBehavior [ RunTime:0.000127s ]
INFO: [ template_filter ] --END-- [ RunTime:0.000361s ]
INFO: Run Behavior\ParseTemplateBehavior [ RunTime:0.016121s ]
INFO: [ view_parse ] --END-- [ RunTime:0.016287s ]
INFO: [ view_filter ] --START--
INFO: Run Behavior\WriteHtmlCacheBehavior [ RunTime:0.000392s ]
INFO: [ view_filter ] --END-- [ RunTime:0.000505s ]
INFO: [ app_end ] --START--
INFO: Run Behavior\ShowPageTraceBehavior [ RunTime:0.000942s ]
INFO: [ app_end ] --END-- [ RunTime:0.001174s ]

[ 2015-08-02T11:24:41+08:00 ] ::1 /article/electronic/16
INFO: [ app_init ] --START--
INFO: Run Behavior\BuildLiteBehavior [ RunTime:0.000043s ]
INFO: [ app_init ] --END-- [ RunTime:0.050817s ]
INFO: [ app_begin ] --START--
INFO: Run Behavior\ReadHtmlCacheBehavior [ RunTime:0.001098s ]
INFO: [ app_begin ] --END-- [ RunTime:0.001324s ]
SQL: SHOW COLUMNS FROM `article` [ RunTime:0.0027s ]
SQL: UPDATE `article` SET `pageview`=pageview+1 WHERE ( id=16 ) [ RunTime:0.0004s ]
SQL: SHOW COLUMNS FROM `webinfo` [ RunTime:0.0028s ]
SQL: SELECT * FROM `webinfo`  [ RunTime:0.0002s ]
SQL: SELECT * FROM `article` WHERE ( id=16 )  [ RunTime:0.0003s ]
SQL: SELECT `id`,`label`,`title` FROM `article` WHERE ( label=10 ) LIMIT 4   [ RunTime:0.0003s ]
SQL: SELECT `title`,`label`,`id` FROM `article` ORDER BY pageview desc LIMIT 4   [ RunTime:0.0002s ]
SQL: SHOW COLUMNS FROM `comment` [ RunTime:0.0022s ]
SQL: SELECT * FROM `comment` WHERE ( aid=16 ) ORDER BY time desc  [ RunTime:0.0003s ]
INFO: [ view_parse ] --START--
INFO: [ template_filter ] --START--
INFO: Run Behavior\ContentReplaceBehavior [ RunTime:0.000128s ]
INFO: [ template_filter ] --END-- [ RunTime:0.000289s ]
NOTIC: [8] Use of undefined constant comment - assumed 'comment' E:\wamp\www\Application\Runtime\Cache\Home\2ac6c1276904b87404ed678dbabb985c.php 第 21 行.
NOTIC: [8] Use of undefined constant praise - assumed 'praise' E:\wamp\www\Application\Runtime\Cache\Home\2ac6c1276904b87404ed678dbabb985c.php 第 22 行.
INFO: Run Behavior\ParseTemplateBehavior [ RunTime:0.255101s ]
INFO: [ view_parse ] --END-- [ RunTime:0.255309s ]
INFO: [ view_filter ] --START--
INFO: Run Behavior\WriteHtmlCacheBehavior [ RunTime:0.026669s ]
INFO: [ view_filter ] --END-- [ RunTime:0.026838s ]
INFO: [ app_end ] --START--
INFO: Run Behavior\ShowPageTraceBehavior [ RunTime:0.010727s ]
INFO: [ app_end ] --END-- [ RunTime:0.011006s ]

[ 2015-08-02T11:28:32+08:00 ] ::1 /article/electronic/16
INFO: [ app_init ] --START--
INFO: Run Behavior\BuildLiteBehavior [ RunTime:0.000031s ]
INFO: [ app_init ] --END-- [ RunTime:0.000625s ]
INFO: [ app_begin ] --START--
INFO: Run Behavior\ReadHtmlCacheBehavior [ RunTime:0.000703s ]
INFO: [ app_begin ] --END-- [ RunTime:0.000984s ]
SQL: SHOW COLUMNS FROM `article` [ RunTime:0.0032s ]
SQL: UPDATE `article` SET `pageview`=pageview+1 WHERE ( id=16 ) [ RunTime:0.0003s ]
SQL: SHOW COLUMNS FROM `webinfo` [ RunTime:0.0025s ]
SQL: SELECT * FROM `webinfo`  [ RunTime:0.0003s ]
SQL: SELECT * FROM `article` WHERE ( id=16 )  [ RunTime:0.0003s ]
SQL: SELECT `id`,`label`,`title` FROM `article` WHERE ( label=10 ) LIMIT 4   [ RunTime:0.0003s ]
SQL: SELECT `title`,`label`,`id` FROM `article` ORDER BY pageview desc LIMIT 4   [ RunTime:0.0003s ]
SQL: SHOW COLUMNS FROM `comment` [ RunTime:0.0041s ]
SQL: SELECT * FROM `comment` WHERE ( aid=16 ) ORDER BY time desc  [ RunTime:0.0003s ]
INFO: [ view_parse ] --START--
INFO: [ template_filter ] --START--
INFO: Run Behavior\ContentReplaceBehavior [ RunTime:0.000201s ]
INFO: [ template_filter ] --END-- [ RunTime:0.000412s ]
NOTIC: [8] Use of undefined constant comment - assumed 'comment' E:\wamp\www\Application\Runtime\Cache\Home\2ac6c1276904b87404ed678dbabb985c.php 第 21 行.
NOTIC: [8] Use of undefined constant praise - assumed 'praise' E:\wamp\www\Application\Runtime\Cache\Home\2ac6c1276904b87404ed678dbabb985c.php 第 22 行.
INFO: Run Behavior\ParseTemplateBehavior [ RunTime:0.021438s ]
INFO: [ view_parse ] --END-- [ RunTime:0.021669s ]
INFO: [ view_filter ] --START--
INFO: Run Behavior\WriteHtmlCacheBehavior [ RunTime:0.000482s ]
INFO: [ view_filter ] --END-- [ RunTime:0.000617s ]
INFO: [ app_end ] --START--
INFO: Run Behavior\ShowPageTraceBehavior [ RunTime:0.001011s ]
INFO: [ app_end ] --END-- [ RunTime:0.001320s ]

[ 2015-08-02T11:28:36+08:00 ] ::1 /Index/index
INFO: [ app_init ] --START--
INFO: Run Behavior\BuildLiteBehavior [ RunTime:0.000049s ]
INFO: [ app_init ] --END-- [ RunTime:0.000572s ]
INFO: [ app_begin ] --START--
INFO: Run Behavior\ReadHtmlCacheBehavior [ RunTime:0.000583s ]
INFO: [ app_begin ] --END-- [ RunTime:0.000743s ]
SQL: SHOW COLUMNS FROM `article` [ RunTime:0.0032s ]
SQL: SHOW COLUMNS FROM `webinfo` [ RunTime:0.0019s ]
SQL: UPDATE `webinfo` SET `webview`=webview+1 WHERE ( id=0 ) [ RunTime:0.0002s ]
SQL: SELECT * FROM `webinfo`  [ RunTime:0.0002s ]
SQL: SELECT `title`,`label`,`id` FROM `article` ORDER BY pageview desc LIMIT 4   [ RunTime:0.0003s ]
SQL: SELECT COUNT(*) AS tp_count FROM `article` LIMIT 1   [ RunTime:0.0002s ]
SQL: SELECT * FROM `article` ORDER BY time desc LIMIT 0,5   [ RunTime:0.0009s ]
INFO: [ view_parse ] --START--
INFO: [ template_filter ] --START--
INFO: Run Behavior\ContentReplaceBehavior [ RunTime:0.000197s ]
INFO: [ template_filter ] --END-- [ RunTime:0.000438s ]
INFO: Run Behavior\ParseTemplateBehavior [ RunTime:0.019649s ]
INFO: [ view_parse ] --END-- [ RunTime:0.019825s ]
INFO: [ view_filter ] --START--
INFO: Run Behavior\WriteHtmlCacheBehavior [ RunTime:0.000427s ]
INFO: [ view_filter ] --END-- [ RunTime:0.000540s ]
INFO: [ app_end ] --START--
INFO: Run Behavior\ShowPageTraceBehavior [ RunTime:0.000877s ]
INFO: [ app_end ] --END-- [ RunTime:0.001183s ]

[ 2015-08-02T11:30:43+08:00 ] ::1 /Index/index
INFO: [ app_init ] --START--
INFO: Run Behavior\BuildLiteBehavior [ RunTime:0.000045s ]
INFO: [ app_init ] --END-- [ RunTime:0.000682s ]
INFO: [ app_begin ] --START--
INFO: Run Behavior\ReadHtmlCacheBehavior [ RunTime:0.000831s ]
INFO: [ app_begin ] --END-- [ RunTime:0.001082s ]
SQL: SHOW COLUMNS FROM `article` [ RunTime:0.0033s ]
SQL: SHOW COLUMNS FROM `webinfo` [ RunTime:0.0040s ]
SQL: UPDATE `webinfo` SET `webview`=webview+1 WHERE ( id=0 ) [ RunTime:0.2126s ]
SQL: SELECT * FROM `webinfo`  [ RunTime:0.0003s ]
SQL: SELECT `title`,`label`,`id` FROM `article` ORDER BY pageview desc LIMIT 4   [ RunTime:0.0004s ]
SQL: SELECT COUNT(*) AS tp_count FROM `article` LIMIT 1   [ RunTime:0.0002s ]
SQL: SELECT * FROM `article` ORDER BY time desc LIMIT 0,5   [ RunTime:0.0008s ]
INFO: [ view_parse ] --START--
INFO: [ template_filter ] --START--
INFO: Run Behavior\ContentReplaceBehavior [ RunTime:0.000171s ]
INFO: [ template_filter ] --END-- [ RunTime:0.000423s ]
INFO: Run Behavior\ParseTemplateBehavior [ RunTime:0.020714s ]
INFO: [ view_parse ] --END-- [ RunTime:0.020952s ]
INFO: [ view_filter ] --START--
INFO: Run Behavior\WriteHtmlCacheBehavior [ RunTime:0.000657s ]
INFO: [ view_filter ] --END-- [ RunTime:0.000888s ]
INFO: [ app_end ] --START--
INFO: Run Behavior\ShowPageTraceBehavior [ RunTime:0.000950s ]
INFO: [ app_end ] --END-- [ RunTime:0.001184s ]

[ 2015-08-02T11:34:18+08:00 ] ::1 /Index/index
INFO: [ app_init ] --START--
INFO: Run Behavior\BuildLiteBehavior [ RunTime:0.000031s ]
INFO: [ app_init ] --END-- [ RunTime:0.000532s ]
INFO: [ app_begin ] --START--
INFO: Run Behavior\ReadHtmlCacheBehavior [ RunTime:0.000673s ]
INFO: [ app_begin ] --END-- [ RunTime:0.000872s ]
SQL: SHOW COLUMNS FROM `article` [ RunTime:0.0027s ]
SQL: SHOW COLUMNS FROM `webinfo` [ RunTime:0.0024s ]
SQL: UPDATE `webinfo` SET `webview`=webview+1 WHERE ( id=0 ) [ RunTime:0.0002s ]
SQL: SELECT * FROM `webinfo`  [ RunTime:0.0002s ]
SQL: SELECT `title`,`label`,`id` FROM `article` ORDER BY pageview desc LIMIT 4   [ RunTime:0.0003s ]
SQL: SELECT COUNT(*) AS tp_count FROM `article` LIMIT 1   [ RunTime:0.0002s ]
SQL: SELECT * FROM `article` ORDER BY time desc LIMIT 0,5   [ RunTime:0.0004s ]
INFO: [ view_parse ] --START--
INFO: [ template_filter ] --START--
INFO: Run Behavior\ContentReplaceBehavior [ RunTime:0.000115s ]
INFO: [ template_filter ] --END-- [ RunTime:0.000274s ]
INFO: Run Behavior\ParseTemplateBehavior [ RunTime:0.015721s ]
INFO: [ view_parse ] --END-- [ RunTime:0.015912s ]
INFO: [ view_filter ] --START--
INFO: Run Behavior\WriteHtmlCacheBehavior [ RunTime:0.000439s ]
INFO: [ view_filter ] --END-- [ RunTime:0.000576s ]
INFO: [ app_end ] --START--
INFO: Run Behavior\ShowPageTraceBehavior [ RunTime:0.000930s ]
INFO: [ app_end ] --END-- [ RunTime:0.001172s ]

[ 2015-08-02T11:34:54+08:00 ] ::1 /Index/index
INFO: [ app_init ] --START--
INFO: Run Behavior\BuildLiteBehavior [ RunTime:0.000033s ]
INFO: [ app_init ] --END-- [ RunTime:0.000549s ]
INFO: [ app_begin ] --START--
INFO: Run Behavior\ReadHtmlCacheBehavior [ RunTime:0.000728s ]
INFO: [ app_begin ] --END-- [ RunTime:0.000985s ]
SQL: SHOW COLUMNS FROM `article` [ RunTime:0.0038s ]
SQL: SHOW COLUMNS FROM `webinfo` [ RunTime:0.0031s ]
SQL: UPDATE `webinfo` SET `webview`=webview+1 WHERE ( id=0 ) [ RunTime:0.0002s ]
SQL: SELECT * FROM `webinfo`  [ RunTime:0.0002s ]
SQL: SELECT `title`,`label`,`id` FROM `article` ORDER BY pageview desc LIMIT 4   [ RunTime:0.0003s ]
SQL: SELECT COUNT(*) AS tp_count FROM `article` LIMIT 1   [ RunTime:0.0001s ]
SQL: SELECT * FROM `article` ORDER BY time desc LIMIT 0,5   [ RunTime:0.0006s ]
INFO: [ view_parse ] --START--
INFO: [ template_filter ] --START--
INFO: Run Behavior\ContentReplaceBehavior [ RunTime:0.000110s ]
INFO: [ template_filter ] --END-- [ RunTime:0.000273s ]
INFO: Run Behavior\ParseTemplateBehavior [ RunTime:0.019080s ]
INFO: [ view_parse ] --END-- [ RunTime:0.019319s ]
INFO: [ view_filter ] --START--
INFO: Run Behavior\WriteHtmlCacheBehavior [ RunTime:0.000432s ]
INFO: [ view_filter ] --END-- [ RunTime:0.000577s ]
INFO: [ app_end ] --START--
INFO: Run Behavior\ShowPageTraceBehavior [ RunTime:0.000722s ]
INFO: [ app_end ] --END-- [ RunTime:0.000930s ]

[ 2015-08-02T11:35:00+08:00 ] ::1 /Index/index
INFO: [ app_init ] --START--
INFO: Run Behavior\BuildLiteBehavior [ RunTime:0.000030s ]
INFO: [ app_init ] --END-- [ RunTime:0.000716s ]
INFO: [ app_begin ] --START--
INFO: Run Behavior\ReadHtmlCacheBehavior [ RunTime:0.000660s ]
INFO: [ app_begin ] --END-- [ RunTime:0.000888s ]
SQL: SHOW COLUMNS FROM `article` [ RunTime:0.0030s ]
SQL: SHOW COLUMNS FROM `webinfo` [ RunTime:0.0026s ]
SQL: UPDATE `webinfo` SET `webview`=webview+1 WHERE ( id=0 ) [ RunTime:0.0003s ]
SQL: SELECT * FROM `webinfo`  [ RunTime:0.0002s ]
SQL: SELECT `title`,`label`,`id` FROM `article` ORDER BY pageview desc LIMIT 4   [ RunTime:0.0003s ]
SQL: SELECT COUNT(*) AS tp_count FROM `article` LIMIT 1   [ RunTime:0.0002s ]
SQL: SELECT * FROM `article` ORDER BY time desc LIMIT 0,5   [ RunTime:0.0004s ]
INFO: [ view_parse ] --START--
INFO: [ template_filter ] --START--
INFO: Run Behavior\ContentReplaceBehavior [ RunTime:0.000151s ]
INFO: [ template_filter ] --END-- [ RunTime:0.000384s ]
INFO: Run Behavior\ParseTemplateBehavior [ RunTime:0.015414s ]
INFO: [ view_parse ] --END-- [ RunTime:0.015550s ]
INFO: [ view_filter ] --START--
INFO: Run Behavior\WriteHtmlCacheBehavior [ RunTime:0.000385s ]
INFO: [ view_filter ] --END-- [ RunTime:0.000497s ]
INFO: [ app_end ] --START--
INFO: Run Behavior\ShowPageTraceBehavior [ RunTime:0.000880s ]
INFO: [ app_end ] --END-- [ RunTime:0.001186s ]

[ 2015-08-02T11:35:16+08:00 ] ::1 /Index/index
INFO: [ app_init ] --START--
INFO: Run Behavior\BuildLiteBehavior [ RunTime:0.000035s ]
INFO: [ app_init ] --END-- [ RunTime:0.000703s ]
INFO: [ app_begin ] --START--
INFO: Run Behavior\ReadHtmlCacheBehavior [ RunTime:0.001069s ]
INFO: [ app_begin ] --END-- [ RunTime:0.001349s ]
SQL: SHOW COLUMNS FROM `article` [ RunTime:0.0023s ]
SQL: SHOW COLUMNS FROM `webinfo` [ RunTime:0.0028s ]
SQL: UPDATE `webinfo` SET `webview`=webview+1 WHERE ( id=0 ) [ RunTime:0.0003s ]
SQL: SELECT * FROM `webinfo`  [ RunTime:0.0003s ]
SQL: SELECT `title`,`label`,`id` FROM `article` ORDER BY pageview desc LIMIT 4   [ RunTime:0.0003s ]
SQL: SELECT COUNT(*) AS tp_count FROM `article` LIMIT 1   [ RunTime:0.0002s ]
SQL: SELECT * FROM `article` ORDER BY time desc LIMIT 0,5   [ RunTime:0.0005s ]
INFO: [ view_parse ] --START--
INFO: [ template_filter ] --START--
INFO: Run Behavior\ContentReplaceBehavior [ RunTime:0.000105s ]
INFO: [ template_filter ] --END-- [ RunTime:0.000254s ]
INFO: Run Behavior\ParseTemplateBehavior [ RunTime:0.016816s ]
INFO: [ view_parse ] --END-- [ RunTime:0.017053s ]
INFO: [ view_filter ] --START--
INFO: Run Behavior\WriteHtmlCacheBehavior [ RunTime:0.000740s ]
INFO: [ view_filter ] --END-- [ RunTime:0.000981s ]
INFO: [ app_end ] --START--
INFO: Run Behavior\ShowPageTraceBehavior [ RunTime:0.000744s ]
INFO: [ app_end ] --END-- [ RunTime:0.000963s ]

[ 2015-08-02T11:35:25+08:00 ] ::1 /
INFO: [ app_init ] --START--
INFO: Run Behavior\BuildLiteBehavior [ RunTime:0.000032s ]
INFO: [ app_init ] --END-- [ RunTime:0.000600s ]
INFO: [ app_begin ] --START--
INFO: Run Behavior\ReadHtmlCacheBehavior [ RunTime:0.000690s ]
INFO: [ app_begin ] --END-- [ RunTime:0.000878s ]
SQL: SHOW COLUMNS FROM `article` [ RunTime:0.0025s ]
SQL: SHOW COLUMNS FROM `webinfo` [ RunTime:0.0017s ]
SQL: UPDATE `webinfo` SET `webview`=webview+1 WHERE ( id=0 ) [ RunTime:0.0003s ]
SQL: SELECT * FROM `webinfo`  [ RunTime:0.0002s ]
SQL: SELECT `title`,`label`,`id` FROM `article` ORDER BY pageview desc LIMIT 4   [ RunTime:0.0003s ]
SQL: SELECT COUNT(*) AS tp_count FROM `article` LIMIT 1   [ RunTime:0.0002s ]
SQL: SELECT * FROM `article` ORDER BY time desc LIMIT 0,5   [ RunTime:0.0003s ]
INFO: [ view_parse ] --START--
INFO: [ template_filter ] --START--
INFO: Run Behavior\ContentReplaceBehavior [ RunTime:0.000092s ]
INFO: [ template_filter ] --END-- [ RunTime:0.000222s ]
INFO: Run Behavior\ParseTemplateBehavior [ RunTime:0.013217s ]
INFO: [ view_parse ] --END-- [ RunTime:0.013343s ]
INFO: [ view_filter ] --START--
INFO: Run Behavior\WriteHtmlCacheBehavior [ RunTime:0.000364s ]
INFO: [ view_filter ] --END-- [ RunTime:0.000493s ]
INFO: [ app_end ] --START--
INFO: Run Behavior\ShowPageTraceBehavior [ RunTime:0.000638s ]
INFO: [ app_end ] --END-- [ RunTime:0.000797s ]

[ 2015-08-02T11:35:41+08:00 ] ::1 /
INFO: [ app_init ] --START--
INFO: Run Behavior\BuildLiteBehavior [ RunTime:0.000033s ]
INFO: [ app_init ] --END-- [ RunTime:0.000562s ]
INFO: [ app_begin ] --START--
INFO: Run Behavior\ReadHtmlCacheBehavior [ RunTime:0.000668s ]
INFO: [ app_begin ] --END-- [ RunTime:0.000867s ]
SQL: SHOW COLUMNS FROM `article` [ RunTime:0.0034s ]
SQL: SHOW COLUMNS FROM `webinfo` [ RunTime:0.0028s ]
SQL: UPDATE `webinfo` SET `webview`=webview+1 WHERE ( id=0 ) [ RunTime:0.0003s ]
SQL: SELECT * FROM `webinfo`  [ RunTime:0.0003s ]
SQL: SELECT `title`,`label`,`id` FROM `article` ORDER BY pageview desc LIMIT 4   [ RunTime:0.0004s ]
SQL: SELECT COUNT(*) AS tp_count FROM `article` LIMIT 1   [ RunTime:0.0002s ]
SQL: SELECT * FROM `article` ORDER BY time desc LIMIT 0,5   [ RunTime:0.0005s ]
INFO: [ view_parse ] --START--
INFO: [ template_filter ] --START--
INFO: Run Behavior\ContentReplaceBehavior [ RunTime:0.000174s ]
INFO: [ template_filter ] --END-- [ RunTime:0.000450s ]
INFO: Run Behavior\ParseTemplateBehavior [ RunTime:0.015930s ]
INFO: [ view_parse ] --END-- [ RunTime:0.016122s ]
INFO: [ view_filter ] --START--
INFO: Run Behavior\WriteHtmlCacheBehavior [ RunTime:0.000488s ]
INFO: [ view_filter ] --END-- [ RunTime:0.000629s ]
INFO: [ app_end ] --START--
INFO: Run Behavior\ShowPageTraceBehavior [ RunTime:0.000766s ]
INFO: [ app_end ] --END-- [ RunTime:0.000986s ]

[ 2015-08-02T12:20:03+08:00 ] ::1 /
INFO: [ app_init ] --START--
INFO: Run Behavior\BuildLiteBehavior [ RunTime:0.000028s ]
INFO: [ app_init ] --END-- [ RunTime:0.000626s ]
INFO: [ app_begin ] --START--
INFO: Run Behavior\ReadHtmlCacheBehavior [ RunTime:0.000696s ]
INFO: [ app_begin ] --END-- [ RunTime:0.000881s ]
SQL: SHOW COLUMNS FROM `article` [ RunTime:0.0025s ]
SQL: SHOW COLUMNS FROM `webinfo` [ RunTime:0.0023s ]
SQL: UPDATE `webinfo` SET `webview`=webview+1 WHERE ( id=0 ) [ RunTime:0.0003s ]
SQL: SELECT * FROM `webinfo`  [ RunTime:0.0002s ]
SQL: SELECT `title`,`label`,`id` FROM `article` ORDER BY pageview desc LIMIT 4   [ RunTime:0.0003s ]
SQL: SELECT COUNT(*) AS tp_count FROM `article` LIMIT 1   [ RunTime:0.0002s ]
SQL: SELECT * FROM `article` ORDER BY time desc LIMIT 0,5   [ RunTime:0.0004s ]
INFO: [ view_parse ] --START--
INFO: [ template_filter ] --START--
INFO: Run Behavior\ContentReplaceBehavior [ RunTime:0.000111s ]
INFO: [ template_filter ] --END-- [ RunTime:0.000243s ]
INFO: Run Behavior\ParseTemplateBehavior [ RunTime:0.014109s ]
INFO: [ view_parse ] --END-- [ RunTime:0.014240s ]
INFO: [ view_filter ] --START--
INFO: Run Behavior\WriteHtmlCacheBehavior [ RunTime:0.000398s ]
INFO: [ view_filter ] --END-- [ RunTime:0.000522s ]
INFO: [ app_end ] --START--
INFO: Run Behavior\ShowPageTraceBehavior [ RunTime:0.000697s ]
INFO: [ app_end ] --END-- [ RunTime:0.000843s ]

[ 2015-08-02T12:20:09+08:00 ] ::1 /article/electronic/16
INFO: [ app_init ] --START--
INFO: Run Behavior\BuildLiteBehavior [ RunTime:0.000030s ]
INFO: [ app_init ] --END-- [ RunTime:0.000489s ]
INFO: [ app_begin ] --START--
INFO: Run Behavior\ReadHtmlCacheBehavior [ RunTime:0.000591s ]
INFO: [ app_begin ] --END-- [ RunTime:0.000748s ]
SQL: SHOW COLUMNS FROM `article` [ RunTime:0.0021s ]
SQL: UPDATE `article` SET `pageview`=pageview+1 WHERE ( id=16 ) [ RunTime:0.0003s ]
SQL: SHOW COLUMNS FROM `webinfo` [ RunTime:0.0025s ]
SQL: SELECT * FROM `webinfo`  [ RunTime:0.0003s ]
SQL: SELECT * FROM `article` WHERE ( id=16 )  [ RunTime:0.0003s ]
SQL: SELECT `id`,`label`,`title` FROM `article` WHERE ( label=10 ) LIMIT 4   [ RunTime:0.0002s ]
SQL: SELECT `title`,`label`,`id` FROM `article` ORDER BY pageview desc LIMIT 4   [ RunTime:0.0002s ]
SQL: SHOW COLUMNS FROM `comment` [ RunTime:0.0027s ]
SQL: SELECT * FROM `comment` WHERE ( aid=16 ) ORDER BY time desc  [ RunTime:0.0003s ]
INFO: [ view_parse ] --START--
INFO: [ template_filter ] --START--
INFO: Run Behavior\ContentReplaceBehavior [ RunTime:0.000104s ]
INFO: [ template_filter ] --END-- [ RunTime:0.000264s ]
NOTIC: [8] Use of undefined constant comment - assumed 'comment' E:\wamp\www\Application\Runtime\Cache\Home\2ac6c1276904b87404ed678dbabb985c.php 第 21 行.
NOTIC: [8] Use of undefined constant praise - assumed 'praise' E:\wamp\www\Application\Runtime\Cache\Home\2ac6c1276904b87404ed678dbabb985c.php 第 22 行.
INFO: Run Behavior\ParseTemplateBehavior [ RunTime:0.015252s ]
INFO: [ view_parse ] --END-- [ RunTime:0.015398s ]
INFO: [ view_filter ] --START--
INFO: Run Behavior\WriteHtmlCacheBehavior [ RunTime:0.000402s ]
INFO: [ view_filter ] --END-- [ RunTime:0.000529s ]
INFO: [ app_end ] --START--
INFO: Run Behavior\ShowPageTraceBehavior [ RunTime:0.000889s ]
INFO: [ app_end ] --END-- [ RunTime:0.001117s ]

[ 2015-08-02T13:02:13+08:00 ] ::1 /
INFO: [ app_init ] --START--
INFO: Run Behavior\BuildLiteBehavior [ RunTime:0.000029s ]
INFO: [ app_init ] --END-- [ RunTime:0.026685s ]
INFO: [ app_begin ] --START--
INFO: Run Behavior\ReadHtmlCacheBehavior [ RunTime:0.013987s ]
INFO: [ app_begin ] --END-- [ RunTime:0.014172s ]
SQL: SHOW COLUMNS FROM `article` [ RunTime:0.0821s ]
SQL: SHOW COLUMNS FROM `webinfo` [ RunTime:0.0178s ]
SQL: UPDATE `webinfo` SET `webview`=webview+1 WHERE ( id=0 ) [ RunTime:0.0611s ]
SQL: SELECT * FROM `webinfo`  [ RunTime:0.0006s ]
SQL: SELECT `title`,`label`,`id` FROM `article` ORDER BY pageview desc LIMIT 4   [ RunTime:0.0156s ]
SQL: SELECT COUNT(*) AS tp_count FROM `article` LIMIT 1   [ RunTime:0.0131s ]
SQL: SELECT * FROM `article` ORDER BY time desc LIMIT 0,5   [ RunTime:0.0005s ]
INFO: [ view_parse ] --START--
INFO: [ template_filter ] --START--
INFO: Run Behavior\ContentReplaceBehavior [ RunTime:0.000094s ]
INFO: [ template_filter ] --END-- [ RunTime:0.000228s ]
INFO: Run Behavior\ParseTemplateBehavior [ RunTime:0.068144s ]
INFO: [ view_parse ] --END-- [ RunTime:0.068307s ]
INFO: [ view_filter ] --START--
INFO: Run Behavior\WriteHtmlCacheBehavior [ RunTime:0.005059s ]
INFO: [ view_filter ] --END-- [ RunTime:0.005190s ]
INFO: [ app_end ] --START--
INFO: Run Behavior\ShowPageTraceBehavior [ RunTime:0.015062s ]
INFO: [ app_end ] --END-- [ RunTime:0.015275s ]

[ 2015-08-02T17:31:58+08:00 ] ::1 /
INFO: [ app_init ] --START--
INFO: Run Behavior\BuildLiteBehavior [ RunTime:0.000027s ]
INFO: [ app_init ] --END-- [ RunTime:0.000432s ]
INFO: [ app_begin ] --START--
INFO: Run Behavior\ReadHtmlCacheBehavior [ RunTime:0.000633s ]
INFO: [ app_begin ] --END-- [ RunTime:0.000806s ]
SQL: SHOW COLUMNS FROM `article` [ RunTime:0.0919s ]
SQL: SHOW COLUMNS FROM `webinfo` [ RunTime:0.0229s ]
SQL: UPDATE `webinfo` SET `webview`=webview+1 WHERE ( id=0 ) [ RunTime:0.0450s ]
SQL: SELECT * FROM `webinfo`  [ RunTime:0.0003s ]
SQL: SELECT `title`,`label`,`id` FROM `article` ORDER BY pageview desc LIMIT 4   [ RunTime:0.0290s ]
SQL: SELECT COUNT(*) AS tp_count FROM `article` LIMIT 1   [ RunTime:0.0158s ]
SQL: SELECT * FROM `article` ORDER BY time desc LIMIT 0,5   [ RunTime:0.0005s ]
INFO: [ view_parse ] --START--
INFO: [ template_filter ] --START--
INFO: Run Behavior\ContentReplaceBehavior [ RunTime:0.000091s ]
INFO: [ template_filter ] --END-- [ RunTime:0.000220s ]
INFO: Run Behavior\ParseTemplateBehavior [ RunTime:0.086401s ]
INFO: [ view_parse ] --END-- [ RunTime:0.086582s ]
INFO: [ view_filter ] --START--
INFO: Run Behavior\WriteHtmlCacheBehavior [ RunTime:0.000316s ]
INFO: [ view_filter ] --END-- [ RunTime:0.000443s ]
INFO: [ app_end ] --START--
INFO: Run Behavior\ShowPageTraceBehavior [ RunTime:0.000810s ]
INFO: [ app_end ] --END-- [ RunTime:0.001699s ]

[ 2015-08-02T17:32:04+08:00 ] ::1 /article/clang/11
INFO: [ app_init ] --START--
INFO: Run Behavior\BuildLiteBehavior [ RunTime:0.000031s ]
INFO: [ app_init ] --END-- [ RunTime:0.000500s ]
INFO: [ app_begin ] --START--
INFO: Run Behavior\ReadHtmlCacheBehavior [ RunTime:0.000815s ]
INFO: [ app_begin ] --END-- [ RunTime:0.001027s ]
SQL: SHOW COLUMNS FROM `article` [ RunTime:0.0185s ]
SQL: UPDATE `article` SET `pageview`=pageview+1 WHERE ( id=11 ) [ RunTime:0.0251s ]
SQL: SHOW COLUMNS FROM `webinfo` [ RunTime:0.0024s ]
SQL: SELECT * FROM `webinfo`  [ RunTime:0.0003s ]
SQL: SELECT * FROM `article` WHERE ( id=11 )  [ RunTime:0.0144s ]
SQL: SELECT `id`,`label`,`title` FROM `article` WHERE ( label=4 ) LIMIT 4   [ RunTime:0.0008s ]
SQL: SELECT `title`,`label`,`id` FROM `article` ORDER BY pageview desc LIMIT 4   [ RunTime:0.0003s ]
SQL: SHOW COLUMNS FROM `comment` [ RunTime:0.0368s ]
SQL: SELECT * FROM `comment` WHERE ( aid=11 ) ORDER BY time desc  [ RunTime:0.0007s ]
INFO: [ view_parse ] --START--
INFO: [ template_filter ] --START--
INFO: Run Behavior\ContentReplaceBehavior [ RunTime:0.000103s ]
INFO: [ template_filter ] --END-- [ RunTime:0.000271s ]
NOTIC: [8] Use of undefined constant comment - assumed 'comment' E:\wamp\www\Application\Runtime\Cache\Home\2ac6c1276904b87404ed678dbabb985c.php 第 21 行.
NOTIC: [8] Use of undefined constant praise - assumed 'praise' E:\wamp\www\Application\Runtime\Cache\Home\2ac6c1276904b87404ed678dbabb985c.php 第 22 行.
INFO: Run Behavior\ParseTemplateBehavior [ RunTime:0.036669s ]
INFO: [ view_parse ] --END-- [ RunTime:0.036834s ]
INFO: [ view_filter ] --START--
INFO: Run Behavior\WriteHtmlCacheBehavior [ RunTime:0.000301s ]
INFO: [ view_filter ] --END-- [ RunTime:0.000413s ]
INFO: [ app_end ] --START--
INFO: Run Behavior\ShowPageTraceBehavior [ RunTime:0.000574s ]
INFO: [ app_end ] --END-- [ RunTime:0.000734s ]

[ 2015-08-02T17:32:05+08:00 ] ::1 /favicon.ico
INFO: [ app_init ] --START--
INFO: Run Behavior\BuildLiteBehavior [ RunTime:0.000037s ]
INFO: [ app_init ] --END-- [ RunTime:0.000497s ]

[ 2015-08-02T17:32:05+08:00 ] ::1 /favicon.ico
INFO: [ app_init ] --START--
INFO: Run Behavior\BuildLiteBehavior [ RunTime:0.000035s ]
INFO: [ app_init ] --END-- [ RunTime:0.000469s ]

[ 2015-08-02T17:32:07+08:00 ] ::1 /article/clang/7
INFO: [ app_init ] --START--
INFO: Run Behavior\BuildLiteBehavior [ RunTime:0.000031s ]
INFO: [ app_init ] --END-- [ RunTime:0.000482s ]
INFO: [ app_begin ] --START--
INFO: Run Behavior\ReadHtmlCacheBehavior [ RunTime:0.000847s ]
INFO: [ app_begin ] --END-- [ RunTime:0.001165s ]
SQL: SHOW COLUMNS FROM `article` [ RunTime:0.0033s ]
SQL: UPDATE `article` SET `pageview`=pageview+1 WHERE ( id=7 ) [ RunTime:0.0005s ]
SQL: SHOW COLUMNS FROM `webinfo` [ RunTime:0.0022s ]
SQL: SELECT * FROM `webinfo`  [ RunTime:0.0002s ]
SQL: SELECT * FROM `article` WHERE ( id=7 )  [ RunTime:0.0004s ]
SQL: SELECT `id`,`label`,`title` FROM `article` WHERE ( label=4 ) LIMIT 4   [ RunTime:0.0005s ]
SQL: SELECT `title`,`label`,`id` FROM `article` ORDER BY pageview desc LIMIT 4   [ RunTime:0.0005s ]
SQL: SHOW COLUMNS FROM `comment` [ RunTime:0.0020s ]
SQL: SELECT * FROM `comment` WHERE ( aid=7 ) ORDER BY time desc  [ RunTime:0.0008s ]
INFO: [ view_parse ] --START--
INFO: [ template_filter ] --START--
INFO: Run Behavior\ContentReplaceBehavior [ RunTime:0.000143s ]
INFO: [ template_filter ] --END-- [ RunTime:0.000311s ]
NOTIC: [8] Use of undefined constant comment - assumed 'comment' E:\wamp\www\Application\Runtime\Cache\Home\2ac6c1276904b87404ed678dbabb985c.php 第 21 行.
NOTIC: [8] Use of undefined constant praise - assumed 'praise' E:\wamp\www\Application\Runtime\Cache\Home\2ac6c1276904b87404ed678dbabb985c.php 第 22 行.
INFO: Run Behavior\ParseTemplateBehavior [ RunTime:0.017628s ]
INFO: [ view_parse ] --END-- [ RunTime:0.017872s ]
INFO: [ view_filter ] --START--
INFO: Run Behavior\WriteHtmlCacheBehavior [ RunTime:0.000349s ]
INFO: [ view_filter ] --END-- [ RunTime:0.000522s ]
INFO: [ app_end ] --START--
INFO: Run Behavior\ShowPageTraceBehavior [ RunTime:0.000744s ]
INFO: [ app_end ] --END-- [ RunTime:0.001003s ]

[ 2015-08-02T17:32:58+08:00 ] ::1 /article/clang/7
INFO: [ app_init ] --START--
INFO: Run Behavior\BuildLiteBehavior [ RunTime:0.000048s ]
INFO: [ app_init ] --END-- [ RunTime:0.000716s ]
INFO: [ app_begin ] --START--
INFO: Run Behavior\ReadHtmlCacheBehavior [ RunTime:0.000846s ]
INFO: [ app_begin ] --END-- [ RunTime:0.001098s ]
SQL: SHOW COLUMNS FROM `article` [ RunTime:0.0025s ]
SQL: UPDATE `article` SET `pageview`=pageview+1 WHERE ( id=7 ) [ RunTime:0.0003s ]
SQL: SHOW COLUMNS FROM `webinfo` [ RunTime:0.0028s ]
SQL: SELECT * FROM `webinfo`  [ RunTime:0.0003s ]
SQL: SELECT * FROM `article` WHERE ( id=7 )  [ RunTime:0.0003s ]
SQL: SELECT `id`,`label`,`title` FROM `article` WHERE ( label=4 ) LIMIT 4   [ RunTime:0.0003s ]
SQL: SELECT `title`,`label`,`id` FROM `article` ORDER BY pageview desc LIMIT 4   [ RunTime:0.0003s ]
SQL: SHOW COLUMNS FROM `comment` [ RunTime:0.0021s ]
SQL: SELECT * FROM `comment` WHERE ( aid=7 ) ORDER BY time desc  [ RunTime:0.0004s ]
INFO: [ view_parse ] --START--
INFO: [ template_filter ] --START--
INFO: Run Behavior\ContentReplaceBehavior [ RunTime:0.000125s ]
INFO: [ template_filter ] --END-- [ RunTime:0.000292s ]
NOTIC: [8] Use of undefined constant comment - assumed 'comment' E:\wamp\www\Application\Runtime\Cache\Home\2ac6c1276904b87404ed678dbabb985c.php 第 21 行.
NOTIC: [8] Use of undefined constant praise - assumed 'praise' E:\wamp\www\Application\Runtime\Cache\Home\2ac6c1276904b87404ed678dbabb985c.php 第 22 行.
INFO: Run Behavior\ParseTemplateBehavior [ RunTime:0.016625s ]
INFO: [ view_parse ] --END-- [ RunTime:0.016779s ]
INFO: [ view_filter ] --START--
INFO: Run Behavior\WriteHtmlCacheBehavior [ RunTime:0.000320s ]
INFO: [ view_filter ] --END-- [ RunTime:0.000447s ]
INFO: [ app_end ] --START--
INFO: Run Behavior\ShowPageTraceBehavior [ RunTime:0.000742s ]
INFO: [ app_end ] --END-- [ RunTime:0.000974s ]

[ 2015-08-02T17:33:01+08:00 ] ::1 /article/clang/7
INFO: [ app_init ] --START--
INFO: Run Behavior\BuildLiteBehavior [ RunTime:0.000027s ]
INFO: [ app_init ] --END-- [ RunTime:0.000486s ]
INFO: [ app_begin ] --START--
INFO: Run Behavior\ReadHtmlCacheBehavior [ RunTime:0.000416s ]
INFO: [ app_begin ] --END-- [ RunTime:0.000547s ]
SQL: SHOW COLUMNS FROM `article` [ RunTime:0.0624s ]
SQL: UPDATE `article` SET `pageview`=pageview+1 WHERE ( id=7 ) [ RunTime:0.0003s ]
SQL: SHOW COLUMNS FROM `webinfo` [ RunTime:0.0018s ]
SQL: SELECT * FROM `webinfo`  [ RunTime:0.0002s ]
SQL: SELECT * FROM `article` WHERE ( id=7 )  [ RunTime:0.0003s ]
SQL: SELECT `id`,`label`,`title` FROM `article` WHERE ( label=4 ) LIMIT 4   [ RunTime:0.0003s ]
SQL: SELECT `title`,`label`,`id` FROM `article` ORDER BY pageview desc LIMIT 4   [ RunTime:0.0002s ]
SQL: SHOW COLUMNS FROM `comment` [ RunTime:0.0020s ]
SQL: SELECT * FROM `comment` WHERE ( aid=7 ) ORDER BY time desc  [ RunTime:0.0003s ]
INFO: [ view_parse ] --START--
INFO: [ template_filter ] --START--
INFO: Run Behavior\ContentReplaceBehavior [ RunTime:0.000102s ]
INFO: [ template_filter ] --END-- [ RunTime:0.000225s ]
NOTIC: [8] Use of undefined constant comment - assumed 'comment' E:\wamp\www\Application\Runtime\Cache\Home\2ac6c1276904b87404ed678dbabb985c.php 第 21 行.
NOTIC: [8] Use of undefined constant praise - assumed 'praise' E:\wamp\www\Application\Runtime\Cache\Home\2ac6c1276904b87404ed678dbabb985c.php 第 22 行.
INFO: Run Behavior\ParseTemplateBehavior [ RunTime:0.013181s ]
INFO: [ view_parse ] --END-- [ RunTime:0.013306s ]
INFO: [ view_filter ] --START--
INFO: Run Behavior\WriteHtmlCacheBehavior [ RunTime:0.000256s ]
INFO: [ view_filter ] --END-- [ RunTime:0.000367s ]
INFO: [ app_end ] --START--
INFO: Run Behavior\ShowPageTraceBehavior [ RunTime:0.000575s ]
INFO: [ app_end ] --END-- [ RunTime:0.000757s ]

[ 2015-08-02T17:33:16+08:00 ] ::1 /article/clang/7
INFO: [ app_init ] --START--
INFO: Run Behavior\BuildLiteBehavior [ RunTime:0.000029s ]
INFO: [ app_init ] --END-- [ RunTime:0.000465s ]
INFO: [ app_begin ] --START--
INFO: Run Behavior\ReadHtmlCacheBehavior [ RunTime:0.000426s ]
INFO: [ app_begin ] --END-- [ RunTime:0.000584s ]
SQL: SHOW COLUMNS FROM `article` [ RunTime:0.0019s ]
SQL: UPDATE `article` SET `pageview`=pageview+1 WHERE ( id=7 ) [ RunTime:0.0003s ]
SQL: SHOW COLUMNS FROM `webinfo` [ RunTime:0.0028s ]
SQL: SELECT * FROM `webinfo`  [ RunTime:0.0003s ]
SQL: SELECT * FROM `article` WHERE ( id=7 )  [ RunTime:0.0003s ]
SQL: SELECT `id`,`label`,`title` FROM `article` WHERE ( label=4 ) LIMIT 4   [ RunTime:0.0003s ]
SQL: SELECT `title`,`label`,`id` FROM `article` ORDER BY pageview desc LIMIT 4   [ RunTime:0.0003s ]
SQL: SHOW COLUMNS FROM `comment` [ RunTime:0.0020s ]
SQL: SELECT * FROM `comment` WHERE ( aid=7 ) ORDER BY time desc  [ RunTime:0.0003s ]
INFO: [ view_parse ] --START--
INFO: [ template_filter ] --START--
INFO: Run Behavior\ContentReplaceBehavior [ RunTime:0.000142s ]
INFO: [ template_filter ] --END-- [ RunTime:0.000310s ]
NOTIC: [8] Use of undefined constant comment - assumed 'comment' E:\wamp\www\Application\Runtime\Cache\Home\2ac6c1276904b87404ed678dbabb985c.php 第 21 行.
NOTIC: [8] Use of undefined constant praise - assumed 'praise' E:\wamp\www\Application\Runtime\Cache\Home\2ac6c1276904b87404ed678dbabb985c.php 第 22 行.
INFO: Run Behavior\ParseTemplateBehavior [ RunTime:0.015091s ]
INFO: [ view_parse ] --END-- [ RunTime:0.015225s ]
INFO: [ view_filter ] --START--
INFO: Run Behavior\WriteHtmlCacheBehavior [ RunTime:0.000225s ]
INFO: [ view_filter ] --END-- [ RunTime:0.000336s ]
INFO: [ app_end ] --START--
INFO: Run Behavior\ShowPageTraceBehavior [ RunTime:0.000679s ]
INFO: [ app_end ] --END-- [ RunTime:0.000863s ]

[ 2015-08-02T17:33:39+08:00 ] ::1 /article/clang/7
INFO: [ app_init ] --START--
INFO: Run Behavior\BuildLiteBehavior [ RunTime:0.000032s ]
INFO: [ app_init ] --END-- [ RunTime:0.000494s ]
INFO: [ app_begin ] --START--
INFO: Run Behavior\ReadHtmlCacheBehavior [ RunTime:0.000658s ]
INFO: [ app_begin ] --END-- [ RunTime:0.000972s ]
SQL: SHOW COLUMNS FROM `article` [ RunTime:0.0057s ]
SQL: UPDATE `article` SET `pageview`=pageview+1 WHERE ( id=7 ) [ RunTime:0.0003s ]
SQL: SHOW COLUMNS FROM `webinfo` [ RunTime:0.0019s ]
SQL: SELECT * FROM `webinfo`  [ RunTime:0.0002s ]
SQL: SELECT * FROM `article` WHERE ( id=7 )  [ RunTime:0.0003s ]
SQL: SELECT `id`,`label`,`title` FROM `article` WHERE ( label=4 ) LIMIT 4   [ RunTime:0.0003s ]
SQL: SELECT `title`,`label`,`id` FROM `article` ORDER BY pageview desc LIMIT 4   [ RunTime:0.0003s ]
SQL: SHOW COLUMNS FROM `comment` [ RunTime:0.0018s ]
SQL: SELECT * FROM `comment` WHERE ( aid=7 ) ORDER BY time desc  [ RunTime:0.0003s ]
INFO: [ view_parse ] --START--
INFO: [ template_filter ] --START--
INFO: Run Behavior\ContentReplaceBehavior [ RunTime:0.000129s ]
INFO: [ template_filter ] --END-- [ RunTime:0.000289s ]
NOTIC: [8] Use of undefined constant comment - assumed 'comment' E:\wamp\www\Application\Runtime\Cache\Home\2ac6c1276904b87404ed678dbabb985c.php 第 21 行.
NOTIC: [8] Use of undefined constant praise - assumed 'praise' E:\wamp\www\Application\Runtime\Cache\Home\2ac6c1276904b87404ed678dbabb985c.php 第 22 行.
INFO: Run Behavior\ParseTemplateBehavior [ RunTime:0.014479s ]
INFO: [ view_parse ] --END-- [ RunTime:0.014602s ]
INFO: [ view_filter ] --START--
INFO: Run Behavior\WriteHtmlCacheBehavior [ RunTime:0.000250s ]
INFO: [ view_filter ] --END-- [ RunTime:0.000361s ]
INFO: [ app_end ] --START--
INFO: Run Behavior\ShowPageTraceBehavior [ RunTime:0.000692s ]
INFO: [ app_end ] --END-- [ RunTime:0.000933s ]

