[ 2015-08-21T08:32:17+08:00 ] ::1 /Blog/
INFO: [ app_init ] --START--
INFO: Run Behavior\BuildLiteBehavior [ RunTime:0.000050s ]
INFO: [ app_init ] --END-- [ RunTime:0.032663s ]
INFO: [ app_begin ] --START--
INFO: Run Behavior\ReadHtmlCacheBehavior [ RunTime:0.000971s ]
INFO: [ app_begin ] --END-- [ RunTime:0.001122s ]
SQL: SHOW COLUMNS FROM `mb_webinfo` [ RunTime:0.0728s ]
SQL: UPDATE `mb_webinfo` SET `webview`=webview+1 WHERE ( id=0 ) [ RunTime:0.0152s ]
SQL: SELECT * FROM `mb_webinfo`  [ RunTime:0.0003s ]
SQL: SHOW COLUMNS FROM `mb_articles` [ RunTime:0.0401s ]
SQL: SELECT `title`,`type`,`id`,`img` FROM `mb_articles` ORDER BY pageview desc LIMIT 4   [ RunTime:0.0007s ]
SQL: SELECT COUNT(*) AS tp_count FROM `mb_articles` LIMIT 1   [ RunTime:0.0013s ]
SQL: SELECT * FROM `mb_articles` ORDER BY time desc LIMIT 0,10   [ RunTime:0.0005s ]
SQL: SHOW COLUMNS FROM `mb_tags` [ RunTime:0.0406s ]
SQL: SELECT * FROM `mb_tags`  [ RunTime:0.0004s ]
INFO: [ view_parse ] --START--
INFO: [ template_filter ] --START--
INFO: Run Behavior\ContentReplaceBehavior [ RunTime:0.000138s ]
INFO: [ template_filter ] --END-- [ RunTime:0.000371s ]
NOTIC: [8] Undefined index: label E:\wamp\www\Blog\Application\Runtime\Cache\Home\2a94b8bda04ff446dcedd42276fc99ee.php 第 48 行.
NOTIC: [8] Undefined index: label E:\wamp\www\Blog\Application\Runtime\Cache\Home\2a94b8bda04ff446dcedd42276fc99ee.php 第 58 行.
NOTIC: [8] Undefined index: praise E:\wamp\www\Blog\Application\Runtime\Cache\Home\2a94b8bda04ff446dcedd42276fc99ee.php 第 79 行.
NOTIC: [8] Undefined index: label E:\wamp\www\Blog\Application\Runtime\Cache\Home\2a94b8bda04ff446dcedd42276fc99ee.php 第 48 行.
NOTIC: [8] Undefined index: label E:\wamp\www\Blog\Application\Runtime\Cache\Home\2a94b8bda04ff446dcedd42276fc99ee.php 第 58 行.
NOTIC: [8] Undefined index: praise E:\wamp\www\Blog\Application\Runtime\Cache\Home\2a94b8bda04ff446dcedd42276fc99ee.php 第 79 行.
NOTIC: [8] Undefined index: label E:\wamp\www\Blog\Application\Runtime\Cache\Home\2a94b8bda04ff446dcedd42276fc99ee.php 第 48 行.
NOTIC: [8] Undefined index: label E:\wamp\www\Blog\Application\Runtime\Cache\Home\2a94b8bda04ff446dcedd42276fc99ee.php 第 58 行.
NOTIC: [8] Undefined index: praise E:\wamp\www\Blog\Application\Runtime\Cache\Home\2a94b8bda04ff446dcedd42276fc99ee.php 第 79 行.
NOTIC: [8] Undefined index: label E:\wamp\www\Blog\Application\Runtime\Cache\Home\2a94b8bda04ff446dcedd42276fc99ee.php 第 48 行.
NOTIC: [8] Undefined index: label E:\wamp\www\Blog\Application\Runtime\Cache\Home\2a94b8bda04ff446dcedd42276fc99ee.php 第 58 行.
NOTIC: [8] Undefined index: praise E:\wamp\www\Blog\Application\Runtime\Cache\Home\2a94b8bda04ff446dcedd42276fc99ee.php 第 79 行.
NOTIC: [8] Undefined index: label E:\wamp\www\Blog\Application\Runtime\Cache\Home\2a94b8bda04ff446dcedd42276fc99ee.php 第 48 行.
NOTIC: [8] Undefined index: label E:\wamp\www\Blog\Application\Runtime\Cache\Home\2a94b8bda04ff446dcedd42276fc99ee.php 第 58 行.
NOTIC: [8] Undefined index: praise E:\wamp\www\Blog\Application\Runtime\Cache\Home\2a94b8bda04ff446dcedd42276fc99ee.php 第 79 行.
NOTIC: [8] Undefined index: label E:\wamp\www\Blog\Application\Runtime\Cache\Home\2a94b8bda04ff446dcedd42276fc99ee.php 第 48 行.
NOTIC: [8] Undefined index: label E:\wamp\www\Blog\Application\Runtime\Cache\Home\2a94b8bda04ff446dcedd42276fc99ee.php 第 58 行.
NOTIC: [8] Undefined index: praise E:\wamp\www\Blog\Application\Runtime\Cache\Home\2a94b8bda04ff446dcedd42276fc99ee.php 第 79 行.
NOTIC: [8] Undefined index: label E:\wamp\www\Blog\Application\Runtime\Cache\Home\2a94b8bda04ff446dcedd42276fc99ee.php 第 48 行.
NOTIC: [8] Undefined index: label E:\wamp\www\Blog\Application\Runtime\Cache\Home\2a94b8bda04ff446dcedd42276fc99ee.php 第 58 行.
NOTIC: [8] Undefined index: praise E:\wamp\www\Blog\Application\Runtime\Cache\Home\2a94b8bda04ff446dcedd42276fc99ee.php 第 79 行.
NOTIC: [8] Undefined index: label E:\wamp\www\Blog\Application\Runtime\Cache\Home\2a94b8bda04ff446dcedd42276fc99ee.php 第 48 行.
NOTIC: [8] Undefined index: label E:\wamp\www\Blog\Application\Runtime\Cache\Home\2a94b8bda04ff446dcedd42276fc99ee.php 第 58 行.
NOTIC: [8] Undefined index: praise E:\wamp\www\Blog\Application\Runtime\Cache\Home\2a94b8bda04ff446dcedd42276fc99ee.php 第 79 行.
NOTIC: [8] Undefined index: label E:\wamp\www\Blog\Application\Runtime\Cache\Home\2a94b8bda04ff446dcedd42276fc99ee.php 第 48 行.
NOTIC: [8] Undefined index: label E:\wamp\www\Blog\Application\Runtime\Cache\Home\2a94b8bda04ff446dcedd42276fc99ee.php 第 58 行.
NOTIC: [8] Undefined index: praise E:\wamp\www\Blog\Application\Runtime\Cache\Home\2a94b8bda04ff446dcedd42276fc99ee.php 第 79 行.
NOTIC: [8] Undefined index: label E:\wamp\www\Blog\Application\Runtime\Cache\Home\2a94b8bda04ff446dcedd42276fc99ee.php 第 48 行.
NOTIC: [8] Undefined index: label E:\wamp\www\Blog\Application\Runtime\Cache\Home\2a94b8bda04ff446dcedd42276fc99ee.php 第 58 行.
NOTIC: [8] Undefined index: praise E:\wamp\www\Blog\Application\Runtime\Cache\Home\2a94b8bda04ff446dcedd42276fc99ee.php 第 79 行.
NOTIC: [8] Undefined index: label E:\wamp\www\Blog\Application\Runtime\Cache\Home\2a94b8bda04ff446dcedd42276fc99ee.php 第 94 行.
NOTIC: [8] Undefined index: label E:\wamp\www\Blog\Application\Runtime\Cache\Home\2a94b8bda04ff446dcedd42276fc99ee.php 第 94 行.
NOTIC: [8] Undefined index: label E:\wamp\www\Blog\Application\Runtime\Cache\Home\2a94b8bda04ff446dcedd42276fc99ee.php 第 94 行.
NOTIC: [8] Undefined index: label E:\wamp\www\Blog\Application\Runtime\Cache\Home\2a94b8bda04ff446dcedd42276fc99ee.php 第 94 行.
NOTIC: [8] Undefined index: label E:\wamp\www\Blog\Application\Runtime\Cache\Home\2a94b8bda04ff446dcedd42276fc99ee.php 第 114 行.
NOTIC: [8] Undefined index: label E:\wamp\www\Blog\Application\Runtime\Cache\Home\2a94b8bda04ff446dcedd42276fc99ee.php 第 114 行.
NOTIC: [8] Undefined index: label E:\wamp\www\Blog\Application\Runtime\Cache\Home\2a94b8bda04ff446dcedd42276fc99ee.php 第 114 行.
NOTIC: [8] Undefined index: label E:\wamp\www\Blog\Application\Runtime\Cache\Home\2a94b8bda04ff446dcedd42276fc99ee.php 第 114 行.
NOTIC: [8] Undefined index: label E:\wamp\www\Blog\Application\Runtime\Cache\Home\2a94b8bda04ff446dcedd42276fc99ee.php 第 114 行.
NOTIC: [8] Undefined index: label E:\wamp\www\Blog\Application\Runtime\Cache\Home\2a94b8bda04ff446dcedd42276fc99ee.php 第 114 行.
INFO: Run Behavior\ParseTemplateBehavior [ RunTime:0.156709s ]
INFO: [ view_parse ] --END-- [ RunTime:0.156886s ]
INFO: [ view_filter ] --START--
INFO: Run Behavior\WriteHtmlCacheBehavior [ RunTime:0.013012s ]
INFO: [ view_filter ] --END-- [ RunTime:0.013143s ]
INFO: [ app_end ] --START--
INFO: Run Behavior\ShowPageTraceBehavior [ RunTime:0.014480s ]
INFO: [ app_end ] --END-- [ RunTime:0.014634s ]

[ 2015-08-21T08:32:18+08:00 ] ::1 /Blog/Public/images/logo2.ico
INFO: [ app_init ] --START--
INFO: Run Behavior\BuildLiteBehavior [ RunTime:0.000028s ]
INFO: [ app_init ] --END-- [ RunTime:0.000400s ]

[ 2015-08-21T08:32:18+08:00 ] ::1 /Blog/Public/images/logo2.ico
INFO: [ app_init ] --START--
INFO: Run Behavior\BuildLiteBehavior [ RunTime:0.000026s ]
INFO: [ app_init ] --END-- [ RunTime:0.000364s ]

[ 2015-08-21T21:04:24+08:00 ] ::1 /Blog/
INFO: [ app_init ] --START--
INFO: Run Behavior\BuildLiteBehavior [ RunTime:0.000045s ]
INFO: [ app_init ] --END-- [ RunTime:0.000603s ]
INFO: [ app_begin ] --START--
INFO: Run Behavior\ReadHtmlCacheBehavior [ RunTime:0.000402s ]
INFO: [ app_begin ] --END-- [ RunTime:0.000535s ]
SQL: SHOW COLUMNS FROM `mb_webinfo` [ RunTime:0.0019s ]
SQL: UPDATE `mb_webinfo` SET `webview`=webview+1 WHERE ( id=0 ) [ RunTime:0.0002s ]
SQL: SELECT * FROM `mb_webinfo`  [ RunTime:0.0002s ]
SQL: SHOW COLUMNS FROM `mb_articles` [ RunTime:0.0019s ]
SQL: SELECT `title`,`type`,`id`,`img` FROM `mb_articles` ORDER BY pageview desc LIMIT 4   [ RunTime:0.0003s ]
SQL: SELECT COUNT(*) AS tp_count FROM `mb_articles` LIMIT 1   [ RunTime:0.0002s ]
SQL: SELECT * FROM `mb_articles` ORDER BY time desc LIMIT 0,10   [ RunTime:0.0005s ]
SQL: SHOW COLUMNS FROM `mb_tags` [ RunTime:0.0021s ]
SQL: SELECT * FROM `mb_tags`  [ RunTime:0.0004s ]
INFO: [ view_parse ] --START--
INFO: [ template_filter ] --START--
INFO: Run Behavior\ContentReplaceBehavior [ RunTime:0.000078s ]
INFO: [ template_filter ] --END-- [ RunTime:0.000217s ]
NOTIC: [8] Undefined index: label E:\wamp\www\Blog\Application\Runtime\Cache\Home\2a94b8bda04ff446dcedd42276fc99ee.php 第 48 行.
NOTIC: [8] Undefined index: label E:\wamp\www\Blog\Application\Runtime\Cache\Home\2a94b8bda04ff446dcedd42276fc99ee.php 第 58 行.
NOTIC: [8] Undefined index: praise E:\wamp\www\Blog\Application\Runtime\Cache\Home\2a94b8bda04ff446dcedd42276fc99ee.php 第 79 行.
NOTIC: [8] Undefined index: label E:\wamp\www\Blog\Application\Runtime\Cache\Home\2a94b8bda04ff446dcedd42276fc99ee.php 第 48 行.
NOTIC: [8] Undefined index: label E:\wamp\www\Blog\Application\Runtime\Cache\Home\2a94b8bda04ff446dcedd42276fc99ee.php 第 58 行.
NOTIC: [8] Undefined index: praise E:\wamp\www\Blog\Application\Runtime\Cache\Home\2a94b8bda04ff446dcedd42276fc99ee.php 第 79 行.
NOTIC: [8] Undefined index: label E:\wamp\www\Blog\Application\Runtime\Cache\Home\2a94b8bda04ff446dcedd42276fc99ee.php 第 48 行.
NOTIC: [8] Undefined index: label E:\wamp\www\Blog\Application\Runtime\Cache\Home\2a94b8bda04ff446dcedd42276fc99ee.php 第 58 行.
NOTIC: [8] Undefined index: praise E:\wamp\www\Blog\Application\Runtime\Cache\Home\2a94b8bda04ff446dcedd42276fc99ee.php 第 79 行.
NOTIC: [8] Undefined index: label E:\wamp\www\Blog\Application\Runtime\Cache\Home\2a94b8bda04ff446dcedd42276fc99ee.php 第 48 行.
NOTIC: [8] Undefined index: label E:\wamp\www\Blog\Application\Runtime\Cache\Home\2a94b8bda04ff446dcedd42276fc99ee.php 第 58 行.
NOTIC: [8] Undefined index: praise E:\wamp\www\Blog\Application\Runtime\Cache\Home\2a94b8bda04ff446dcedd42276fc99ee.php 第 79 行.
NOTIC: [8] Undefined index: label E:\wamp\www\Blog\Application\Runtime\Cache\Home\2a94b8bda04ff446dcedd42276fc99ee.php 第 48 行.
NOTIC: [8] Undefined index: label E:\wamp\www\Blog\Application\Runtime\Cache\Home\2a94b8bda04ff446dcedd42276fc99ee.php 第 58 行.
NOTIC: [8] Undefined index: praise E:\wamp\www\Blog\Application\Runtime\Cache\Home\2a94b8bda04ff446dcedd42276fc99ee.php 第 79 行.
NOTIC: [8] Undefined index: label E:\wamp\www\Blog\Application\Runtime\Cache\Home\2a94b8bda04ff446dcedd42276fc99ee.php 第 48 行.
NOTIC: [8] Undefined index: label E:\wamp\www\Blog\Application\Runtime\Cache\Home\2a94b8bda04ff446dcedd42276fc99ee.php 第 58 行.
NOTIC: [8] Undefined index: praise E:\wamp\www\Blog\Application\Runtime\Cache\Home\2a94b8bda04ff446dcedd42276fc99ee.php 第 79 行.
NOTIC: [8] Undefined index: label E:\wamp\www\Blog\Application\Runtime\Cache\Home\2a94b8bda04ff446dcedd42276fc99ee.php 第 48 行.
NOTIC: [8] Undefined index: label E:\wamp\www\Blog\Application\Runtime\Cache\Home\2a94b8bda04ff446dcedd42276fc99ee.php 第 58 行.
NOTIC: [8] Undefined index: praise E:\wamp\www\Blog\Application\Runtime\Cache\Home\2a94b8bda04ff446dcedd42276fc99ee.php 第 79 行.
NOTIC: [8] Undefined index: label E:\wamp\www\Blog\Application\Runtime\Cache\Home\2a94b8bda04ff446dcedd42276fc99ee.php 第 48 行.
NOTIC: [8] Undefined index: label E:\wamp\www\Blog\Application\Runtime\Cache\Home\2a94b8bda04ff446dcedd42276fc99ee.php 第 58 行.
NOTIC: [8] Undefined index: praise E:\wamp\www\Blog\Application\Runtime\Cache\Home\2a94b8bda04ff446dcedd42276fc99ee.php 第 79 行.
NOTIC: [8] Undefined index: label E:\wamp\www\Blog\Application\Runtime\Cache\Home\2a94b8bda04ff446dcedd42276fc99ee.php 第 48 行.
NOTIC: [8] Undefined index: label E:\wamp\www\Blog\Application\Runtime\Cache\Home\2a94b8bda04ff446dcedd42276fc99ee.php 第 58 行.
NOTIC: [8] Undefined index: praise E:\wamp\www\Blog\Application\Runtime\Cache\Home\2a94b8bda04ff446dcedd42276fc99ee.php 第 79 行.
NOTIC: [8] Undefined index: label E:\wamp\www\Blog\Application\Runtime\Cache\Home\2a94b8bda04ff446dcedd42276fc99ee.php 第 48 行.
NOTIC: [8] Undefined index: label E:\wamp\www\Blog\Application\Runtime\Cache\Home\2a94b8bda04ff446dcedd42276fc99ee.php 第 58 行.
NOTIC: [8] Undefined index: praise E:\wamp\www\Blog\Application\Runtime\Cache\Home\2a94b8bda04ff446dcedd42276fc99ee.php 第 79 行.
NOTIC: [8] Undefined index: label E:\wamp\www\Blog\Application\Runtime\Cache\Home\2a94b8bda04ff446dcedd42276fc99ee.php 第 94 行.
NOTIC: [8] Undefined index: label E:\wamp\www\Blog\Application\Runtime\Cache\Home\2a94b8bda04ff446dcedd42276fc99ee.php 第 94 行.
NOTIC: [8] Undefined index: label E:\wamp\www\Blog\Application\Runtime\Cache\Home\2a94b8bda04ff446dcedd42276fc99ee.php 第 94 行.
NOTIC: [8] Undefined index: label E:\wamp\www\Blog\Application\Runtime\Cache\Home\2a94b8bda04ff446dcedd42276fc99ee.php 第 94 行.
NOTIC: [8] Undefined index: label E:\wamp\www\Blog\Application\Runtime\Cache\Home\2a94b8bda04ff446dcedd42276fc99ee.php 第 114 行.
NOTIC: [8] Undefined index: label E:\wamp\www\Blog\Application\Runtime\Cache\Home\2a94b8bda04ff446dcedd42276fc99ee.php 第 114 行.
NOTIC: [8] Undefined index: label E:\wamp\www\Blog\Application\Runtime\Cache\Home\2a94b8bda04ff446dcedd42276fc99ee.php 第 114 行.
NOTIC: [8] Undefined index: label E:\wamp\www\Blog\Application\Runtime\Cache\Home\2a94b8bda04ff446dcedd42276fc99ee.php 第 114 行.
NOTIC: [8] Undefined index: label E:\wamp\www\Blog\Application\Runtime\Cache\Home\2a94b8bda04ff446dcedd42276fc99ee.php 第 114 行.
NOTIC: [8] Undefined index: label E:\wamp\www\Blog\Application\Runtime\Cache\Home\2a94b8bda04ff446dcedd42276fc99ee.php 第 114 行.
INFO: Run Behavior\ParseTemplateBehavior [ RunTime:0.016668s ]
INFO: [ view_parse ] --END-- [ RunTime:0.016793s ]
INFO: [ view_filter ] --START--
INFO: Run Behavior\WriteHtmlCacheBehavior [ RunTime:0.000280s ]
INFO: [ view_filter ] --END-- [ RunTime:0.000393s ]
INFO: [ app_end ] --START--
INFO: Run Behavior\ShowPageTraceBehavior [ RunTime:0.000465s ]
INFO: [ app_end ] --END-- [ RunTime:0.000608s ]

[ 2015-08-21T22:33:34+08:00 ] ::1 /Blog/
INFO: [ app_init ] --START--
INFO: Run Behavior\BuildLiteBehavior [ RunTime:0.000032s ]
INFO: [ app_init ] --END-- [ RunTime:0.000856s ]
INFO: [ app_begin ] --START--
INFO: Run Behavior\ReadHtmlCacheBehavior [ RunTime:0.001237s ]
INFO: [ app_begin ] --END-- [ RunTime:0.001534s ]
SQL: SHOW COLUMNS FROM `mb_webinfo` [ RunTime:0.0040s ]
SQL: UPDATE `mb_webinfo` SET `webview`=webview+1 WHERE ( id=0 ) [ RunTime:0.0003s ]
SQL: SELECT * FROM `mb_webinfo`  [ RunTime:0.0002s ]
SQL: SHOW COLUMNS FROM `mb_articles` [ RunTime:0.0026s ]
SQL: SELECT `title`,`type`,`id`,`img` FROM `mb_articles` ORDER BY pageview desc LIMIT 4   [ RunTime:0.0003s ]
SQL: SELECT COUNT(*) AS tp_count FROM `mb_articles` LIMIT 1   [ RunTime:0.0002s ]
SQL: SELECT * FROM `mb_articles` ORDER BY time desc LIMIT 0,10   [ RunTime:0.0004s ]
SQL: SHOW COLUMNS FROM `mb_tags` [ RunTime:0.0019s ]
SQL: SELECT * FROM `mb_tags`  [ RunTime:0.0003s ]
INFO: [ view_parse ] --START--
INFO: [ template_filter ] --START--
INFO: Run Behavior\ContentReplaceBehavior [ RunTime:0.000077s ]
INFO: [ template_filter ] --END-- [ RunTime:0.000281s ]
NOTIC: [8] Undefined index: label E:\wamp\www\Blog\Application\Runtime\Cache\Home\2a94b8bda04ff446dcedd42276fc99ee.php 第 48 行.
NOTIC: [8] Undefined index: label E:\wamp\www\Blog\Application\Runtime\Cache\Home\2a94b8bda04ff446dcedd42276fc99ee.php 第 58 行.
NOTIC: [8] Undefined index: praise E:\wamp\www\Blog\Application\Runtime\Cache\Home\2a94b8bda04ff446dcedd42276fc99ee.php 第 79 行.
NOTIC: [8] Undefined index: label E:\wamp\www\Blog\Application\Runtime\Cache\Home\2a94b8bda04ff446dcedd42276fc99ee.php 第 48 行.
NOTIC: [8] Undefined index: label E:\wamp\www\Blog\Application\Runtime\Cache\Home\2a94b8bda04ff446dcedd42276fc99ee.php 第 58 行.
NOTIC: [8] Undefined index: praise E:\wamp\www\Blog\Application\Runtime\Cache\Home\2a94b8bda04ff446dcedd42276fc99ee.php 第 79 行.
NOTIC: [8] Undefined index: label E:\wamp\www\Blog\Application\Runtime\Cache\Home\2a94b8bda04ff446dcedd42276fc99ee.php 第 48 行.
NOTIC: [8] Undefined index: label E:\wamp\www\Blog\Application\Runtime\Cache\Home\2a94b8bda04ff446dcedd42276fc99ee.php 第 58 行.
NOTIC: [8] Undefined index: praise E:\wamp\www\Blog\Application\Runtime\Cache\Home\2a94b8bda04ff446dcedd42276fc99ee.php 第 79 行.
NOTIC: [8] Undefined index: label E:\wamp\www\Blog\Application\Runtime\Cache\Home\2a94b8bda04ff446dcedd42276fc99ee.php 第 48 行.
NOTIC: [8] Undefined index: label E:\wamp\www\Blog\Application\Runtime\Cache\Home\2a94b8bda04ff446dcedd42276fc99ee.php 第 58 行.
NOTIC: [8] Undefined index: praise E:\wamp\www\Blog\Application\Runtime\Cache\Home\2a94b8bda04ff446dcedd42276fc99ee.php 第 79 行.
NOTIC: [8] Undefined index: label E:\wamp\www\Blog\Application\Runtime\Cache\Home\2a94b8bda04ff446dcedd42276fc99ee.php 第 48 行.
NOTIC: [8] Undefined index: label E:\wamp\www\Blog\Application\Runtime\Cache\Home\2a94b8bda04ff446dcedd42276fc99ee.php 第 58 行.
NOTIC: [8] Undefined index: praise E:\wamp\www\Blog\Application\Runtime\Cache\Home\2a94b8bda04ff446dcedd42276fc99ee.php 第 79 行.
NOTIC: [8] Undefined index: label E:\wamp\www\Blog\Application\Runtime\Cache\Home\2a94b8bda04ff446dcedd42276fc99ee.php 第 48 行.
NOTIC: [8] Undefined index: label E:\wamp\www\Blog\Application\Runtime\Cache\Home\2a94b8bda04ff446dcedd42276fc99ee.php 第 58 行.
NOTIC: [8] Undefined index: praise E:\wamp\www\Blog\Application\Runtime\Cache\Home\2a94b8bda04ff446dcedd42276fc99ee.php 第 79 行.
NOTIC: [8] Undefined index: label E:\wamp\www\Blog\Application\Runtime\Cache\Home\2a94b8bda04ff446dcedd42276fc99ee.php 第 48 行.
NOTIC: [8] Undefined index: label E:\wamp\www\Blog\Application\Runtime\Cache\Home\2a94b8bda04ff446dcedd42276fc99ee.php 第 58 行.
NOTIC: [8] Undefined index: praise E:\wamp\www\Blog\Application\Runtime\Cache\Home\2a94b8bda04ff446dcedd42276fc99ee.php 第 79 行.
NOTIC: [8] Undefined index: label E:\wamp\www\Blog\Application\Runtime\Cache\Home\2a94b8bda04ff446dcedd42276fc99ee.php 第 48 行.
NOTIC: [8] Undefined index: label E:\wamp\www\Blog\Application\Runtime\Cache\Home\2a94b8bda04ff446dcedd42276fc99ee.php 第 58 行.
NOTIC: [8] Undefined index: praise E:\wamp\www\Blog\Application\Runtime\Cache\Home\2a94b8bda04ff446dcedd42276fc99ee.php 第 79 行.
NOTIC: [8] Undefined index: label E:\wamp\www\Blog\Application\Runtime\Cache\Home\2a94b8bda04ff446dcedd42276fc99ee.php 第 48 行.
NOTIC: [8] Undefined index: label E:\wamp\www\Blog\Application\Runtime\Cache\Home\2a94b8bda04ff446dcedd42276fc99ee.php 第 58 行.
NOTIC: [8] Undefined index: praise E:\wamp\www\Blog\Application\Runtime\Cache\Home\2a94b8bda04ff446dcedd42276fc99ee.php 第 79 行.
NOTIC: [8] Undefined index: label E:\wamp\www\Blog\Application\Runtime\Cache\Home\2a94b8bda04ff446dcedd42276fc99ee.php 第 48 行.
NOTIC: [8] Undefined index: label E:\wamp\www\Blog\Application\Runtime\Cache\Home\2a94b8bda04ff446dcedd42276fc99ee.php 第 58 行.
NOTIC: [8] Undefined index: praise E:\wamp\www\Blog\Application\Runtime\Cache\Home\2a94b8bda04ff446dcedd42276fc99ee.php 第 79 行.
NOTIC: [8] Undefined index: label E:\wamp\www\Blog\Application\Runtime\Cache\Home\2a94b8bda04ff446dcedd42276fc99ee.php 第 94 行.
NOTIC: [8] Undefined index: label E:\wamp\www\Blog\Application\Runtime\Cache\Home\2a94b8bda04ff446dcedd42276fc99ee.php 第 94 行.
NOTIC: [8] Undefined index: label E:\wamp\www\Blog\Application\Runtime\Cache\Home\2a94b8bda04ff446dcedd42276fc99ee.php 第 94 行.
NOTIC: [8] Undefined index: label E:\wamp\www\Blog\Application\Runtime\Cache\Home\2a94b8bda04ff446dcedd42276fc99ee.php 第 94 行.
NOTIC: [8] Undefined index: label E:\wamp\www\Blog\Application\Runtime\Cache\Home\2a94b8bda04ff446dcedd42276fc99ee.php 第 114 行.
NOTIC: [8] Undefined index: label E:\wamp\www\Blog\Application\Runtime\Cache\Home\2a94b8bda04ff446dcedd42276fc99ee.php 第 114 行.
NOTIC: [8] Undefined index: label E:\wamp\www\Blog\Application\Runtime\Cache\Home\2a94b8bda04ff446dcedd42276fc99ee.php 第 114 行.
NOTIC: [8] Undefined index: label E:\wamp\www\Blog\Application\Runtime\Cache\Home\2a94b8bda04ff446dcedd42276fc99ee.php 第 114 行.
NOTIC: [8] Undefined index: label E:\wamp\www\Blog\Application\Runtime\Cache\Home\2a94b8bda04ff446dcedd42276fc99ee.php 第 114 行.
NOTIC: [8] Undefined index: label E:\wamp\www\Blog\Application\Runtime\Cache\Home\2a94b8bda04ff446dcedd42276fc99ee.php 第 114 行.
INFO: Run Behavior\ParseTemplateBehavior [ RunTime:0.019548s ]
INFO: [ view_parse ] --END-- [ RunTime:0.019683s ]
INFO: [ view_filter ] --START--
INFO: Run Behavior\WriteHtmlCacheBehavior [ RunTime:0.000498s ]
INFO: [ view_filter ] --END-- [ RunTime:0.000651s ]
INFO: [ app_end ] --START--
INFO: Run Behavior\ShowPageTraceBehavior [ RunTime:0.001022s ]
INFO: [ app_end ] --END-- [ RunTime:0.001281s ]

