[ 2015-08-22T22:27:25+08:00 ] ::1 /Blog/Public/images/logo2.ico
INFO: [ app_init ] --START--
INFO: Run Behavior\BuildLiteBehavior [ RunTime:0.000061s ]
INFO: [ app_init ] --END-- [ RunTime:0.001068s ]

[ 2015-08-22T22:27:25+08:00 ] ::1 /Blog/Public/images/logo2.ico
INFO: [ app_init ] --START--
INFO: Run Behavior\BuildLiteBehavior [ RunTime:0.000048s ]
INFO: [ app_init ] --END-- [ RunTime:0.000811s ]

[ 2015-08-22T22:53:39+08:00 ] ::1 /Blog/article/default/17
INFO: [ app_init ] --START--
INFO: Run Behavior\BuildLiteBehavior [ RunTime:0.000027s ]
INFO: [ app_init ] --END-- [ RunTime:0.000463s ]
INFO: [ app_begin ] --START--
INFO: Run Behavior\ReadHtmlCacheBehavior [ RunTime:0.000610s ]
INFO: [ app_begin ] --END-- [ RunTime:0.000770s ]
SQL: SHOW COLUMNS FROM `mb_articles` [ RunTime:0.0300s ]
SQL: UPDATE `mb_articles` SET `pageview`=pageview+1 WHERE ( id=17 ) [ RunTime:0.0005s ]
SQL: SHOW COLUMNS FROM `mb_webinfo` [ RunTime:0.0298s ]
SQL: SELECT * FROM `mb_webinfo`  [ RunTime:0.0002s ]
SQL: SELECT * FROM `mb_articles` WHERE ( id=17 )  [ RunTime:0.0003s ]
SQL: SELECT `id`,`type`,`title`,`img` FROM `mb_articles` WHERE ( type=2 ) LIMIT 4   [ RunTime:0.0003s ]
SQL: SELECT `title`,`type`,`id`,`img` FROM `mb_articles` ORDER BY pageview desc LIMIT 4   [ RunTime:0.0003s ]
SQL: SHOW COLUMNS FROM `mb_comments` [ RunTime:0.0318s ]
SQL: SELECT * FROM `mb_comments` WHERE ( article_id=17 ) ORDER BY time desc  [ RunTime:0.0004s ]
SQL: SHOW COLUMNS FROM `mb_tags` [ RunTime:0.0038s ]
SQL: SELECT * FROM `mb_tags`  [ RunTime:0.0003s ]
INFO: [ view_parse ] --START--
INFO: [ template_filter ] --START--
INFO: Run Behavior\ContentReplaceBehavior [ RunTime:0.000091s ]
INFO: [ template_filter ] --END-- [ RunTime:0.000220s ]
NOTIC: [8] Use of undefined constant comment - assumed 'comment' E:\wamp\www\Blog\Application\Runtime\Cache\Home\2ac6c1276904b87404ed678dbabb985c.php 第 21 行.
NOTIC: [8] Use of undefined constant praise - assumed 'praise' E:\wamp\www\Blog\Application\Runtime\Cache\Home\2ac6c1276904b87404ed678dbabb985c.php 第 22 行.
NOTIC: [8] Undefined index: label E:\wamp\www\Blog\Application\Runtime\Cache\Home\2ac6c1276904b87404ed678dbabb985c.php 第 67 行.
NOTIC: [8] Undefined index: label E:\wamp\www\Blog\Application\Runtime\Cache\Home\2ac6c1276904b87404ed678dbabb985c.php 第 74 行.
NOTIC: [8] Undefined index: label E:\wamp\www\Blog\Application\Runtime\Cache\Home\2ac6c1276904b87404ed678dbabb985c.php 第 92 行.
NOTIC: [8] Undefined index: label E:\wamp\www\Blog\Application\Runtime\Cache\Home\2ac6c1276904b87404ed678dbabb985c.php 第 97 行.
NOTIC: [8] Undefined index: label E:\wamp\www\Blog\Application\Runtime\Cache\Home\2ac6c1276904b87404ed678dbabb985c.php 第 92 行.
NOTIC: [8] Undefined index: label E:\wamp\www\Blog\Application\Runtime\Cache\Home\2ac6c1276904b87404ed678dbabb985c.php 第 97 行.
NOTIC: [8] Undefined index: label E:\wamp\www\Blog\Application\Runtime\Cache\Home\2ac6c1276904b87404ed678dbabb985c.php 第 168 行.
NOTIC: [8] Undefined index: label E:\wamp\www\Blog\Application\Runtime\Cache\Home\2ac6c1276904b87404ed678dbabb985c.php 第 168 行.
NOTIC: [8] Undefined index: label E:\wamp\www\Blog\Application\Runtime\Cache\Home\2ac6c1276904b87404ed678dbabb985c.php 第 168 行.
NOTIC: [8] Undefined index: label E:\wamp\www\Blog\Application\Runtime\Cache\Home\2ac6c1276904b87404ed678dbabb985c.php 第 168 行.
NOTIC: [8] Undefined index: label E:\wamp\www\Blog\Application\Runtime\Cache\Home\2ac6c1276904b87404ed678dbabb985c.php 第 188 行.
NOTIC: [8] Undefined index: label E:\wamp\www\Blog\Application\Runtime\Cache\Home\2ac6c1276904b87404ed678dbabb985c.php 第 188 行.
NOTIC: [8] Undefined index: label E:\wamp\www\Blog\Application\Runtime\Cache\Home\2ac6c1276904b87404ed678dbabb985c.php 第 188 行.
NOTIC: [8] Undefined index: label E:\wamp\www\Blog\Application\Runtime\Cache\Home\2ac6c1276904b87404ed678dbabb985c.php 第 188 行.
NOTIC: [8] Undefined index: label E:\wamp\www\Blog\Application\Runtime\Cache\Home\2ac6c1276904b87404ed678dbabb985c.php 第 188 行.
NOTIC: [8] Undefined index: label E:\wamp\www\Blog\Application\Runtime\Cache\Home\2ac6c1276904b87404ed678dbabb985c.php 第 188 行.
INFO: Run Behavior\ParseTemplateBehavior [ RunTime:0.069810s ]
INFO: [ view_parse ] --END-- [ RunTime:0.069935s ]
INFO: [ view_filter ] --START--
INFO: Run Behavior\WriteHtmlCacheBehavior [ RunTime:0.000440s ]
INFO: [ view_filter ] --END-- [ RunTime:0.000553s ]
INFO: [ app_end ] --START--
INFO: Run Behavior\ShowPageTraceBehavior [ RunTime:0.000750s ]
INFO: [ app_end ] --END-- [ RunTime:0.000941s ]

[ 2015-08-22T22:53:39+08:00 ] ::1 /Blog/Public/images/c.jpg
INFO: [ app_init ] --START--
INFO: Run Behavior\BuildLiteBehavior [ RunTime:0.000032s ]
INFO: [ app_init ] --END-- [ RunTime:0.000489s ]

[ 2015-08-22T22:53:41+08:00 ] ::1 /Blog/Index/index
INFO: [ app_init ] --START--
INFO: Run Behavior\BuildLiteBehavior [ RunTime:0.000027s ]
INFO: [ app_init ] --END-- [ RunTime:0.000399s ]
INFO: [ app_begin ] --START--
INFO: Run Behavior\ReadHtmlCacheBehavior [ RunTime:0.000868s ]
INFO: [ app_begin ] --END-- [ RunTime:0.001098s ]
SQL: SHOW COLUMNS FROM `mb_webinfo` [ RunTime:0.0020s ]
SQL: UPDATE `mb_webinfo` SET `webview`=webview+1 WHERE ( id=0 ) [ RunTime:0.0003s ]
SQL: SELECT * FROM `mb_webinfo`  [ RunTime:0.0002s ]
SQL: SHOW COLUMNS FROM `mb_articles` [ RunTime:0.0020s ]
SQL: SELECT `title`,`type`,`id`,`img` FROM `mb_articles` ORDER BY pageview desc LIMIT 4   [ RunTime:0.0003s ]
SQL: SELECT COUNT(*) AS tp_count FROM `mb_articles` LIMIT 1   [ RunTime:0.0002s ]
SQL: SELECT * FROM `mb_articles` ORDER BY time desc LIMIT 0,10   [ RunTime:0.0005s ]
SQL: SHOW COLUMNS FROM `mb_tags` [ RunTime:0.0020s ]
SQL: SELECT * FROM `mb_tags`  [ RunTime:0.0003s ]
INFO: [ view_parse ] --START--
INFO: [ template_filter ] --START--
INFO: Run Behavior\ContentReplaceBehavior [ RunTime:0.000093s ]
INFO: [ template_filter ] --END-- [ RunTime:0.000249s ]
NOTIC: [8] Undefined index: label E:\wamp\www\Blog\Application\Runtime\Cache\Home\2a94b8bda04ff446dcedd42276fc99ee.php 第 48 行.
NOTIC: [8] Undefined index: label E:\wamp\www\Blog\Application\Runtime\Cache\Home\2a94b8bda04ff446dcedd42276fc99ee.php 第 58 行.
NOTIC: [8] Undefined index: praise E:\wamp\www\Blog\Application\Runtime\Cache\Home\2a94b8bda04ff446dcedd42276fc99ee.php 第 79 行.
NOTIC: [8] Undefined index: label E:\wamp\www\Blog\Application\Runtime\Cache\Home\2a94b8bda04ff446dcedd42276fc99ee.php 第 48 行.
NOTIC: [8] Undefined index: label E:\wamp\www\Blog\Application\Runtime\Cache\Home\2a94b8bda04ff446dcedd42276fc99ee.php 第 58 行.
NOTIC: [8] Undefined index: praise E:\wamp\www\Blog\Application\Runtime\Cache\Home\2a94b8bda04ff446dcedd42276fc99ee.php 第 79 行.
NOTIC: [8] Undefined index: label E:\wamp\www\Blog\Application\Runtime\Cache\Home\2a94b8bda04ff446dcedd42276fc99ee.php 第 48 行.
NOTIC: [8] Undefined index: label E:\wamp\www\Blog\Application\Runtime\Cache\Home\2a94b8bda04ff446dcedd42276fc99ee.php 第 58 行.
NOTIC: [8] Undefined index: praise E:\wamp\www\Blog\Application\Runtime\Cache\Home\2a94b8bda04ff446dcedd42276fc99ee.php 第 79 行.
NOTIC: [8] Undefined index: label E:\wamp\www\Blog\Application\Runtime\Cache\Home\2a94b8bda04ff446dcedd42276fc99ee.php 第 48 行.
NOTIC: [8] Undefined index: label E:\wamp\www\Blog\Application\Runtime\Cache\Home\2a94b8bda04ff446dcedd42276fc99ee.php 第 58 行.
NOTIC: [8] Undefined index: praise E:\wamp\www\Blog\Application\Runtime\Cache\Home\2a94b8bda04ff446dcedd42276fc99ee.php 第 79 行.
NOTIC: [8] Undefined index: label E:\wamp\www\Blog\Application\Runtime\Cache\Home\2a94b8bda04ff446dcedd42276fc99ee.php 第 48 行.
NOTIC: [8] Undefined index: label E:\wamp\www\Blog\Application\Runtime\Cache\Home\2a94b8bda04ff446dcedd42276fc99ee.php 第 58 行.
NOTIC: [8] Undefined index: praise E:\wamp\www\Blog\Application\Runtime\Cache\Home\2a94b8bda04ff446dcedd42276fc99ee.php 第 79 行.
NOTIC: [8] Undefined index: label E:\wamp\www\Blog\Application\Runtime\Cache\Home\2a94b8bda04ff446dcedd42276fc99ee.php 第 48 行.
NOTIC: [8] Undefined index: label E:\wamp\www\Blog\Application\Runtime\Cache\Home\2a94b8bda04ff446dcedd42276fc99ee.php 第 58 行.
NOTIC: [8] Undefined index: praise E:\wamp\www\Blog\Application\Runtime\Cache\Home\2a94b8bda04ff446dcedd42276fc99ee.php 第 79 行.
NOTIC: [8] Undefined index: label E:\wamp\www\Blog\Application\Runtime\Cache\Home\2a94b8bda04ff446dcedd42276fc99ee.php 第 48 行.
NOTIC: [8] Undefined index: label E:\wamp\www\Blog\Application\Runtime\Cache\Home\2a94b8bda04ff446dcedd42276fc99ee.php 第 58 行.
NOTIC: [8] Undefined index: praise E:\wamp\www\Blog\Application\Runtime\Cache\Home\2a94b8bda04ff446dcedd42276fc99ee.php 第 79 行.
NOTIC: [8] Undefined index: label E:\wamp\www\Blog\Application\Runtime\Cache\Home\2a94b8bda04ff446dcedd42276fc99ee.php 第 48 行.
NOTIC: [8] Undefined index: label E:\wamp\www\Blog\Application\Runtime\Cache\Home\2a94b8bda04ff446dcedd42276fc99ee.php 第 58 行.
NOTIC: [8] Undefined index: praise E:\wamp\www\Blog\Application\Runtime\Cache\Home\2a94b8bda04ff446dcedd42276fc99ee.php 第 79 行.
NOTIC: [8] Undefined index: label E:\wamp\www\Blog\Application\Runtime\Cache\Home\2a94b8bda04ff446dcedd42276fc99ee.php 第 48 行.
NOTIC: [8] Undefined index: label E:\wamp\www\Blog\Application\Runtime\Cache\Home\2a94b8bda04ff446dcedd42276fc99ee.php 第 58 行.
NOTIC: [8] Undefined index: praise E:\wamp\www\Blog\Application\Runtime\Cache\Home\2a94b8bda04ff446dcedd42276fc99ee.php 第 79 行.
NOTIC: [8] Undefined index: label E:\wamp\www\Blog\Application\Runtime\Cache\Home\2a94b8bda04ff446dcedd42276fc99ee.php 第 48 行.
NOTIC: [8] Undefined index: label E:\wamp\www\Blog\Application\Runtime\Cache\Home\2a94b8bda04ff446dcedd42276fc99ee.php 第 58 行.
NOTIC: [8] Undefined index: praise E:\wamp\www\Blog\Application\Runtime\Cache\Home\2a94b8bda04ff446dcedd42276fc99ee.php 第 79 行.
NOTIC: [8] Undefined index: label E:\wamp\www\Blog\Application\Runtime\Cache\Home\2a94b8bda04ff446dcedd42276fc99ee.php 第 94 行.
NOTIC: [8] Undefined index: label E:\wamp\www\Blog\Application\Runtime\Cache\Home\2a94b8bda04ff446dcedd42276fc99ee.php 第 94 行.
NOTIC: [8] Undefined index: label E:\wamp\www\Blog\Application\Runtime\Cache\Home\2a94b8bda04ff446dcedd42276fc99ee.php 第 94 行.
NOTIC: [8] Undefined index: label E:\wamp\www\Blog\Application\Runtime\Cache\Home\2a94b8bda04ff446dcedd42276fc99ee.php 第 94 行.
NOTIC: [8] Undefined index: label E:\wamp\www\Blog\Application\Runtime\Cache\Home\2a94b8bda04ff446dcedd42276fc99ee.php 第 114 行.
NOTIC: [8] Undefined index: label E:\wamp\www\Blog\Application\Runtime\Cache\Home\2a94b8bda04ff446dcedd42276fc99ee.php 第 114 行.
NOTIC: [8] Undefined index: label E:\wamp\www\Blog\Application\Runtime\Cache\Home\2a94b8bda04ff446dcedd42276fc99ee.php 第 114 行.
NOTIC: [8] Undefined index: label E:\wamp\www\Blog\Application\Runtime\Cache\Home\2a94b8bda04ff446dcedd42276fc99ee.php 第 114 行.
NOTIC: [8] Undefined index: label E:\wamp\www\Blog\Application\Runtime\Cache\Home\2a94b8bda04ff446dcedd42276fc99ee.php 第 114 行.
NOTIC: [8] Undefined index: label E:\wamp\www\Blog\Application\Runtime\Cache\Home\2a94b8bda04ff446dcedd42276fc99ee.php 第 114 行.
INFO: Run Behavior\ParseTemplateBehavior [ RunTime:0.026617s ]
INFO: [ view_parse ] --END-- [ RunTime:0.026810s ]
INFO: [ view_filter ] --START--
INFO: Run Behavior\WriteHtmlCacheBehavior [ RunTime:0.000462s ]
INFO: [ view_filter ] --END-- [ RunTime:0.000578s ]
INFO: [ app_end ] --START--
INFO: Run Behavior\ShowPageTraceBehavior [ RunTime:0.000681s ]
INFO: [ app_end ] --END-- [ RunTime:0.000825s ]

[ 2015-08-22T23:02:56+08:00 ] ::1 /blog/Public/images/icon.ico
INFO: [ app_init ] --START--
INFO: Run Behavior\BuildLiteBehavior [ RunTime:0.000031s ]
INFO: [ app_init ] --END-- [ RunTime:0.000470s ]

[ 2015-08-22T23:02:56+08:00 ] ::1 /blog/Public/images/icon.ico
INFO: [ app_init ] --START--
INFO: Run Behavior\BuildLiteBehavior [ RunTime:0.000032s ]
INFO: [ app_init ] --END-- [ RunTime:0.000490s ]

