[ 2015-08-20T08:10:04+08:00 ] ::1 /Blog/
INFO: [ app_init ] --START--
INFO: Run Behavior\BuildLiteBehavior [ RunTime:0.000048s ]
INFO: [ app_init ] --END-- [ RunTime:0.007968s ]
INFO: [ app_begin ] --START--
INFO: Run Behavior\ReadHtmlCacheBehavior [ RunTime:0.009113s ]
INFO: [ app_begin ] --END-- [ RunTime:0.009353s ]
SQL: SHOW COLUMNS FROM `mb_webinfo` [ RunTime:0.0141s ]
SQL: UPDATE `mb_webinfo` SET `webview`=webview+1 WHERE ( id=0 ) [ RunTime:0.0007s ]
SQL: SELECT * FROM `mb_webinfo`  [ RunTime:0.0004s ]
SQL: SHOW COLUMNS FROM `mb_articles` [ RunTime:0.0119s ]
SQL: SELECT `title`,`type`,`id`,`img` FROM `mb_articles` ORDER BY pageview desc LIMIT 4   [ RunTime:0.0007s ]
SQL: SELECT COUNT(*) AS tp_count FROM `mb_articles` LIMIT 1   [ RunTime:0.0003s ]
SQL: SELECT * FROM `mb_articles` ORDER BY time desc LIMIT 0,10   [ RunTime:0.0007s ]
SQL: SHOW COLUMNS FROM `mb_tags` [ RunTime:0.0105s ]
SQL: SELECT * FROM `mb_tags`  [ RunTime:0.0003s ]
INFO: [ view_parse ] --START--
INFO: [ template_filter ] --START--
INFO: Run Behavior\ContentReplaceBehavior [ RunTime:0.000134s ]
INFO: [ template_filter ] --END-- [ RunTime:0.000355s ]
NOTIC: [8] Undefined index: label E:\wamp\www\Blog\Application\Runtime\Cache\Home\2a94b8bda04ff446dcedd42276fc99ee.php 第 48 行.
NOTIC: [8] Undefined index: label E:\wamp\www\Blog\Application\Runtime\Cache\Home\2a94b8bda04ff446dcedd42276fc99ee.php 第 58 行.
NOTIC: [8] Undefined index: praise E:\wamp\www\Blog\Application\Runtime\Cache\Home\2a94b8bda04ff446dcedd42276fc99ee.php 第 79 行.
NOTIC: [8] Undefined index: label E:\wamp\www\Blog\Application\Runtime\Cache\Home\2a94b8bda04ff446dcedd42276fc99ee.php 第 48 行.
NOTIC: [8] Undefined index: label E:\wamp\www\Blog\Application\Runtime\Cache\Home\2a94b8bda04ff446dcedd42276fc99ee.php 第 58 行.
NOTIC: [8] Undefined index: praise E:\wamp\www\Blog\Application\Runtime\Cache\Home\2a94b8bda04ff446dcedd42276fc99ee.php 第 79 行.
NOTIC: [8] Undefined index: label E:\wamp\www\Blog\Application\Runtime\Cache\Home\2a94b8bda04ff446dcedd42276fc99ee.php 第 48 行.
NOTIC: [8] Undefined index: label E:\wamp\www\Blog\Application\Runtime\Cache\Home\2a94b8bda04ff446dcedd42276fc99ee.php 第 58 行.
NOTIC: [8] Undefined index: praise E:\wamp\www\Blog\Application\Runtime\Cache\Home\2a94b8bda04ff446dcedd42276fc99ee.php 第 79 行.
NOTIC: [8] Undefined index: label E:\wamp\www\Blog\Application\Runtime\Cache\Home\2a94b8bda04ff446dcedd42276fc99ee.php 第 48 行.
NOTIC: [8] Undefined index: label E:\wamp\www\Blog\Application\Runtime\Cache\Home\2a94b8bda04ff446dcedd42276fc99ee.php 第 58 行.
NOTIC: [8] Undefined index: praise E:\wamp\www\Blog\Application\Runtime\Cache\Home\2a94b8bda04ff446dcedd42276fc99ee.php 第 79 行.
NOTIC: [8] Undefined index: label E:\wamp\www\Blog\Application\Runtime\Cache\Home\2a94b8bda04ff446dcedd42276fc99ee.php 第 48 行.
NOTIC: [8] Undefined index: label E:\wamp\www\Blog\Application\Runtime\Cache\Home\2a94b8bda04ff446dcedd42276fc99ee.php 第 58 行.
NOTIC: [8] Undefined index: praise E:\wamp\www\Blog\Application\Runtime\Cache\Home\2a94b8bda04ff446dcedd42276fc99ee.php 第 79 行.
NOTIC: [8] Undefined index: label E:\wamp\www\Blog\Application\Runtime\Cache\Home\2a94b8bda04ff446dcedd42276fc99ee.php 第 48 行.
NOTIC: [8] Undefined index: label E:\wamp\www\Blog\Application\Runtime\Cache\Home\2a94b8bda04ff446dcedd42276fc99ee.php 第 58 行.
NOTIC: [8] Undefined index: praise E:\wamp\www\Blog\Application\Runtime\Cache\Home\2a94b8bda04ff446dcedd42276fc99ee.php 第 79 行.
NOTIC: [8] Undefined index: label E:\wamp\www\Blog\Application\Runtime\Cache\Home\2a94b8bda04ff446dcedd42276fc99ee.php 第 48 行.
NOTIC: [8] Undefined index: label E:\wamp\www\Blog\Application\Runtime\Cache\Home\2a94b8bda04ff446dcedd42276fc99ee.php 第 58 行.
NOTIC: [8] Undefined index: praise E:\wamp\www\Blog\Application\Runtime\Cache\Home\2a94b8bda04ff446dcedd42276fc99ee.php 第 79 行.
NOTIC: [8] Undefined index: label E:\wamp\www\Blog\Application\Runtime\Cache\Home\2a94b8bda04ff446dcedd42276fc99ee.php 第 48 行.
NOTIC: [8] Undefined index: label E:\wamp\www\Blog\Application\Runtime\Cache\Home\2a94b8bda04ff446dcedd42276fc99ee.php 第 58 行.
NOTIC: [8] Undefined index: praise E:\wamp\www\Blog\Application\Runtime\Cache\Home\2a94b8bda04ff446dcedd42276fc99ee.php 第 79 行.
NOTIC: [8] Undefined index: label E:\wamp\www\Blog\Application\Runtime\Cache\Home\2a94b8bda04ff446dcedd42276fc99ee.php 第 48 行.
NOTIC: [8] Undefined index: label E:\wamp\www\Blog\Application\Runtime\Cache\Home\2a94b8bda04ff446dcedd42276fc99ee.php 第 58 行.
NOTIC: [8] Undefined index: praise E:\wamp\www\Blog\Application\Runtime\Cache\Home\2a94b8bda04ff446dcedd42276fc99ee.php 第 79 行.
NOTIC: [8] Undefined index: label E:\wamp\www\Blog\Application\Runtime\Cache\Home\2a94b8bda04ff446dcedd42276fc99ee.php 第 48 行.
NOTIC: [8] Undefined index: label E:\wamp\www\Blog\Application\Runtime\Cache\Home\2a94b8bda04ff446dcedd42276fc99ee.php 第 58 行.
NOTIC: [8] Undefined index: praise E:\wamp\www\Blog\Application\Runtime\Cache\Home\2a94b8bda04ff446dcedd42276fc99ee.php 第 79 行.
NOTIC: [8] Undefined index: label E:\wamp\www\Blog\Application\Runtime\Cache\Home\2a94b8bda04ff446dcedd42276fc99ee.php 第 94 行.
NOTIC: [8] Undefined index: label E:\wamp\www\Blog\Application\Runtime\Cache\Home\2a94b8bda04ff446dcedd42276fc99ee.php 第 94 行.
NOTIC: [8] Undefined index: label E:\wamp\www\Blog\Application\Runtime\Cache\Home\2a94b8bda04ff446dcedd42276fc99ee.php 第 94 行.
NOTIC: [8] Undefined index: label E:\wamp\www\Blog\Application\Runtime\Cache\Home\2a94b8bda04ff446dcedd42276fc99ee.php 第 94 行.
NOTIC: [8] Undefined index: label E:\wamp\www\Blog\Application\Runtime\Cache\Home\2a94b8bda04ff446dcedd42276fc99ee.php 第 114 行.
NOTIC: [8] Undefined index: label E:\wamp\www\Blog\Application\Runtime\Cache\Home\2a94b8bda04ff446dcedd42276fc99ee.php 第 114 行.
NOTIC: [8] Undefined index: label E:\wamp\www\Blog\Application\Runtime\Cache\Home\2a94b8bda04ff446dcedd42276fc99ee.php 第 114 行.
NOTIC: [8] Undefined index: label E:\wamp\www\Blog\Application\Runtime\Cache\Home\2a94b8bda04ff446dcedd42276fc99ee.php 第 114 行.
NOTIC: [8] Undefined index: label E:\wamp\www\Blog\Application\Runtime\Cache\Home\2a94b8bda04ff446dcedd42276fc99ee.php 第 114 行.
NOTIC: [8] Undefined index: label E:\wamp\www\Blog\Application\Runtime\Cache\Home\2a94b8bda04ff446dcedd42276fc99ee.php 第 114 行.
INFO: Run Behavior\ParseTemplateBehavior [ RunTime:0.122807s ]
INFO: [ view_parse ] --END-- [ RunTime:0.123006s ]
INFO: [ view_filter ] --START--
INFO: Run Behavior\WriteHtmlCacheBehavior [ RunTime:0.006397s ]
INFO: [ view_filter ] --END-- [ RunTime:0.006616s ]
INFO: [ app_end ] --START--
INFO: Run Behavior\ShowPageTraceBehavior [ RunTime:0.009561s ]
INFO: [ app_end ] --END-- [ RunTime:0.009925s ]

[ 2015-08-20T08:10:04+08:00 ] ::1 /Blog/Public/images/logo2.ico
INFO: [ app_init ] --START--
INFO: Run Behavior\BuildLiteBehavior [ RunTime:0.000043s ]
INFO: [ app_init ] --END-- [ RunTime:0.000691s ]

[ 2015-08-20T08:10:04+08:00 ] ::1 /Blog/Public/images/logo2.ico
INFO: [ app_init ] --START--
INFO: Run Behavior\BuildLiteBehavior [ RunTime:0.000047s ]
INFO: [ app_init ] --END-- [ RunTime:0.000709s ]

[ 2015-08-20T08:10:07+08:00 ] ::1 /Blog/article/default/17
INFO: [ app_init ] --START--
INFO: Run Behavior\BuildLiteBehavior [ RunTime:0.000070s ]
INFO: [ app_init ] --END-- [ RunTime:0.001020s ]
INFO: [ app_begin ] --START--
INFO: Run Behavior\ReadHtmlCacheBehavior [ RunTime:0.001726s ]
INFO: [ app_begin ] --END-- [ RunTime:0.002205s ]
SQL: SHOW COLUMNS FROM `mb_articles` [ RunTime:0.0128s ]
SQL: UPDATE `mb_articles` SET `pageview`=pageview+1 WHERE ( id=17 ) [ RunTime:0.0007s ]
SQL: SHOW COLUMNS FROM `mb_webinfo` [ RunTime:0.0088s ]
SQL: SELECT * FROM `mb_webinfo`  [ RunTime:0.0005s ]
SQL: SELECT * FROM `mb_articles` WHERE ( id=17 )  [ RunTime:0.0006s ]
SQL: SELECT `id`,`type`,`title`,`img` FROM `mb_articles` WHERE ( type=2 ) LIMIT 4   [ RunTime:0.0006s ]
SQL: SELECT `title`,`type`,`id`,`img` FROM `mb_articles` ORDER BY pageview desc LIMIT 4   [ RunTime:0.0006s ]
SQL: SHOW COLUMNS FROM `mb_comments` [ RunTime:0.0141s ]
SQL: SELECT * FROM `mb_comments` WHERE ( article_id=17 ) ORDER BY time desc  [ RunTime:0.0007s ]
SQL: SHOW COLUMNS FROM `mb_tags` [ RunTime:0.0089s ]
SQL: SELECT * FROM `mb_tags`  [ RunTime:0.0005s ]
INFO: [ view_parse ] --START--
INFO: [ template_filter ] --START--
INFO: Run Behavior\ContentReplaceBehavior [ RunTime:0.000168s ]
INFO: [ template_filter ] --END-- [ RunTime:0.000403s ]
NOTIC: [8] Use of undefined constant comment - assumed 'comment' E:\wamp\www\Blog\Application\Runtime\Cache\Home\2ac6c1276904b87404ed678dbabb985c.php 第 21 行.
NOTIC: [8] Use of undefined constant praise - assumed 'praise' E:\wamp\www\Blog\Application\Runtime\Cache\Home\2ac6c1276904b87404ed678dbabb985c.php 第 22 行.
NOTIC: [8] Undefined index: label E:\wamp\www\Blog\Application\Runtime\Cache\Home\2ac6c1276904b87404ed678dbabb985c.php 第 67 行.
NOTIC: [8] Undefined index: label E:\wamp\www\Blog\Application\Runtime\Cache\Home\2ac6c1276904b87404ed678dbabb985c.php 第 74 行.
NOTIC: [8] Undefined index: label E:\wamp\www\Blog\Application\Runtime\Cache\Home\2ac6c1276904b87404ed678dbabb985c.php 第 92 行.
NOTIC: [8] Undefined index: label E:\wamp\www\Blog\Application\Runtime\Cache\Home\2ac6c1276904b87404ed678dbabb985c.php 第 97 行.
NOTIC: [8] Undefined index: label E:\wamp\www\Blog\Application\Runtime\Cache\Home\2ac6c1276904b87404ed678dbabb985c.php 第 92 行.
NOTIC: [8] Undefined index: label E:\wamp\www\Blog\Application\Runtime\Cache\Home\2ac6c1276904b87404ed678dbabb985c.php 第 97 行.
NOTIC: [8] Undefined index: label E:\wamp\www\Blog\Application\Runtime\Cache\Home\2ac6c1276904b87404ed678dbabb985c.php 第 168 行.
NOTIC: [8] Undefined index: label E:\wamp\www\Blog\Application\Runtime\Cache\Home\2ac6c1276904b87404ed678dbabb985c.php 第 168 行.
NOTIC: [8] Undefined index: label E:\wamp\www\Blog\Application\Runtime\Cache\Home\2ac6c1276904b87404ed678dbabb985c.php 第 168 行.
NOTIC: [8] Undefined index: label E:\wamp\www\Blog\Application\Runtime\Cache\Home\2ac6c1276904b87404ed678dbabb985c.php 第 168 行.
NOTIC: [8] Undefined index: label E:\wamp\www\Blog\Application\Runtime\Cache\Home\2ac6c1276904b87404ed678dbabb985c.php 第 188 行.
NOTIC: [8] Undefined index: label E:\wamp\www\Blog\Application\Runtime\Cache\Home\2ac6c1276904b87404ed678dbabb985c.php 第 188 行.
NOTIC: [8] Undefined index: label E:\wamp\www\Blog\Application\Runtime\Cache\Home\2ac6c1276904b87404ed678dbabb985c.php 第 188 行.
NOTIC: [8] Undefined index: label E:\wamp\www\Blog\Application\Runtime\Cache\Home\2ac6c1276904b87404ed678dbabb985c.php 第 188 行.
NOTIC: [8] Undefined index: label E:\wamp\www\Blog\Application\Runtime\Cache\Home\2ac6c1276904b87404ed678dbabb985c.php 第 188 行.
NOTIC: [8] Undefined index: label E:\wamp\www\Blog\Application\Runtime\Cache\Home\2ac6c1276904b87404ed678dbabb985c.php 第 188 行.
INFO: Run Behavior\ParseTemplateBehavior [ RunTime:0.102163s ]
INFO: [ view_parse ] --END-- [ RunTime:0.102369s ]
INFO: [ view_filter ] --START--
INFO: Run Behavior\WriteHtmlCacheBehavior [ RunTime:0.000826s ]
INFO: [ view_filter ] --END-- [ RunTime:0.001014s ]
INFO: [ app_end ] --START--
INFO: Run Behavior\ShowPageTraceBehavior [ RunTime:0.001103s ]
INFO: [ app_end ] --END-- [ RunTime:0.001313s ]

[ 2015-08-20T08:10:07+08:00 ] ::1 /Blog/Public/images/c.jpg
INFO: [ app_init ] --START--
INFO: Run Behavior\BuildLiteBehavior [ RunTime:0.000044s ]
INFO: [ app_init ] --END-- [ RunTime:0.000642s ]

[ 2015-08-20T13:29:28+08:00 ] ::1 /blog/Public/images/icon.ico
INFO: [ app_init ] --START--
INFO: Run Behavior\BuildLiteBehavior [ RunTime:0.000073s ]
INFO: [ app_init ] --END-- [ RunTime:0.001386s ]

[ 2015-08-20T13:29:28+08:00 ] ::1 /blog/Public/images/icon.ico
INFO: [ app_init ] --START--
INFO: Run Behavior\BuildLiteBehavior [ RunTime:0.000043s ]
INFO: [ app_init ] --END-- [ RunTime:0.000630s ]

