[ 2015-08-11T00:00:53+08:00 ] ::1 /Index/index
INFO: [ app_init ] --START--
INFO: Run Behavior\BuildLiteBehavior [ RunTime:0.000027s ]
INFO: [ app_init ] --END-- [ RunTime:0.000421s ]
INFO: [ app_begin ] --START--
INFO: Run Behavior\ReadHtmlCacheBehavior [ RunTime:0.000531s ]
INFO: [ app_begin ] --END-- [ RunTime:0.000672s ]
SQL: SHOW COLUMNS FROM `article` [ RunTime:0.0023s ]
SQL: SHOW COLUMNS FROM `webinfo` [ RunTime:0.0026s ]
SQL: UPDATE `webinfo` SET `webview`=webview+1 WHERE ( id=0 ) [ RunTime:0.0003s ]
SQL: SELECT * FROM `webinfo`  [ RunTime:0.0002s ]
SQL: SELECT `title`,`label`,`id` FROM `article` ORDER BY pageview desc LIMIT 4   [ RunTime:0.0003s ]
SQL: SELECT COUNT(*) AS tp_count FROM `article` LIMIT 1   [ RunTime:0.0002s ]
SQL: SELECT * FROM `article` ORDER BY time desc LIMIT 0,6   [ RunTime:0.0005s ]
INFO: [ view_parse ] --START--
INFO: [ template_filter ] --START--
INFO: Run Behavior\ContentReplaceBehavior [ RunTime:0.000096s ]
INFO: [ template_filter ] --END-- [ RunTime:0.000247s ]
INFO: Run Behavior\ParseTemplateBehavior [ RunTime:0.014179s ]
INFO: [ view_parse ] --END-- [ RunTime:0.014323s ]
INFO: [ view_filter ] --START--
INFO: Run Behavior\WriteHtmlCacheBehavior [ RunTime:0.000673s ]
INFO: [ view_filter ] --END-- [ RunTime:0.000870s ]
INFO: [ app_end ] --START--
INFO: Run Behavior\ShowPageTraceBehavior [ RunTime:0.000916s ]
INFO: [ app_end ] --END-- [ RunTime:0.001197s ]

[ 2015-08-11T00:00:53+08:00 ] ::1 /Index/index
INFO: [ app_init ] --START--
INFO: Run Behavior\BuildLiteBehavior [ RunTime:0.000075s ]
INFO: [ app_init ] --END-- [ RunTime:0.000779s ]
INFO: [ app_begin ] --START--
INFO: Run Behavior\ReadHtmlCacheBehavior [ RunTime:0.000640s ]
INFO: [ app_begin ] --END-- [ RunTime:0.000799s ]
SQL: SHOW COLUMNS FROM `article` [ RunTime:0.0020s ]
SQL: SHOW COLUMNS FROM `webinfo` [ RunTime:0.0018s ]
SQL: UPDATE `webinfo` SET `webview`=webview+1 WHERE ( id=0 ) [ RunTime:0.0003s ]
SQL: SELECT * FROM `webinfo`  [ RunTime:0.0002s ]
SQL: SELECT `title`,`label`,`id` FROM `article` ORDER BY pageview desc LIMIT 4   [ RunTime:0.0003s ]
SQL: SELECT COUNT(*) AS tp_count FROM `article` LIMIT 1   [ RunTime:0.0002s ]
SQL: SELECT * FROM `article` ORDER BY time desc LIMIT 0,6   [ RunTime:0.0004s ]
INFO: [ view_parse ] --START--
INFO: [ template_filter ] --START--
INFO: Run Behavior\ContentReplaceBehavior [ RunTime:0.000107s ]
INFO: [ template_filter ] --END-- [ RunTime:0.000238s ]
INFO: Run Behavior\ParseTemplateBehavior [ RunTime:0.013158s ]
INFO: [ view_parse ] --END-- [ RunTime:0.013306s ]
INFO: [ view_filter ] --START--
INFO: Run Behavior\WriteHtmlCacheBehavior [ RunTime:0.000378s ]
INFO: [ view_filter ] --END-- [ RunTime:0.000491s ]
INFO: [ app_end ] --START--
INFO: Run Behavior\ShowPageTraceBehavior [ RunTime:0.000608s ]
INFO: [ app_end ] --END-- [ RunTime:0.000754s ]

[ 2015-08-11T00:01:33+08:00 ] ::1 /Index/index
INFO: [ app_init ] --START--
INFO: Run Behavior\BuildLiteBehavior [ RunTime:0.000027s ]
INFO: [ app_init ] --END-- [ RunTime:0.000448s ]
INFO: [ app_begin ] --START--
INFO: Run Behavior\ReadHtmlCacheBehavior [ RunTime:0.000598s ]
INFO: [ app_begin ] --END-- [ RunTime:0.000758s ]
SQL: SHOW COLUMNS FROM `article` [ RunTime:0.0022s ]
SQL: SHOW COLUMNS FROM `webinfo` [ RunTime:0.0022s ]
SQL: UPDATE `webinfo` SET `webview`=webview+1 WHERE ( id=0 ) [ RunTime:0.0002s ]
SQL: SELECT * FROM `webinfo`  [ RunTime:0.0002s ]
SQL: SELECT `title`,`label`,`id` FROM `article` ORDER BY pageview desc LIMIT 4   [ RunTime:0.0004s ]
SQL: SELECT COUNT(*) AS tp_count FROM `article` LIMIT 1   [ RunTime:0.0002s ]
SQL: SELECT * FROM `article` ORDER BY time desc LIMIT 0,6   [ RunTime:0.0004s ]
INFO: [ view_parse ] --START--
INFO: [ template_filter ] --START--
INFO: Run Behavior\ContentReplaceBehavior [ RunTime:0.000077s ]
INFO: [ template_filter ] --END-- [ RunTime:0.000210s ]
INFO: Run Behavior\ParseTemplateBehavior [ RunTime:0.012948s ]
INFO: [ view_parse ] --END-- [ RunTime:0.013092s ]
INFO: [ view_filter ] --START--
INFO: Run Behavior\WriteHtmlCacheBehavior [ RunTime:0.000395s ]
INFO: [ view_filter ] --END-- [ RunTime:0.000511s ]
INFO: [ app_end ] --START--
INFO: Run Behavior\ShowPageTraceBehavior [ RunTime:0.000752s ]
INFO: [ app_end ] --END-- [ RunTime:0.000971s ]

[ 2015-08-11T00:02:17+08:00 ] ::1 /Index/index
INFO: [ app_init ] --START--
INFO: Run Behavior\BuildLiteBehavior [ RunTime:0.000028s ]
INFO: [ app_init ] --END-- [ RunTime:0.000452s ]
INFO: [ app_begin ] --START--
INFO: Run Behavior\ReadHtmlCacheBehavior [ RunTime:0.000598s ]
INFO: [ app_begin ] --END-- [ RunTime:0.000743s ]
SQL: SHOW COLUMNS FROM `article` [ RunTime:0.0021s ]
SQL: SHOW COLUMNS FROM `webinfo` [ RunTime:0.0020s ]
SQL: UPDATE `webinfo` SET `webview`=webview+1 WHERE ( id=0 ) [ RunTime:0.0002s ]
SQL: SELECT * FROM `webinfo`  [ RunTime:0.0002s ]
SQL: SELECT `title`,`label`,`id` FROM `article` ORDER BY pageview desc LIMIT 4   [ RunTime:0.0003s ]
SQL: SELECT COUNT(*) AS tp_count FROM `article` LIMIT 1   [ RunTime:0.0002s ]
SQL: SELECT * FROM `article` ORDER BY time desc LIMIT 0,6   [ RunTime:0.0005s ]
INFO: [ view_parse ] --START--
INFO: [ template_filter ] --START--
INFO: Run Behavior\ContentReplaceBehavior [ RunTime:0.000079s ]
INFO: [ template_filter ] --END-- [ RunTime:0.000209s ]
INFO: Run Behavior\ParseTemplateBehavior [ RunTime:0.013062s ]
INFO: [ view_parse ] --END-- [ RunTime:0.013253s ]
INFO: [ view_filter ] --START--
INFO: Run Behavior\WriteHtmlCacheBehavior [ RunTime:0.000333s ]
INFO: [ view_filter ] --END-- [ RunTime:0.000447s ]
INFO: [ app_end ] --START--
INFO: Run Behavior\ShowPageTraceBehavior [ RunTime:0.000971s ]
INFO: [ app_end ] --END-- [ RunTime:0.001276s ]

[ 2015-08-11T00:02:34+08:00 ] ::1 /Index/index
INFO: [ app_init ] --START--
INFO: Run Behavior\BuildLiteBehavior [ RunTime:0.000026s ]
INFO: [ app_init ] --END-- [ RunTime:0.000424s ]
INFO: [ app_begin ] --START--
INFO: Run Behavior\ReadHtmlCacheBehavior [ RunTime:0.000963s ]
INFO: [ app_begin ] --END-- [ RunTime:0.001417s ]
SQL: SHOW COLUMNS FROM `article` [ RunTime:0.0025s ]
SQL: SHOW COLUMNS FROM `webinfo` [ RunTime:0.0025s ]
SQL: UPDATE `webinfo` SET `webview`=webview+1 WHERE ( id=0 ) [ RunTime:0.0002s ]
SQL: SELECT * FROM `webinfo`  [ RunTime:0.0002s ]
SQL: SELECT `title`,`label`,`id` FROM `article` ORDER BY pageview desc LIMIT 4   [ RunTime:0.0004s ]
SQL: SELECT COUNT(*) AS tp_count FROM `article` LIMIT 1   [ RunTime:0.0002s ]
SQL: SELECT * FROM `article` ORDER BY time desc LIMIT 0,6   [ RunTime:0.0004s ]
INFO: [ view_parse ] --START--
INFO: [ template_filter ] --START--
INFO: Run Behavior\ContentReplaceBehavior [ RunTime:0.000088s ]
INFO: [ template_filter ] --END-- [ RunTime:0.000235s ]
INFO: Run Behavior\ParseTemplateBehavior [ RunTime:0.013951s ]
INFO: [ view_parse ] --END-- [ RunTime:0.014098s ]
INFO: [ view_filter ] --START--
INFO: Run Behavior\WriteHtmlCacheBehavior [ RunTime:0.000484s ]
INFO: [ view_filter ] --END-- [ RunTime:0.000607s ]
INFO: [ app_end ] --START--
INFO: Run Behavior\ShowPageTraceBehavior [ RunTime:0.001095s ]
INFO: [ app_end ] --END-- [ RunTime:0.001453s ]

[ 2015-08-11T00:03:00+08:00 ] ::1 /Index/index
INFO: [ app_init ] --START--
INFO: Run Behavior\BuildLiteBehavior [ RunTime:0.000031s ]
INFO: [ app_init ] --END-- [ RunTime:0.000483s ]
INFO: [ app_begin ] --START--
INFO: Run Behavior\ReadHtmlCacheBehavior [ RunTime:0.000712s ]
INFO: [ app_begin ] --END-- [ RunTime:0.000921s ]
SQL: SHOW COLUMNS FROM `article` [ RunTime:0.0021s ]
SQL: SHOW COLUMNS FROM `webinfo` [ RunTime:0.0027s ]
SQL: UPDATE `webinfo` SET `webview`=webview+1 WHERE ( id=0 ) [ RunTime:0.0003s ]
SQL: SELECT * FROM `webinfo`  [ RunTime:0.0002s ]
SQL: SELECT `title`,`label`,`id` FROM `article` ORDER BY pageview desc LIMIT 4   [ RunTime:0.0003s ]
SQL: SELECT COUNT(*) AS tp_count FROM `article` LIMIT 1   [ RunTime:0.0002s ]
SQL: SELECT * FROM `article` ORDER BY time desc LIMIT 0,6   [ RunTime:0.0005s ]
INFO: [ view_parse ] --START--
INFO: [ template_filter ] --START--
INFO: Run Behavior\ContentReplaceBehavior [ RunTime:0.000087s ]
INFO: [ template_filter ] --END-- [ RunTime:0.000261s ]
INFO: Run Behavior\ParseTemplateBehavior [ RunTime:0.018155s ]
INFO: [ view_parse ] --END-- [ RunTime:0.018305s ]
INFO: [ view_filter ] --START--
INFO: Run Behavior\WriteHtmlCacheBehavior [ RunTime:0.000433s ]
INFO: [ view_filter ] --END-- [ RunTime:0.000597s ]
INFO: [ app_end ] --START--
INFO: Run Behavior\ShowPageTraceBehavior [ RunTime:0.000914s ]
INFO: [ app_end ] --END-- [ RunTime:0.001146s ]

[ 2015-08-11T00:03:42+08:00 ] ::1 /Index/index
INFO: [ app_init ] --START--
INFO: Run Behavior\BuildLiteBehavior [ RunTime:0.000051s ]
INFO: [ app_init ] --END-- [ RunTime:0.000746s ]
INFO: [ app_begin ] --START--
INFO: Run Behavior\ReadHtmlCacheBehavior [ RunTime:0.001106s ]
INFO: [ app_begin ] --END-- [ RunTime:0.001399s ]
SQL: SHOW COLUMNS FROM `article` [ RunTime:0.0031s ]
SQL: SHOW COLUMNS FROM `webinfo` [ RunTime:0.0033s ]
SQL: UPDATE `webinfo` SET `webview`=webview+1 WHERE ( id=0 ) [ RunTime:0.0002s ]
SQL: SELECT * FROM `webinfo`  [ RunTime:0.0002s ]
SQL: SELECT `title`,`label`,`id` FROM `article` ORDER BY pageview desc LIMIT 4   [ RunTime:0.0004s ]
SQL: SELECT COUNT(*) AS tp_count FROM `article` LIMIT 1   [ RunTime:0.0002s ]
SQL: SELECT * FROM `article` ORDER BY time desc LIMIT 0,6   [ RunTime:0.0005s ]
INFO: [ view_parse ] --START--
INFO: [ template_filter ] --START--
INFO: Run Behavior\ContentReplaceBehavior [ RunTime:0.000080s ]
INFO: [ template_filter ] --END-- [ RunTime:0.000236s ]
INFO: Run Behavior\ParseTemplateBehavior [ RunTime:0.013981s ]
INFO: [ view_parse ] --END-- [ RunTime:0.014128s ]
INFO: [ view_filter ] --START--
INFO: Run Behavior\WriteHtmlCacheBehavior [ RunTime:0.000458s ]
INFO: [ view_filter ] --END-- [ RunTime:0.000589s ]
INFO: [ app_end ] --START--
INFO: Run Behavior\ShowPageTraceBehavior [ RunTime:0.000684s ]
INFO: [ app_end ] --END-- [ RunTime:0.000829s ]

[ 2015-08-11T00:04:33+08:00 ] ::1 /Index/index
INFO: [ app_init ] --START--
INFO: Run Behavior\BuildLiteBehavior [ RunTime:0.000027s ]
INFO: [ app_init ] --END-- [ RunTime:0.000407s ]
INFO: [ app_begin ] --START--
INFO: Run Behavior\ReadHtmlCacheBehavior [ RunTime:0.000646s ]
INFO: [ app_begin ] --END-- [ RunTime:0.000974s ]
SQL: SHOW COLUMNS FROM `article` [ RunTime:0.0022s ]
SQL: SHOW COLUMNS FROM `webinfo` [ RunTime:0.0020s ]
SQL: UPDATE `webinfo` SET `webview`=webview+1 WHERE ( id=0 ) [ RunTime:0.0003s ]
SQL: SELECT * FROM `webinfo`  [ RunTime:0.0002s ]
SQL: SELECT `title`,`label`,`id` FROM `article` ORDER BY pageview desc LIMIT 4   [ RunTime:0.0003s ]
SQL: SELECT COUNT(*) AS tp_count FROM `article` LIMIT 1   [ RunTime:0.0002s ]
SQL: SELECT * FROM `article` ORDER BY time desc LIMIT 0,6   [ RunTime:0.0007s ]
INFO: [ view_parse ] --START--
INFO: [ template_filter ] --START--
INFO: Run Behavior\ContentReplaceBehavior [ RunTime:0.000079s ]
INFO: [ template_filter ] --END-- [ RunTime:0.000232s ]
INFO: Run Behavior\ParseTemplateBehavior [ RunTime:0.013737s ]
INFO: [ view_parse ] --END-- [ RunTime:0.013955s ]
INFO: [ view_filter ] --START--
INFO: Run Behavior\WriteHtmlCacheBehavior [ RunTime:0.000653s ]
INFO: [ view_filter ] --END-- [ RunTime:0.000905s ]
INFO: [ app_end ] --START--
INFO: Run Behavior\ShowPageTraceBehavior [ RunTime:0.001020s ]
INFO: [ app_end ] --END-- [ RunTime:0.001255s ]

[ 2015-08-11T00:04:41+08:00 ] ::1 /Index/index
INFO: [ app_init ] --START--
INFO: Run Behavior\BuildLiteBehavior [ RunTime:0.000028s ]
INFO: [ app_init ] --END-- [ RunTime:0.000434s ]
INFO: [ app_begin ] --START--
INFO: Run Behavior\ReadHtmlCacheBehavior [ RunTime:0.000623s ]
INFO: [ app_begin ] --END-- [ RunTime:0.000776s ]
SQL: SHOW COLUMNS FROM `article` [ RunTime:0.0026s ]
SQL: SHOW COLUMNS FROM `webinfo` [ RunTime:0.0017s ]
SQL: UPDATE `webinfo` SET `webview`=webview+1 WHERE ( id=0 ) [ RunTime:0.0003s ]
SQL: SELECT * FROM `webinfo`  [ RunTime:0.0002s ]
SQL: SELECT `title`,`label`,`id` FROM `article` ORDER BY pageview desc LIMIT 4   [ RunTime:0.0003s ]
SQL: SELECT COUNT(*) AS tp_count FROM `article` LIMIT 1   [ RunTime:0.0003s ]
SQL: SELECT * FROM `article` ORDER BY time desc LIMIT 0,6   [ RunTime:0.0004s ]
INFO: [ view_parse ] --START--
INFO: [ template_filter ] --START--
INFO: Run Behavior\ContentReplaceBehavior [ RunTime:0.000079s ]
INFO: [ template_filter ] --END-- [ RunTime:0.000212s ]
INFO: Run Behavior\ParseTemplateBehavior [ RunTime:0.015967s ]
INFO: [ view_parse ] --END-- [ RunTime:0.016114s ]
INFO: [ view_filter ] --START--
INFO: Run Behavior\WriteHtmlCacheBehavior [ RunTime:0.000692s ]
INFO: [ view_filter ] --END-- [ RunTime:0.000831s ]
INFO: [ app_end ] --START--
INFO: Run Behavior\ShowPageTraceBehavior [ RunTime:0.000992s ]
INFO: [ app_end ] --END-- [ RunTime:0.001238s ]

[ 2015-08-11T00:04:48+08:00 ] ::1 /Index/index
INFO: [ app_init ] --START--
INFO: Run Behavior\BuildLiteBehavior [ RunTime:0.000026s ]
INFO: [ app_init ] --END-- [ RunTime:0.000427s ]
INFO: [ app_begin ] --START--
INFO: Run Behavior\ReadHtmlCacheBehavior [ RunTime:0.000822s ]
INFO: [ app_begin ] --END-- [ RunTime:0.001061s ]
SQL: SHOW COLUMNS FROM `article` [ RunTime:0.0024s ]
SQL: SHOW COLUMNS FROM `webinfo` [ RunTime:0.0023s ]
SQL: UPDATE `webinfo` SET `webview`=webview+1 WHERE ( id=0 ) [ RunTime:0.0003s ]
SQL: SELECT * FROM `webinfo`  [ RunTime:0.0002s ]
SQL: SELECT `title`,`label`,`id` FROM `article` ORDER BY pageview desc LIMIT 4   [ RunTime:0.0003s ]
SQL: SELECT COUNT(*) AS tp_count FROM `article` LIMIT 1   [ RunTime:0.0002s ]
SQL: SELECT * FROM `article` ORDER BY time desc LIMIT 0,6   [ RunTime:0.0004s ]
INFO: [ view_parse ] --START--
INFO: [ template_filter ] --START--
INFO: Run Behavior\ContentReplaceBehavior [ RunTime:0.000080s ]
INFO: [ template_filter ] --END-- [ RunTime:0.000217s ]
INFO: Run Behavior\ParseTemplateBehavior [ RunTime:0.013474s ]
INFO: [ view_parse ] --END-- [ RunTime:0.013670s ]
INFO: [ view_filter ] --START--
INFO: Run Behavior\WriteHtmlCacheBehavior [ RunTime:0.000489s ]
INFO: [ view_filter ] --END-- [ RunTime:0.000614s ]
INFO: [ app_end ] --START--
INFO: Run Behavior\ShowPageTraceBehavior [ RunTime:0.000671s ]
INFO: [ app_end ] --END-- [ RunTime:0.000829s ]

[ 2015-08-11T00:06:04+08:00 ] ::1 /Index/index
INFO: [ app_init ] --START--
INFO: Run Behavior\BuildLiteBehavior [ RunTime:0.000081s ]
INFO: [ app_init ] --END-- [ RunTime:0.000824s ]
INFO: [ app_begin ] --START--
INFO: Run Behavior\ReadHtmlCacheBehavior [ RunTime:0.000637s ]
INFO: [ app_begin ] --END-- [ RunTime:0.000787s ]
SQL: SHOW COLUMNS FROM `article` [ RunTime:0.0021s ]
SQL: SHOW COLUMNS FROM `webinfo` [ RunTime:0.0024s ]
SQL: UPDATE `webinfo` SET `webview`=webview+1 WHERE ( id=0 ) [ RunTime:0.0003s ]
SQL: SELECT * FROM `webinfo`  [ RunTime:0.0002s ]
SQL: SELECT `title`,`label`,`id` FROM `article` ORDER BY pageview desc LIMIT 4   [ RunTime:0.0003s ]
SQL: SELECT COUNT(*) AS tp_count FROM `article` LIMIT 1   [ RunTime:0.0002s ]
SQL: SELECT * FROM `article` ORDER BY time desc LIMIT 0,6   [ RunTime:0.0006s ]
INFO: [ view_parse ] --START--
INFO: [ template_filter ] --START--
INFO: Run Behavior\ContentReplaceBehavior [ RunTime:0.000109s ]
INFO: [ template_filter ] --END-- [ RunTime:0.000265s ]
INFO: Run Behavior\ParseTemplateBehavior [ RunTime:0.014650s ]
INFO: [ view_parse ] --END-- [ RunTime:0.014843s ]
INFO: [ view_filter ] --START--
INFO: Run Behavior\WriteHtmlCacheBehavior [ RunTime:0.000529s ]
INFO: [ view_filter ] --END-- [ RunTime:0.000662s ]
INFO: [ app_end ] --START--
INFO: Run Behavior\ShowPageTraceBehavior [ RunTime:0.000759s ]
INFO: [ app_end ] --END-- [ RunTime:0.000975s ]

[ 2015-08-11T00:06:59+08:00 ] ::1 /Index/index
INFO: [ app_init ] --START--
INFO: Run Behavior\BuildLiteBehavior [ RunTime:0.000027s ]
INFO: [ app_init ] --END-- [ RunTime:0.000430s ]
INFO: [ app_begin ] --START--
INFO: Run Behavior\ReadHtmlCacheBehavior [ RunTime:0.000581s ]
INFO: [ app_begin ] --END-- [ RunTime:0.000746s ]
SQL: SHOW COLUMNS FROM `article` [ RunTime:0.0037s ]
SQL: SHOW COLUMNS FROM `webinfo` [ RunTime:0.0026s ]
SQL: UPDATE `webinfo` SET `webview`=webview+1 WHERE ( id=0 ) [ RunTime:0.0003s ]
SQL: SELECT * FROM `webinfo`  [ RunTime:0.0002s ]
SQL: SELECT `title`,`label`,`id` FROM `article` ORDER BY pageview desc LIMIT 4   [ RunTime:0.0003s ]
SQL: SELECT COUNT(*) AS tp_count FROM `article` LIMIT 1   [ RunTime:0.0002s ]
SQL: SELECT * FROM `article` ORDER BY time desc LIMIT 0,6   [ RunTime:0.0006s ]
INFO: [ view_parse ] --START--
INFO: [ template_filter ] --START--
INFO: Run Behavior\ContentReplaceBehavior [ RunTime:0.000130s ]
INFO: [ template_filter ] --END-- [ RunTime:0.000413s ]
INFO: Run Behavior\ParseTemplateBehavior [ RunTime:0.015010s ]
INFO: [ view_parse ] --END-- [ RunTime:0.015144s ]
INFO: [ view_filter ] --START--
INFO: Run Behavior\WriteHtmlCacheBehavior [ RunTime:0.000404s ]
INFO: [ view_filter ] --END-- [ RunTime:0.000517s ]
INFO: [ app_end ] --START--
INFO: Run Behavior\ShowPageTraceBehavior [ RunTime:0.000866s ]
INFO: [ app_end ] --END-- [ RunTime:0.001087s ]

[ 2015-08-11T00:07:02+08:00 ] ::1 /Index/index/p/2
INFO: [ app_init ] --START--
INFO: Run Behavior\BuildLiteBehavior [ RunTime:0.000028s ]
INFO: [ app_init ] --END-- [ RunTime:0.000415s ]
INFO: [ app_begin ] --START--
INFO: Run Behavior\ReadHtmlCacheBehavior [ RunTime:0.000530s ]
INFO: [ app_begin ] --END-- [ RunTime:0.000667s ]
SQL: SHOW COLUMNS FROM `article` [ RunTime:0.0034s ]
SQL: SHOW COLUMNS FROM `webinfo` [ RunTime:0.0025s ]
SQL: UPDATE `webinfo` SET `webview`=webview+1 WHERE ( id=0 ) [ RunTime:0.0002s ]
SQL: SELECT * FROM `webinfo`  [ RunTime:0.0002s ]
SQL: SELECT `title`,`label`,`id` FROM `article` ORDER BY pageview desc LIMIT 4   [ RunTime:0.0003s ]
SQL: SELECT COUNT(*) AS tp_count FROM `article` LIMIT 1   [ RunTime:0.0002s ]
SQL: SELECT * FROM `article` ORDER BY time desc LIMIT 6,6   [ RunTime:0.0005s ]
INFO: [ view_parse ] --START--
INFO: [ template_filter ] --START--
INFO: Run Behavior\ContentReplaceBehavior [ RunTime:0.000078s ]
INFO: [ template_filter ] --END-- [ RunTime:0.000228s ]
INFO: Run Behavior\ParseTemplateBehavior [ RunTime:0.015129s ]
INFO: [ view_parse ] --END-- [ RunTime:0.015342s ]
INFO: [ view_filter ] --START--
INFO: Run Behavior\WriteHtmlCacheBehavior [ RunTime:0.000608s ]
INFO: [ view_filter ] --END-- [ RunTime:0.000839s ]
INFO: [ app_end ] --START--
INFO: Run Behavior\ShowPageTraceBehavior [ RunTime:0.000857s ]
INFO: [ app_end ] --END-- [ RunTime:0.001076s ]

[ 2015-08-11T00:07:04+08:00 ] ::1 /Index/index/p/3
INFO: [ app_init ] --START--
INFO: Run Behavior\BuildLiteBehavior [ RunTime:0.000028s ]
INFO: [ app_init ] --END-- [ RunTime:0.000455s ]
INFO: [ app_begin ] --START--
INFO: Run Behavior\ReadHtmlCacheBehavior [ RunTime:0.000602s ]
INFO: [ app_begin ] --END-- [ RunTime:0.000756s ]
SQL: SHOW COLUMNS FROM `article` [ RunTime:0.0020s ]
SQL: SHOW COLUMNS FROM `webinfo` [ RunTime:0.0023s ]
SQL: UPDATE `webinfo` SET `webview`=webview+1 WHERE ( id=0 ) [ RunTime:0.0002s ]
SQL: SELECT * FROM `webinfo`  [ RunTime:0.0002s ]
SQL: SELECT `title`,`label`,`id` FROM `article` ORDER BY pageview desc LIMIT 4   [ RunTime:0.0003s ]
SQL: SELECT COUNT(*) AS tp_count FROM `article` LIMIT 1   [ RunTime:0.0002s ]
SQL: SELECT * FROM `article` ORDER BY time desc LIMIT 12,6   [ RunTime:0.0006s ]
INFO: [ view_parse ] --START--
INFO: [ template_filter ] --START--
INFO: Run Behavior\ContentReplaceBehavior [ RunTime:0.000079s ]
INFO: [ template_filter ] --END-- [ RunTime:0.000212s ]
INFO: Run Behavior\ParseTemplateBehavior [ RunTime:0.013792s ]
INFO: [ view_parse ] --END-- [ RunTime:0.013935s ]
INFO: [ view_filter ] --START--
INFO: Run Behavior\WriteHtmlCacheBehavior [ RunTime:0.000466s ]
INFO: [ view_filter ] --END-- [ RunTime:0.000611s ]
INFO: [ app_end ] --START--
INFO: Run Behavior\ShowPageTraceBehavior [ RunTime:0.000635s ]
INFO: [ app_end ] --END-- [ RunTime:0.000808s ]

[ 2015-08-11T00:07:07+08:00 ] ::1 /Index/index/p/2
INFO: [ app_init ] --START--
INFO: Run Behavior\BuildLiteBehavior [ RunTime:0.000031s ]
INFO: [ app_init ] --END-- [ RunTime:0.000477s ]
INFO: [ app_begin ] --START--
INFO: Run Behavior\ReadHtmlCacheBehavior [ RunTime:0.000570s ]
INFO: [ app_begin ] --END-- [ RunTime:0.000716s ]
SQL: SHOW COLUMNS FROM `article` [ RunTime:0.0030s ]
SQL: SHOW COLUMNS FROM `webinfo` [ RunTime:0.0024s ]
SQL: UPDATE `webinfo` SET `webview`=webview+1 WHERE ( id=0 ) [ RunTime:0.0003s ]
SQL: SELECT * FROM `webinfo`  [ RunTime:0.0002s ]
SQL: SELECT `title`,`label`,`id` FROM `article` ORDER BY pageview desc LIMIT 4   [ RunTime:0.0003s ]
SQL: SELECT COUNT(*) AS tp_count FROM `article` LIMIT 1   [ RunTime:0.0002s ]
SQL: SELECT * FROM `article` ORDER BY time desc LIMIT 6,6   [ RunTime:0.0006s ]
INFO: [ view_parse ] --START--
INFO: [ template_filter ] --START--
INFO: Run Behavior\ContentReplaceBehavior [ RunTime:0.000077s ]
INFO: [ template_filter ] --END-- [ RunTime:0.000211s ]
INFO: Run Behavior\ParseTemplateBehavior [ RunTime:0.014031s ]
INFO: [ view_parse ] --END-- [ RunTime:0.014205s ]
INFO: [ view_filter ] --START--
INFO: Run Behavior\WriteHtmlCacheBehavior [ RunTime:0.000475s ]
INFO: [ view_filter ] --END-- [ RunTime:0.000617s ]
INFO: [ app_end ] --START--
INFO: Run Behavior\ShowPageTraceBehavior [ RunTime:0.000637s ]
INFO: [ app_end ] --END-- [ RunTime:0.000793s ]

[ 2015-08-11T00:07:55+08:00 ] ::1 /Index/index/p/2
INFO: [ app_init ] --START--
INFO: Run Behavior\BuildLiteBehavior [ RunTime:0.000053s ]
INFO: [ app_init ] --END-- [ RunTime:0.000795s ]
INFO: [ app_begin ] --START--
INFO: Run Behavior\ReadHtmlCacheBehavior [ RunTime:0.000945s ]
INFO: [ app_begin ] --END-- [ RunTime:0.001193s ]
SQL: SHOW COLUMNS FROM `article` [ RunTime:0.0042s ]
SQL: SHOW COLUMNS FROM `webinfo` [ RunTime:0.0028s ]
SQL: UPDATE `webinfo` SET `webview`=webview+1 WHERE ( id=0 ) [ RunTime:0.0003s ]
SQL: SELECT * FROM `webinfo`  [ RunTime:0.0002s ]
SQL: SELECT `title`,`label`,`id` FROM `article` ORDER BY pageview desc LIMIT 4   [ RunTime:0.0003s ]
SQL: SELECT COUNT(*) AS tp_count FROM `article` LIMIT 1   [ RunTime:0.0001s ]
SQL: SELECT * FROM `article` ORDER BY time desc LIMIT 6,6   [ RunTime:0.0005s ]
INFO: [ view_parse ] --START--
INFO: [ template_filter ] --START--
INFO: Run Behavior\ContentReplaceBehavior [ RunTime:0.000092s ]
INFO: [ template_filter ] --END-- [ RunTime:0.000246s ]
INFO: Run Behavior\ParseTemplateBehavior [ RunTime:0.020281s ]
INFO: [ view_parse ] --END-- [ RunTime:0.020553s ]
INFO: [ view_filter ] --START--
INFO: Run Behavior\WriteHtmlCacheBehavior [ RunTime:0.000659s ]
INFO: [ view_filter ] --END-- [ RunTime:0.000919s ]
INFO: [ app_end ] --START--
INFO: Run Behavior\ShowPageTraceBehavior [ RunTime:0.000950s ]
INFO: [ app_end ] --END-- [ RunTime:0.001189s ]

[ 2015-08-11T00:11:04+08:00 ] ::1 /Index/index/p/2
INFO: [ app_init ] --START--
INFO: Run Behavior\BuildLiteBehavior [ RunTime:0.000050s ]
INFO: [ app_init ] --END-- [ RunTime:0.000760s ]
INFO: [ app_begin ] --START--
INFO: Run Behavior\ReadHtmlCacheBehavior [ RunTime:0.001130s ]
INFO: [ app_begin ] --END-- [ RunTime:0.001440s ]
SQL: SHOW COLUMNS FROM `article` [ RunTime:0.0039s ]
SQL: SHOW COLUMNS FROM `webinfo` [ RunTime:0.0028s ]
SQL: UPDATE `webinfo` SET `webview`=webview+1 WHERE ( id=0 ) [ RunTime:0.0003s ]
SQL: SELECT * FROM `webinfo`  [ RunTime:0.0003s ]
SQL: SELECT `title`,`label`,`id` FROM `article` ORDER BY pageview desc LIMIT 4   [ RunTime:0.0004s ]
SQL: SELECT COUNT(*) AS tp_count FROM `article` LIMIT 1   [ RunTime:0.0002s ]
SQL: SELECT * FROM `article` ORDER BY time desc LIMIT 6,6   [ RunTime:0.0006s ]
INFO: [ view_parse ] --START--
INFO: [ template_filter ] --START--
INFO: Run Behavior\ContentReplaceBehavior [ RunTime:0.000142s ]
INFO: [ template_filter ] --END-- [ RunTime:0.000410s ]
INFO: Run Behavior\ParseTemplateBehavior [ RunTime:0.022608s ]
INFO: [ view_parse ] --END-- [ RunTime:0.022855s ]
INFO: [ view_filter ] --START--
INFO: Run Behavior\WriteHtmlCacheBehavior [ RunTime:0.000490s ]
INFO: [ view_filter ] --END-- [ RunTime:0.000649s ]
INFO: [ app_end ] --START--
INFO: Run Behavior\ShowPageTraceBehavior [ RunTime:0.001337s ]
INFO: [ app_end ] --END-- [ RunTime:0.001596s ]

[ 2015-08-11T00:11:18+08:00 ] ::1 /Index/index/p/2
INFO: [ app_init ] --START--
INFO: Run Behavior\BuildLiteBehavior [ RunTime:0.000050s ]
INFO: [ app_init ] --END-- [ RunTime:0.000862s ]
INFO: [ app_begin ] --START--
INFO: Run Behavior\ReadHtmlCacheBehavior [ RunTime:0.001363s ]
INFO: [ app_begin ] --END-- [ RunTime:0.001698s ]
SQL: SHOW COLUMNS FROM `article` [ RunTime:0.0029s ]
SQL: SHOW COLUMNS FROM `webinfo` [ RunTime:0.0026s ]
SQL: UPDATE `webinfo` SET `webview`=webview+1 WHERE ( id=0 ) [ RunTime:0.0002s ]
SQL: SELECT * FROM `webinfo`  [ RunTime:0.0002s ]
SQL: SELECT `title`,`label`,`id` FROM `article` ORDER BY pageview desc LIMIT 4   [ RunTime:0.0003s ]
SQL: SELECT COUNT(*) AS tp_count FROM `article` LIMIT 1   [ RunTime:0.0002s ]
SQL: SELECT * FROM `article` ORDER BY time desc LIMIT 6,6   [ RunTime:0.0006s ]
INFO: [ view_parse ] --START--
INFO: [ template_filter ] --START--
INFO: Run Behavior\ContentReplaceBehavior [ RunTime:0.000090s ]
INFO: [ template_filter ] --END-- [ RunTime:0.000253s ]
INFO: Run Behavior\ParseTemplateBehavior [ RunTime:0.020866s ]
INFO: [ view_parse ] --END-- [ RunTime:0.021078s ]
INFO: [ view_filter ] --START--
INFO: Run Behavior\WriteHtmlCacheBehavior [ RunTime:0.000662s ]
INFO: [ view_filter ] --END-- [ RunTime:0.000879s ]
INFO: [ app_end ] --START--
INFO: Run Behavior\ShowPageTraceBehavior [ RunTime:0.000720s ]
INFO: [ app_end ] --END-- [ RunTime:0.000918s ]

[ 2015-08-11T00:12:05+08:00 ] ::1 /Index/index/p/2
INFO: [ app_init ] --START--
INFO: Run Behavior\BuildLiteBehavior [ RunTime:0.000028s ]
INFO: [ app_init ] --END-- [ RunTime:0.000465s ]
INFO: [ app_begin ] --START--
INFO: Run Behavior\ReadHtmlCacheBehavior [ RunTime:0.000523s ]
INFO: [ app_begin ] --END-- [ RunTime:0.000671s ]
SQL: SHOW COLUMNS FROM `article` [ RunTime:0.0038s ]
SQL: SHOW COLUMNS FROM `webinfo` [ RunTime:0.0030s ]
SQL: UPDATE `webinfo` SET `webview`=webview+1 WHERE ( id=0 ) [ RunTime:0.0003s ]
SQL: SELECT * FROM `webinfo`  [ RunTime:0.0003s ]
SQL: SELECT `title`,`label`,`id` FROM `article` ORDER BY pageview desc LIMIT 4   [ RunTime:0.0003s ]
SQL: SELECT COUNT(*) AS tp_count FROM `article` LIMIT 1   [ RunTime:0.0002s ]
SQL: SELECT * FROM `article` ORDER BY time desc LIMIT 6,6   [ RunTime:0.0004s ]
INFO: [ view_parse ] --START--
INFO: [ template_filter ] --START--
INFO: Run Behavior\ContentReplaceBehavior [ RunTime:0.000087s ]
INFO: [ template_filter ] --END-- [ RunTime:0.000251s ]
INFO: Run Behavior\ParseTemplateBehavior [ RunTime:0.012948s ]
INFO: [ view_parse ] --END-- [ RunTime:0.013081s ]
INFO: [ view_filter ] --START--
INFO: Run Behavior\WriteHtmlCacheBehavior [ RunTime:0.000393s ]
INFO: [ view_filter ] --END-- [ RunTime:0.000528s ]
INFO: [ app_end ] --START--
INFO: Run Behavior\ShowPageTraceBehavior [ RunTime:0.000826s ]
INFO: [ app_end ] --END-- [ RunTime:0.001050s ]

[ 2015-08-11T00:13:34+08:00 ] ::1 /Index/index/p/2
INFO: [ app_init ] --START--
INFO: Run Behavior\BuildLiteBehavior [ RunTime:0.000026s ]
INFO: [ app_init ] --END-- [ RunTime:0.000412s ]
INFO: [ app_begin ] --START--
INFO: Run Behavior\ReadHtmlCacheBehavior [ RunTime:0.000603s ]
INFO: [ app_begin ] --END-- [ RunTime:0.000752s ]
SQL: SHOW COLUMNS FROM `article` [ RunTime:0.0021s ]
SQL: SHOW COLUMNS FROM `webinfo` [ RunTime:0.0024s ]
SQL: UPDATE `webinfo` SET `webview`=webview+1 WHERE ( id=0 ) [ RunTime:0.0003s ]
SQL: SELECT * FROM `webinfo`  [ RunTime:0.0002s ]
SQL: SELECT `title`,`label`,`id` FROM `article` ORDER BY pageview desc LIMIT 4   [ RunTime:0.0003s ]
SQL: SELECT COUNT(*) AS tp_count FROM `article` LIMIT 1   [ RunTime:0.0002s ]
SQL: SELECT * FROM `article` ORDER BY time desc LIMIT 6,6   [ RunTime:0.0007s ]
INFO: [ view_parse ] --START--
INFO: [ template_filter ] --START--
INFO: Run Behavior\ContentReplaceBehavior [ RunTime:0.000088s ]
INFO: [ template_filter ] --END-- [ RunTime:0.000241s ]
INFO: Run Behavior\ParseTemplateBehavior [ RunTime:0.013791s ]
INFO: [ view_parse ] --END-- [ RunTime:0.013924s ]
INFO: [ view_filter ] --START--
INFO: Run Behavior\WriteHtmlCacheBehavior [ RunTime:0.000458s ]
INFO: [ view_filter ] --END-- [ RunTime:0.000571s ]
INFO: [ app_end ] --START--
INFO: Run Behavior\ShowPageTraceBehavior [ RunTime:0.000634s ]
INFO: [ app_end ] --END-- [ RunTime:0.000778s ]

[ 2015-08-11T00:13:38+08:00 ] ::1 /Index/index/p/2
INFO: [ app_init ] --START--
INFO: Run Behavior\BuildLiteBehavior [ RunTime:0.000027s ]
INFO: [ app_init ] --END-- [ RunTime:0.000429s ]
INFO: [ app_begin ] --START--
INFO: Run Behavior\ReadHtmlCacheBehavior [ RunTime:0.000600s ]
INFO: [ app_begin ] --END-- [ RunTime:0.000757s ]
SQL: SHOW COLUMNS FROM `article` [ RunTime:0.0029s ]
SQL: SHOW COLUMNS FROM `webinfo` [ RunTime:0.0019s ]
SQL: UPDATE `webinfo` SET `webview`=webview+1 WHERE ( id=0 ) [ RunTime:0.0002s ]
SQL: SELECT * FROM `webinfo`  [ RunTime:0.0002s ]
SQL: SELECT `title`,`label`,`id` FROM `article` ORDER BY pageview desc LIMIT 4   [ RunTime:0.0003s ]
SQL: SELECT COUNT(*) AS tp_count FROM `article` LIMIT 1   [ RunTime:0.0002s ]
SQL: SELECT * FROM `article` ORDER BY time desc LIMIT 6,6   [ RunTime:0.0007s ]
INFO: [ view_parse ] --START--
INFO: [ template_filter ] --START--
INFO: Run Behavior\ContentReplaceBehavior [ RunTime:0.000077s ]
INFO: [ template_filter ] --END-- [ RunTime:0.000209s ]
INFO: Run Behavior\ParseTemplateBehavior [ RunTime:0.014367s ]
INFO: [ view_parse ] --END-- [ RunTime:0.014502s ]
INFO: [ view_filter ] --START--
INFO: Run Behavior\WriteHtmlCacheBehavior [ RunTime:0.000432s ]
INFO: [ view_filter ] --END-- [ RunTime:0.000547s ]
INFO: [ app_end ] --START--
INFO: Run Behavior\ShowPageTraceBehavior [ RunTime:0.000967s ]
INFO: [ app_end ] --END-- [ RunTime:0.001191s ]

[ 2015-08-11T00:14:07+08:00 ] ::1 /Index/index/p/2
INFO: [ app_init ] --START--
INFO: Run Behavior\BuildLiteBehavior [ RunTime:0.000050s ]
INFO: [ app_init ] --END-- [ RunTime:0.000762s ]
INFO: [ app_begin ] --START--
INFO: Run Behavior\ReadHtmlCacheBehavior [ RunTime:0.001049s ]
INFO: [ app_begin ] --END-- [ RunTime:0.001357s ]
SQL: SHOW COLUMNS FROM `article` [ RunTime:0.0371s ]
SQL: SHOW COLUMNS FROM `webinfo` [ RunTime:0.0021s ]
SQL: UPDATE `webinfo` SET `webview`=webview+1 WHERE ( id=0 ) [ RunTime:0.0002s ]
SQL: SELECT * FROM `webinfo`  [ RunTime:0.0002s ]
SQL: SELECT `title`,`label`,`id` FROM `article` ORDER BY pageview desc LIMIT 4   [ RunTime:0.0005s ]
SQL: SELECT COUNT(*) AS tp_count FROM `article` LIMIT 1   [ RunTime:0.0002s ]
SQL: SELECT * FROM `article` ORDER BY time desc LIMIT 6,6   [ RunTime:0.0004s ]
INFO: [ view_parse ] --START--
INFO: [ template_filter ] --START--
INFO: Run Behavior\ContentReplaceBehavior [ RunTime:0.000160s ]
INFO: [ template_filter ] --END-- [ RunTime:0.000430s ]
INFO: Run Behavior\ParseTemplateBehavior [ RunTime:0.013866s ]
INFO: [ view_parse ] --END-- [ RunTime:0.014019s ]
INFO: [ view_filter ] --START--
INFO: Run Behavior\WriteHtmlCacheBehavior [ RunTime:0.000439s ]
INFO: [ view_filter ] --END-- [ RunTime:0.000554s ]
INFO: [ app_end ] --START--
INFO: Run Behavior\ShowPageTraceBehavior [ RunTime:0.000633s ]
INFO: [ app_end ] --END-- [ RunTime:0.000777s ]

[ 2015-08-11T00:14:18+08:00 ] ::1 /Index/index/p/2
INFO: [ app_init ] --START--
INFO: Run Behavior\BuildLiteBehavior [ RunTime:0.000031s ]
INFO: [ app_init ] --END-- [ RunTime:0.000491s ]
INFO: [ app_begin ] --START--
INFO: Run Behavior\ReadHtmlCacheBehavior [ RunTime:0.000720s ]
INFO: [ app_begin ] --END-- [ RunTime:0.000925s ]
SQL: SHOW COLUMNS FROM `article` [ RunTime:0.0038s ]
SQL: SHOW COLUMNS FROM `webinfo` [ RunTime:0.0712s ]
SQL: UPDATE `webinfo` SET `webview`=webview+1 WHERE ( id=0 ) [ RunTime:0.0002s ]
SQL: SELECT * FROM `webinfo`  [ RunTime:0.0002s ]
SQL: SELECT `title`,`label`,`id` FROM `article` ORDER BY pageview desc LIMIT 4   [ RunTime:0.0003s ]
SQL: SELECT COUNT(*) AS tp_count FROM `article` LIMIT 1   [ RunTime:0.0002s ]
SQL: SELECT * FROM `article` ORDER BY time desc LIMIT 6,6   [ RunTime:0.0004s ]
INFO: [ view_parse ] --START--
INFO: [ template_filter ] --START--
INFO: Run Behavior\ContentReplaceBehavior [ RunTime:0.000079s ]
INFO: [ template_filter ] --END-- [ RunTime:0.000231s ]
INFO: Run Behavior\ParseTemplateBehavior [ RunTime:0.018177s ]
INFO: [ view_parse ] --END-- [ RunTime:0.018482s ]
INFO: [ view_filter ] --START--
INFO: Run Behavior\WriteHtmlCacheBehavior [ RunTime:0.000689s ]
INFO: [ view_filter ] --END-- [ RunTime:0.000904s ]
INFO: [ app_end ] --START--
INFO: Run Behavior\ShowPageTraceBehavior [ RunTime:0.001026s ]
INFO: [ app_end ] --END-- [ RunTime:0.001264s ]

[ 2015-08-11T00:14:28+08:00 ] ::1 /Index/index/p/2
INFO: [ app_init ] --START--
INFO: Run Behavior\BuildLiteBehavior [ RunTime:0.000044s ]
INFO: [ app_init ] --END-- [ RunTime:0.000691s ]
INFO: [ app_begin ] --START--
INFO: Run Behavior\ReadHtmlCacheBehavior [ RunTime:0.001054s ]
INFO: [ app_begin ] --END-- [ RunTime:0.001453s ]
SQL: SHOW COLUMNS FROM `article` [ RunTime:0.0028s ]
SQL: SHOW COLUMNS FROM `webinfo` [ RunTime:0.0037s ]
SQL: UPDATE `webinfo` SET `webview`=webview+1 WHERE ( id=0 ) [ RunTime:0.0002s ]
SQL: SELECT * FROM `webinfo`  [ RunTime:0.0002s ]
SQL: SELECT `title`,`label`,`id` FROM `article` ORDER BY pageview desc LIMIT 4   [ RunTime:0.0003s ]
SQL: SELECT COUNT(*) AS tp_count FROM `article` LIMIT 1   [ RunTime:0.0002s ]
SQL: SELECT * FROM `article` ORDER BY time desc LIMIT 6,6   [ RunTime:0.0004s ]
INFO: [ view_parse ] --START--
INFO: [ template_filter ] --START--
INFO: Run Behavior\ContentReplaceBehavior [ RunTime:0.000128s ]
INFO: [ template_filter ] --END-- [ RunTime:0.000327s ]
INFO: Run Behavior\ParseTemplateBehavior [ RunTime:0.014383s ]
INFO: [ view_parse ] --END-- [ RunTime:0.014552s ]
INFO: [ view_filter ] --START--
INFO: Run Behavior\WriteHtmlCacheBehavior [ RunTime:0.000371s ]
INFO: [ view_filter ] --END-- [ RunTime:0.000485s ]
INFO: [ app_end ] --START--
INFO: Run Behavior\ShowPageTraceBehavior [ RunTime:0.000620s ]
INFO: [ app_end ] --END-- [ RunTime:0.000767s ]

[ 2015-08-11T00:15:08+08:00 ] ::1 /Index/index/p/2
INFO: [ app_init ] --START--
INFO: Run Behavior\BuildLiteBehavior [ RunTime:0.000031s ]
INFO: [ app_init ] --END-- [ RunTime:0.000530s ]
INFO: [ app_begin ] --START--
INFO: Run Behavior\ReadHtmlCacheBehavior [ RunTime:0.001011s ]
INFO: [ app_begin ] --END-- [ RunTime:0.001300s ]
SQL: SHOW COLUMNS FROM `article` [ RunTime:0.1145s ]
SQL: SHOW COLUMNS FROM `webinfo` [ RunTime:0.0027s ]
SQL: UPDATE `webinfo` SET `webview`=webview+1 WHERE ( id=0 ) [ RunTime:0.0003s ]
SQL: SELECT * FROM `webinfo`  [ RunTime:0.0002s ]
SQL: SELECT `title`,`label`,`id` FROM `article` ORDER BY pageview desc LIMIT 4   [ RunTime:0.0003s ]
SQL: SELECT COUNT(*) AS tp_count FROM `article` LIMIT 1   [ RunTime:0.0002s ]
SQL: SELECT * FROM `article` ORDER BY time desc LIMIT 6,6   [ RunTime:0.0004s ]
INFO: [ view_parse ] --START--
INFO: [ template_filter ] --START--
INFO: Run Behavior\ContentReplaceBehavior [ RunTime:0.000091s ]
INFO: [ template_filter ] --END-- [ RunTime:0.000242s ]
INFO: Run Behavior\ParseTemplateBehavior [ RunTime:0.012965s ]
INFO: [ view_parse ] --END-- [ RunTime:0.013146s ]
INFO: [ view_filter ] --START--
INFO: Run Behavior\WriteHtmlCacheBehavior [ RunTime:0.000411s ]
INFO: [ view_filter ] --END-- [ RunTime:0.000526s ]
INFO: [ app_end ] --START--
INFO: Run Behavior\ShowPageTraceBehavior [ RunTime:0.000875s ]
INFO: [ app_end ] --END-- [ RunTime:0.001097s ]

[ 2015-08-11T00:17:35+08:00 ] ::1 /Index/index/p/2
INFO: [ app_init ] --START--
INFO: Run Behavior\BuildLiteBehavior [ RunTime:0.000050s ]
INFO: [ app_init ] --END-- [ RunTime:0.000896s ]
INFO: [ app_begin ] --START--
INFO: Run Behavior\ReadHtmlCacheBehavior [ RunTime:0.001161s ]
INFO: [ app_begin ] --END-- [ RunTime:0.001422s ]
SQL: SHOW COLUMNS FROM `article` [ RunTime:0.0026s ]
SQL: SHOW COLUMNS FROM `webinfo` [ RunTime:0.0815s ]
SQL: UPDATE `webinfo` SET `webview`=webview+1 WHERE ( id=0 ) [ RunTime:0.0003s ]
SQL: SELECT * FROM `webinfo`  [ RunTime:0.0003s ]
SQL: SELECT `title`,`label`,`id` FROM `article` ORDER BY pageview desc LIMIT 4   [ RunTime:0.0003s ]
SQL: SELECT COUNT(*) AS tp_count FROM `article` LIMIT 1   [ RunTime:0.0002s ]
SQL: SELECT * FROM `article` ORDER BY time desc LIMIT 6,6   [ RunTime:0.0004s ]
INFO: [ view_parse ] --START--
INFO: [ template_filter ] --START--
INFO: Run Behavior\ContentReplaceBehavior [ RunTime:0.000079s ]
INFO: [ template_filter ] --END-- [ RunTime:0.000212s ]
INFO: Run Behavior\ParseTemplateBehavior [ RunTime:0.013810s ]
INFO: [ view_parse ] --END-- [ RunTime:0.013965s ]
INFO: [ view_filter ] --START--
INFO: Run Behavior\WriteHtmlCacheBehavior [ RunTime:0.000433s ]
INFO: [ view_filter ] --END-- [ RunTime:0.000560s ]
INFO: [ app_end ] --START--
INFO: Run Behavior\ShowPageTraceBehavior [ RunTime:0.000641s ]
INFO: [ app_end ] --END-- [ RunTime:0.000787s ]

[ 2015-08-11T00:18:06+08:00 ] ::1 /Index/index/p/2
INFO: [ app_init ] --START--
INFO: Run Behavior\BuildLiteBehavior [ RunTime:0.000027s ]
INFO: [ app_init ] --END-- [ RunTime:0.000443s ]
INFO: [ app_begin ] --START--
INFO: Run Behavior\ReadHtmlCacheBehavior [ RunTime:0.000586s ]
INFO: [ app_begin ] --END-- [ RunTime:0.000760s ]
SQL: SHOW COLUMNS FROM `article` [ RunTime:0.0024s ]
SQL: SHOW COLUMNS FROM `webinfo` [ RunTime:0.0023s ]
SQL: UPDATE `webinfo` SET `webview`=webview+1 WHERE ( id=0 ) [ RunTime:0.0002s ]
SQL: SELECT * FROM `webinfo`  [ RunTime:0.0002s ]
SQL: SELECT `title`,`label`,`id` FROM `article` ORDER BY pageview desc LIMIT 4   [ RunTime:0.0003s ]
SQL: SELECT COUNT(*) AS tp_count FROM `article` LIMIT 1   [ RunTime:0.0002s ]
SQL: SELECT * FROM `article` ORDER BY time desc LIMIT 6,6   [ RunTime:0.0004s ]
INFO: [ view_parse ] --START--
INFO: [ template_filter ] --START--
INFO: Run Behavior\ContentReplaceBehavior [ RunTime:0.000078s ]
INFO: [ template_filter ] --END-- [ RunTime:0.000225s ]
INFO: Run Behavior\ParseTemplateBehavior [ RunTime:0.013803s ]
INFO: [ view_parse ] --END-- [ RunTime:0.013929s ]
INFO: [ view_filter ] --START--
INFO: Run Behavior\WriteHtmlCacheBehavior [ RunTime:0.000383s ]
INFO: [ view_filter ] --END-- [ RunTime:0.000495s ]
INFO: [ app_end ] --START--
INFO: Run Behavior\ShowPageTraceBehavior [ RunTime:0.000632s ]
INFO: [ app_end ] --END-- [ RunTime:0.000774s ]

[ 2015-08-11T00:18:29+08:00 ] ::1 /Index/index/p/2
INFO: [ app_init ] --START--
INFO: Run Behavior\BuildLiteBehavior [ RunTime:0.000026s ]
INFO: [ app_init ] --END-- [ RunTime:0.000428s ]
INFO: [ app_begin ] --START--
INFO: Run Behavior\ReadHtmlCacheBehavior [ RunTime:0.000592s ]
INFO: [ app_begin ] --END-- [ RunTime:0.000761s ]
SQL: SHOW COLUMNS FROM `article` [ RunTime:0.0281s ]
SQL: SHOW COLUMNS FROM `webinfo` [ RunTime:0.0029s ]
SQL: UPDATE `webinfo` SET `webview`=webview+1 WHERE ( id=0 ) [ RunTime:0.0002s ]
SQL: SELECT * FROM `webinfo`  [ RunTime:0.0002s ]
SQL: SELECT `title`,`label`,`id` FROM `article` ORDER BY pageview desc LIMIT 4   [ RunTime:0.0003s ]
SQL: SELECT COUNT(*) AS tp_count FROM `article` LIMIT 1   [ RunTime:0.0002s ]
SQL: SELECT * FROM `article` ORDER BY time desc LIMIT 6,6   [ RunTime:0.0007s ]
INFO: [ view_parse ] --START--
INFO: [ template_filter ] --START--
INFO: Run Behavior\ContentReplaceBehavior [ RunTime:0.000142s ]
INFO: [ template_filter ] --END-- [ RunTime:0.000389s ]
INFO: Run Behavior\ParseTemplateBehavior [ RunTime:0.017815s ]
INFO: [ view_parse ] --END-- [ RunTime:0.018018s ]
INFO: [ view_filter ] --START--
INFO: Run Behavior\WriteHtmlCacheBehavior [ RunTime:0.000580s ]
INFO: [ view_filter ] --END-- [ RunTime:0.000720s ]
INFO: [ app_end ] --START--
INFO: Run Behavior\ShowPageTraceBehavior [ RunTime:0.000955s ]
INFO: [ app_end ] --END-- [ RunTime:0.001169s ]

[ 2015-08-11T00:19:19+08:00 ] ::1 /Index/index/p/2
INFO: [ app_init ] --START--
INFO: Run Behavior\BuildLiteBehavior [ RunTime:0.000027s ]
INFO: [ app_init ] --END-- [ RunTime:0.000427s ]
INFO: [ app_begin ] --START--
INFO: Run Behavior\ReadHtmlCacheBehavior [ RunTime:0.000687s ]
INFO: [ app_begin ] --END-- [ RunTime:0.000869s ]
SQL: SHOW COLUMNS FROM `article` [ RunTime:0.0032s ]
SQL: SHOW COLUMNS FROM `webinfo` [ RunTime:0.0221s ]
SQL: UPDATE `webinfo` SET `webview`=webview+1 WHERE ( id=0 ) [ RunTime:0.0003s ]
SQL: SELECT * FROM `webinfo`  [ RunTime:0.0002s ]
SQL: SELECT `title`,`label`,`id` FROM `article` ORDER BY pageview desc LIMIT 4   [ RunTime:0.0003s ]
SQL: SELECT COUNT(*) AS tp_count FROM `article` LIMIT 1   [ RunTime:0.0002s ]
SQL: SELECT * FROM `article` ORDER BY time desc LIMIT 6,6   [ RunTime:0.0005s ]
INFO: [ view_parse ] --START--
INFO: [ template_filter ] --START--
INFO: Run Behavior\ContentReplaceBehavior [ RunTime:0.000079s ]
INFO: [ template_filter ] --END-- [ RunTime:0.000227s ]
INFO: Run Behavior\ParseTemplateBehavior [ RunTime:0.014779s ]
INFO: [ view_parse ] --END-- [ RunTime:0.014966s ]
INFO: [ view_filter ] --START--
INFO: Run Behavior\WriteHtmlCacheBehavior [ RunTime:0.000474s ]
INFO: [ view_filter ] --END-- [ RunTime:0.000588s ]
INFO: [ app_end ] --START--
INFO: Run Behavior\ShowPageTraceBehavior [ RunTime:0.000862s ]
INFO: [ app_end ] --END-- [ RunTime:0.001109s ]

[ 2015-08-11T00:22:35+08:00 ] ::1 /Index/index/p/2
INFO: [ app_init ] --START--
INFO: Run Behavior\BuildLiteBehavior [ RunTime:0.000031s ]
INFO: [ app_init ] --END-- [ RunTime:0.000512s ]
INFO: [ app_begin ] --START--
INFO: Run Behavior\ReadHtmlCacheBehavior [ RunTime:0.000750s ]
INFO: [ app_begin ] --END-- [ RunTime:0.000990s ]
SQL: SHOW COLUMNS FROM `article` [ RunTime:0.0570s ]
SQL: SHOW COLUMNS FROM `webinfo` [ RunTime:0.0193s ]
SQL: UPDATE `webinfo` SET `webview`=webview+1 WHERE ( id=0 ) [ RunTime:0.0003s ]
SQL: SELECT * FROM `webinfo`  [ RunTime:0.0002s ]
SQL: SELECT `title`,`label`,`id` FROM `article` ORDER BY pageview desc LIMIT 4   [ RunTime:0.0003s ]
SQL: SELECT COUNT(*) AS tp_count FROM `article` LIMIT 1   [ RunTime:0.0002s ]
SQL: SELECT * FROM `article` ORDER BY time desc LIMIT 6,6   [ RunTime:0.0005s ]
INFO: [ view_parse ] --START--
INFO: [ template_filter ] --START--
INFO: Run Behavior\ContentReplaceBehavior [ RunTime:0.000117s ]
INFO: [ template_filter ] --END-- [ RunTime:0.000276s ]
INFO: Run Behavior\ParseTemplateBehavior [ RunTime:0.015410s ]
INFO: [ view_parse ] --END-- [ RunTime:0.015595s ]
INFO: [ view_filter ] --START--
INFO: Run Behavior\WriteHtmlCacheBehavior [ RunTime:0.000517s ]
INFO: [ view_filter ] --END-- [ RunTime:0.000661s ]
INFO: [ app_end ] --START--
INFO: Run Behavior\ShowPageTraceBehavior [ RunTime:0.000844s ]
INFO: [ app_end ] --END-- [ RunTime:0.001043s ]

[ 2015-08-11T00:22:37+08:00 ] ::1 /article/clang/11
INFO: [ app_init ] --START--
INFO: Run Behavior\BuildLiteBehavior [ RunTime:0.000030s ]
INFO: [ app_init ] --END-- [ RunTime:0.000438s ]
INFO: [ app_begin ] --START--
INFO: Run Behavior\ReadHtmlCacheBehavior [ RunTime:0.000627s ]
INFO: [ app_begin ] --END-- [ RunTime:0.000808s ]
SQL: SHOW COLUMNS FROM `article` [ RunTime:0.0023s ]
SQL: UPDATE `article` SET `pageview`=pageview+1 WHERE ( id=11 ) [ RunTime:0.0003s ]
SQL: SHOW COLUMNS FROM `webinfo` [ RunTime:0.0027s ]
SQL: SELECT * FROM `webinfo`  [ RunTime:0.0003s ]
SQL: SELECT * FROM `article` WHERE ( id=11 )  [ RunTime:0.0003s ]
SQL: SELECT `id`,`label`,`title` FROM `article` WHERE ( label=4 ) LIMIT 4   [ RunTime:0.0003s ]
SQL: SELECT `title`,`label`,`id` FROM `article` ORDER BY pageview desc LIMIT 4   [ RunTime:0.0003s ]
SQL: SHOW COLUMNS FROM `comment` [ RunTime:0.0019s ]
SQL: SELECT * FROM `comment` WHERE ( aid=11 ) ORDER BY time desc  [ RunTime:0.0003s ]
INFO: [ view_parse ] --START--
INFO: [ template_filter ] --START--
INFO: Run Behavior\ContentReplaceBehavior [ RunTime:0.000092s ]
INFO: [ template_filter ] --END-- [ RunTime:0.000225s ]
NOTIC: [8] Use of undefined constant comment - assumed 'comment' E:\wamp\www\Application\Runtime\Cache\Home\2ac6c1276904b87404ed678dbabb985c.php 第 21 行.
NOTIC: [8] Use of undefined constant praise - assumed 'praise' E:\wamp\www\Application\Runtime\Cache\Home\2ac6c1276904b87404ed678dbabb985c.php 第 22 行.
INFO: Run Behavior\ParseTemplateBehavior [ RunTime:0.014695s ]
INFO: [ view_parse ] --END-- [ RunTime:0.014832s ]
INFO: [ view_filter ] --START--
INFO: Run Behavior\WriteHtmlCacheBehavior [ RunTime:0.000378s ]
INFO: [ view_filter ] --END-- [ RunTime:0.000492s ]
INFO: [ app_end ] --START--
INFO: Run Behavior\ShowPageTraceBehavior [ RunTime:0.000648s ]
INFO: [ app_end ] --END-- [ RunTime:0.000789s ]

[ 2015-08-11T00:22:42+08:00 ] ::1 /Index/index
INFO: [ app_init ] --START--
INFO: Run Behavior\BuildLiteBehavior [ RunTime:0.000027s ]
INFO: [ app_init ] --END-- [ RunTime:0.000441s ]
INFO: [ app_begin ] --START--
INFO: Run Behavior\ReadHtmlCacheBehavior [ RunTime:0.000557s ]
INFO: [ app_begin ] --END-- [ RunTime:0.000691s ]
SQL: SHOW COLUMNS FROM `article` [ RunTime:0.0032s ]
SQL: SHOW COLUMNS FROM `webinfo` [ RunTime:0.0029s ]
SQL: UPDATE `webinfo` SET `webview`=webview+1 WHERE ( id=0 ) [ RunTime:0.0002s ]
SQL: SELECT * FROM `webinfo`  [ RunTime:0.0002s ]
SQL: SELECT `title`,`label`,`id` FROM `article` ORDER BY pageview desc LIMIT 4   [ RunTime:0.0003s ]
SQL: SELECT COUNT(*) AS tp_count FROM `article` LIMIT 1   [ RunTime:0.0002s ]
SQL: SELECT * FROM `article` ORDER BY time desc LIMIT 0,6   [ RunTime:0.0004s ]
INFO: [ view_parse ] --START--
INFO: [ template_filter ] --START--
INFO: Run Behavior\ContentReplaceBehavior [ RunTime:0.000078s ]
INFO: [ template_filter ] --END-- [ RunTime:0.000237s ]
INFO: Run Behavior\ParseTemplateBehavior [ RunTime:0.013709s ]
INFO: [ view_parse ] --END-- [ RunTime:0.013844s ]
INFO: [ view_filter ] --START--
INFO: Run Behavior\WriteHtmlCacheBehavior [ RunTime:0.000441s ]
INFO: [ view_filter ] --END-- [ RunTime:0.000557s ]
INFO: [ app_end ] --START--
INFO: Run Behavior\ShowPageTraceBehavior [ RunTime:0.000787s ]
INFO: [ app_end ] --END-- [ RunTime:0.000946s ]

[ 2015-08-11T00:26:32+08:00 ] ::1 /Index/index
INFO: [ app_init ] --START--
INFO: Run Behavior\BuildLiteBehavior [ RunTime:0.000042s ]
INFO: [ app_init ] --END-- [ RunTime:0.000560s ]
INFO: [ app_begin ] --START--
INFO: Run Behavior\ReadHtmlCacheBehavior [ RunTime:0.000887s ]
INFO: [ app_begin ] --END-- [ RunTime:0.001158s ]
SQL: SHOW COLUMNS FROM `article` [ RunTime:0.0661s ]
SQL: SHOW COLUMNS FROM `webinfo` [ RunTime:0.0021s ]
SQL: UPDATE `webinfo` SET `webview`=webview+1 WHERE ( id=0 ) [ RunTime:0.0002s ]
SQL: SELECT * FROM `webinfo`  [ RunTime:0.0002s ]
SQL: SELECT `title`,`label`,`id` FROM `article` ORDER BY pageview desc LIMIT 4   [ RunTime:0.0003s ]
SQL: SELECT COUNT(*) AS tp_count FROM `article` LIMIT 1   [ RunTime:0.0002s ]
SQL: SELECT * FROM `article` ORDER BY time desc LIMIT 0,6   [ RunTime:0.0004s ]
INFO: [ view_parse ] --START--
INFO: [ template_filter ] --START--
INFO: Run Behavior\ContentReplaceBehavior [ RunTime:0.000079s ]
INFO: [ template_filter ] --END-- [ RunTime:0.000235s ]
INFO: Run Behavior\ParseTemplateBehavior [ RunTime:0.014211s ]
INFO: [ view_parse ] --END-- [ RunTime:0.014359s ]
INFO: [ view_filter ] --START--
INFO: Run Behavior\WriteHtmlCacheBehavior [ RunTime:0.000475s ]
INFO: [ view_filter ] --END-- [ RunTime:0.000591s ]
INFO: [ app_end ] --START--
INFO: Run Behavior\ShowPageTraceBehavior [ RunTime:0.000803s ]
INFO: [ app_end ] --END-- [ RunTime:0.000994s ]

[ 2015-08-11T00:26:35+08:00 ] ::1 /Index/index
INFO: [ app_init ] --START--
INFO: Run Behavior\BuildLiteBehavior [ RunTime:0.000026s ]
INFO: [ app_init ] --END-- [ RunTime:0.000405s ]
INFO: [ app_begin ] --START--
INFO: Run Behavior\ReadHtmlCacheBehavior [ RunTime:0.000624s ]
INFO: [ app_begin ] --END-- [ RunTime:0.000808s ]
SQL: SHOW COLUMNS FROM `article` [ RunTime:0.0027s ]
SQL: SHOW COLUMNS FROM `webinfo` [ RunTime:0.0024s ]
SQL: UPDATE `webinfo` SET `webview`=webview+1 WHERE ( id=0 ) [ RunTime:0.0002s ]
SQL: SELECT * FROM `webinfo`  [ RunTime:0.0002s ]
SQL: SELECT `title`,`label`,`id` FROM `article` ORDER BY pageview desc LIMIT 4   [ RunTime:0.0003s ]
SQL: SELECT COUNT(*) AS tp_count FROM `article` LIMIT 1   [ RunTime:0.0002s ]
SQL: SELECT * FROM `article` ORDER BY time desc LIMIT 0,6   [ RunTime:0.0004s ]
INFO: [ view_parse ] --START--
INFO: [ template_filter ] --START--
INFO: Run Behavior\ContentReplaceBehavior [ RunTime:0.000103s ]
INFO: [ template_filter ] --END-- [ RunTime:0.000244s ]
INFO: Run Behavior\ParseTemplateBehavior [ RunTime:0.013311s ]
INFO: [ view_parse ] --END-- [ RunTime:0.013574s ]
INFO: [ view_filter ] --START--
INFO: Run Behavior\WriteHtmlCacheBehavior [ RunTime:0.000636s ]
INFO: [ view_filter ] --END-- [ RunTime:0.000861s ]
INFO: [ app_end ] --START--
INFO: Run Behavior\ShowPageTraceBehavior [ RunTime:0.000629s ]
INFO: [ app_end ] --END-- [ RunTime:0.000768s ]

[ 2015-08-11T00:28:24+08:00 ] ::1 /Index/index
INFO: [ app_init ] --START--
INFO: Run Behavior\BuildLiteBehavior [ RunTime:0.000033s ]
INFO: [ app_init ] --END-- [ RunTime:0.000696s ]
INFO: [ app_begin ] --START--
INFO: Run Behavior\ReadHtmlCacheBehavior [ RunTime:0.000698s ]
INFO: [ app_begin ] --END-- [ RunTime:0.000882s ]
SQL: SHOW COLUMNS FROM `article` [ RunTime:0.0034s ]
SQL: SHOW COLUMNS FROM `webinfo` [ RunTime:0.0026s ]
SQL: UPDATE `webinfo` SET `webview`=webview+1 WHERE ( id=0 ) [ RunTime:0.0003s ]
SQL: SELECT * FROM `webinfo`  [ RunTime:0.0002s ]
SQL: SELECT `title`,`label`,`id` FROM `article` ORDER BY pageview desc LIMIT 4   [ RunTime:0.0003s ]
SQL: SELECT COUNT(*) AS tp_count FROM `article` LIMIT 1   [ RunTime:0.0003s ]
SQL: SELECT * FROM `article` ORDER BY time desc LIMIT 0,6   [ RunTime:0.0006s ]
INFO: [ view_parse ] --START--
INFO: [ template_filter ] --START--
INFO: Run Behavior\ContentReplaceBehavior [ RunTime:0.000145s ]
INFO: [ template_filter ] --END-- [ RunTime:0.000320s ]
INFO: Run Behavior\ParseTemplateBehavior [ RunTime:0.023980s ]
INFO: [ view_parse ] --END-- [ RunTime:0.024212s ]
INFO: [ view_filter ] --START--
INFO: Run Behavior\WriteHtmlCacheBehavior [ RunTime:0.001251s ]
INFO: [ view_filter ] --END-- [ RunTime:0.001493s ]
INFO: [ app_end ] --START--
INFO: Run Behavior\ShowPageTraceBehavior [ RunTime:0.001710s ]
INFO: [ app_end ] --END-- [ RunTime:0.001971s ]

[ 2015-08-11T00:28:49+08:00 ] ::1 /Index/index
INFO: [ app_init ] --START--
INFO: Run Behavior\BuildLiteBehavior [ RunTime:0.000050s ]
INFO: [ app_init ] --END-- [ RunTime:0.000587s ]
INFO: [ app_begin ] --START--
INFO: Run Behavior\ReadHtmlCacheBehavior [ RunTime:0.000651s ]
INFO: [ app_begin ] --END-- [ RunTime:0.000816s ]
SQL: SHOW COLUMNS FROM `article` [ RunTime:0.0175s ]
SQL: SHOW COLUMNS FROM `webinfo` [ RunTime:0.0019s ]
SQL: UPDATE `webinfo` SET `webview`=webview+1 WHERE ( id=0 ) [ RunTime:0.0003s ]
SQL: SELECT * FROM `webinfo`  [ RunTime:0.0002s ]
SQL: SELECT `title`,`label`,`id` FROM `article` ORDER BY pageview desc LIMIT 4   [ RunTime:0.0006s ]
SQL: SELECT COUNT(*) AS tp_count FROM `article` LIMIT 1   [ RunTime:0.0002s ]
SQL: SELECT * FROM `article` ORDER BY time desc LIMIT 0,6   [ RunTime:0.0005s ]
INFO: [ view_parse ] --START--
INFO: [ template_filter ] --START--
INFO: Run Behavior\ContentReplaceBehavior [ RunTime:0.000126s ]
INFO: [ template_filter ] --END-- [ RunTime:0.000342s ]
INFO: Run Behavior\ParseTemplateBehavior [ RunTime:0.022254s ]
INFO: [ view_parse ] --END-- [ RunTime:0.022457s ]
INFO: [ view_filter ] --START--
INFO: Run Behavior\WriteHtmlCacheBehavior [ RunTime:0.000776s ]
INFO: [ view_filter ] --END-- [ RunTime:0.001016s ]
INFO: [ app_end ] --START--
INFO: Run Behavior\ShowPageTraceBehavior [ RunTime:0.000742s ]
INFO: [ app_end ] --END-- [ RunTime:0.000923s ]

[ 2015-08-11T00:29:00+08:00 ] ::1 /Index/index
INFO: [ app_init ] --START--
INFO: Run Behavior\BuildLiteBehavior [ RunTime:0.000033s ]
INFO: [ app_init ] --END-- [ RunTime:0.000655s ]
INFO: [ app_begin ] --START--
INFO: Run Behavior\ReadHtmlCacheBehavior [ RunTime:0.001365s ]
INFO: [ app_begin ] --END-- [ RunTime:0.001659s ]
SQL: SHOW COLUMNS FROM `article` [ RunTime:0.0030s ]
SQL: SHOW COLUMNS FROM `webinfo` [ RunTime:0.0029s ]
SQL: UPDATE `webinfo` SET `webview`=webview+1 WHERE ( id=0 ) [ RunTime:0.0003s ]
SQL: SELECT * FROM `webinfo`  [ RunTime:0.0002s ]
SQL: SELECT `title`,`label`,`id` FROM `article` ORDER BY pageview desc LIMIT 4   [ RunTime:0.0004s ]
SQL: SELECT COUNT(*) AS tp_count FROM `article` LIMIT 1   [ RunTime:0.0002s ]
SQL: SELECT * FROM `article` ORDER BY time desc LIMIT 0,6   [ RunTime:0.0005s ]
INFO: [ view_parse ] --START--
INFO: [ template_filter ] --START--
INFO: Run Behavior\ContentReplaceBehavior [ RunTime:0.000135s ]
INFO: [ template_filter ] --END-- [ RunTime:0.000579s ]
INFO: Run Behavior\ParseTemplateBehavior [ RunTime:0.021626s ]
INFO: [ view_parse ] --END-- [ RunTime:0.021788s ]
INFO: [ view_filter ] --START--
INFO: Run Behavior\WriteHtmlCacheBehavior [ RunTime:0.000489s ]
INFO: [ view_filter ] --END-- [ RunTime:0.000619s ]
INFO: [ app_end ] --START--
INFO: Run Behavior\ShowPageTraceBehavior [ RunTime:0.000648s ]
INFO: [ app_end ] --END-- [ RunTime:0.000787s ]

[ 2015-08-11T00:29:03+08:00 ] ::1 /Index/index
INFO: [ app_init ] --START--
INFO: Run Behavior\BuildLiteBehavior [ RunTime:0.000069s ]
INFO: [ app_init ] --END-- [ RunTime:0.000591s ]
INFO: [ app_begin ] --START--
INFO: Run Behavior\ReadHtmlCacheBehavior [ RunTime:0.000993s ]
INFO: [ app_begin ] --END-- [ RunTime:0.001282s ]
SQL: SHOW COLUMNS FROM `article` [ RunTime:0.0038s ]
SQL: SHOW COLUMNS FROM `webinfo` [ RunTime:0.0024s ]
SQL: UPDATE `webinfo` SET `webview`=webview+1 WHERE ( id=0 ) [ RunTime:0.0003s ]
SQL: SELECT * FROM `webinfo`  [ RunTime:0.0002s ]
SQL: SELECT `title`,`label`,`id` FROM `article` ORDER BY pageview desc LIMIT 4   [ RunTime:0.0003s ]
SQL: SELECT COUNT(*) AS tp_count FROM `article` LIMIT 1   [ RunTime:0.0002s ]
SQL: SELECT * FROM `article` ORDER BY time desc LIMIT 0,6   [ RunTime:0.0005s ]
INFO: [ view_parse ] --START--
INFO: [ template_filter ] --START--
INFO: Run Behavior\ContentReplaceBehavior [ RunTime:0.000161s ]
INFO: [ template_filter ] --END-- [ RunTime:0.000383s ]
INFO: Run Behavior\ParseTemplateBehavior [ RunTime:0.017636s ]
INFO: [ view_parse ] --END-- [ RunTime:0.017812s ]
INFO: [ view_filter ] --START--
INFO: Run Behavior\WriteHtmlCacheBehavior [ RunTime:0.000426s ]
INFO: [ view_filter ] --END-- [ RunTime:0.000563s ]
INFO: [ app_end ] --START--
INFO: Run Behavior\ShowPageTraceBehavior [ RunTime:0.000699s ]
INFO: [ app_end ] --END-- [ RunTime:0.000902s ]

[ 2015-08-11T00:29:31+08:00 ] ::1 /Index/index
INFO: [ app_init ] --START--
INFO: Run Behavior\BuildLiteBehavior [ RunTime:0.000046s ]
INFO: [ app_init ] --END-- [ RunTime:0.000668s ]
INFO: [ app_begin ] --START--
INFO: Run Behavior\ReadHtmlCacheBehavior [ RunTime:0.000952s ]
INFO: [ app_begin ] --END-- [ RunTime:0.001183s ]
SQL: SHOW COLUMNS FROM `article` [ RunTime:0.0027s ]
SQL: SHOW COLUMNS FROM `webinfo` [ RunTime:0.0026s ]
SQL: UPDATE `webinfo` SET `webview`=webview+1 WHERE ( id=0 ) [ RunTime:0.0003s ]
SQL: SELECT * FROM `webinfo`  [ RunTime:0.0002s ]
SQL: SELECT `title`,`label`,`id` FROM `article` ORDER BY pageview desc LIMIT 4   [ RunTime:0.0003s ]
SQL: SELECT COUNT(*) AS tp_count FROM `article` LIMIT 1   [ RunTime:0.0002s ]
SQL: SELECT * FROM `article` ORDER BY time desc LIMIT 0,6   [ RunTime:0.0005s ]
INFO: [ view_parse ] --START--
INFO: [ template_filter ] --START--
INFO: Run Behavior\ContentReplaceBehavior [ RunTime:0.000105s ]
INFO: [ template_filter ] --END-- [ RunTime:0.000305s ]
INFO: Run Behavior\ParseTemplateBehavior [ RunTime:0.016972s ]
INFO: [ view_parse ] --END-- [ RunTime:0.017175s ]
INFO: [ view_filter ] --START--
INFO: Run Behavior\WriteHtmlCacheBehavior [ RunTime:0.000619s ]
INFO: [ view_filter ] --END-- [ RunTime:0.000845s ]
INFO: [ app_end ] --START--
INFO: Run Behavior\ShowPageTraceBehavior [ RunTime:0.000831s ]
INFO: [ app_end ] --END-- [ RunTime:0.001048s ]

[ 2015-08-11T00:29:37+08:00 ] ::1 /Index/index
INFO: [ app_init ] --START--
INFO: Run Behavior\BuildLiteBehavior [ RunTime:0.000030s ]
INFO: [ app_init ] --END-- [ RunTime:0.000432s ]
INFO: [ app_begin ] --START--
INFO: Run Behavior\ReadHtmlCacheBehavior [ RunTime:0.000606s ]
INFO: [ app_begin ] --END-- [ RunTime:0.000766s ]
SQL: SHOW COLUMNS FROM `article` [ RunTime:0.0039s ]
SQL: SHOW COLUMNS FROM `webinfo` [ RunTime:0.0028s ]
SQL: UPDATE `webinfo` SET `webview`=webview+1 WHERE ( id=0 ) [ RunTime:0.0003s ]
SQL: SELECT * FROM `webinfo`  [ RunTime:0.0003s ]
SQL: SELECT `title`,`label`,`id` FROM `article` ORDER BY pageview desc LIMIT 4   [ RunTime:0.0004s ]
SQL: SELECT COUNT(*) AS tp_count FROM `article` LIMIT 1   [ RunTime:0.0002s ]
SQL: SELECT * FROM `article` ORDER BY time desc LIMIT 0,6   [ RunTime:0.0005s ]
INFO: [ view_parse ] --START--
INFO: [ template_filter ] --START--
INFO: Run Behavior\ContentReplaceBehavior [ RunTime:0.000125s ]
INFO: [ template_filter ] --END-- [ RunTime:0.000309s ]
INFO: Run Behavior\ParseTemplateBehavior [ RunTime:0.019035s ]
INFO: [ view_parse ] --END-- [ RunTime:0.019314s ]
INFO: [ view_filter ] --START--
INFO: Run Behavior\WriteHtmlCacheBehavior [ RunTime:0.000753s ]
INFO: [ view_filter ] --END-- [ RunTime:0.001050s ]
INFO: [ app_end ] --START--
INFO: Run Behavior\ShowPageTraceBehavior [ RunTime:0.001117s ]
INFO: [ app_end ] --END-- [ RunTime:0.001377s ]

[ 2015-08-11T00:30:49+08:00 ] ::1 /Index/index
INFO: [ app_init ] --START--
INFO: Run Behavior\BuildLiteBehavior [ RunTime:0.000039s ]
INFO: [ app_init ] --END-- [ RunTime:0.000475s ]
INFO: [ app_begin ] --START--
INFO: Run Behavior\ReadHtmlCacheBehavior [ RunTime:0.000643s ]
INFO: [ app_begin ] --END-- [ RunTime:0.000806s ]
SQL: SHOW COLUMNS FROM `article` [ RunTime:0.0024s ]
SQL: SHOW COLUMNS FROM `webinfo` [ RunTime:0.0018s ]
SQL: UPDATE `webinfo` SET `webview`=webview+1 WHERE ( id=0 ) [ RunTime:0.0003s ]
SQL: SELECT * FROM `webinfo`  [ RunTime:0.0002s ]
SQL: SELECT `title`,`label`,`id` FROM `article` ORDER BY pageview desc LIMIT 4   [ RunTime:0.0003s ]
SQL: SELECT COUNT(*) AS tp_count FROM `article` LIMIT 1   [ RunTime:0.0002s ]
SQL: SELECT * FROM `article` ORDER BY time desc LIMIT 0,6   [ RunTime:0.0005s ]
INFO: [ view_parse ] --START--
INFO: [ template_filter ] --START--
INFO: Run Behavior\ContentReplaceBehavior [ RunTime:0.000088s ]
INFO: [ template_filter ] --END-- [ RunTime:0.000241s ]
INFO: Run Behavior\ParseTemplateBehavior [ RunTime:0.014164s ]
INFO: [ view_parse ] --END-- [ RunTime:0.014310s ]
INFO: [ view_filter ] --START--
INFO: Run Behavior\WriteHtmlCacheBehavior [ RunTime:0.000492s ]
INFO: [ view_filter ] --END-- [ RunTime:0.000663s ]
INFO: [ app_end ] --START--
INFO: Run Behavior\ShowPageTraceBehavior [ RunTime:0.000717s ]
INFO: [ app_end ] --END-- [ RunTime:0.000959s ]

[ 2015-08-11T00:31:20+08:00 ] ::1 /Index/index
INFO: [ app_init ] --START--
INFO: Run Behavior\BuildLiteBehavior [ RunTime:0.000057s ]
INFO: [ app_init ] --END-- [ RunTime:0.000849s ]
INFO: [ app_begin ] --START--
INFO: Run Behavior\ReadHtmlCacheBehavior [ RunTime:0.001807s ]
INFO: [ app_begin ] --END-- [ RunTime:0.002192s ]
SQL: SHOW COLUMNS FROM `article` [ RunTime:0.0181s ]
SQL: SHOW COLUMNS FROM `webinfo` [ RunTime:0.0019s ]
SQL: UPDATE `webinfo` SET `webview`=webview+1 WHERE ( id=0 ) [ RunTime:0.0003s ]
SQL: SELECT * FROM `webinfo`  [ RunTime:0.0002s ]
SQL: SELECT `title`,`label`,`id` FROM `article` ORDER BY pageview desc LIMIT 4   [ RunTime:0.0004s ]
SQL: SELECT COUNT(*) AS tp_count FROM `article` LIMIT 1   [ RunTime:0.0002s ]
SQL: SELECT * FROM `article` ORDER BY time desc LIMIT 0,6   [ RunTime:0.0005s ]
INFO: [ view_parse ] --START--
INFO: [ template_filter ] --START--
INFO: Run Behavior\ContentReplaceBehavior [ RunTime:0.000078s ]
INFO: [ template_filter ] --END-- [ RunTime:0.000225s ]
INFO: Run Behavior\ParseTemplateBehavior [ RunTime:0.013670s ]
INFO: [ view_parse ] --END-- [ RunTime:0.013867s ]
INFO: [ view_filter ] --START--
INFO: Run Behavior\WriteHtmlCacheBehavior [ RunTime:0.000440s ]
INFO: [ view_filter ] --END-- [ RunTime:0.000571s ]
INFO: [ app_end ] --START--
INFO: Run Behavior\ShowPageTraceBehavior [ RunTime:0.000934s ]
INFO: [ app_end ] --END-- [ RunTime:0.001155s ]

[ 2015-08-11T00:31:32+08:00 ] ::1 /Index/index
INFO: [ app_init ] --START--
INFO: Run Behavior\BuildLiteBehavior [ RunTime:0.000029s ]
INFO: [ app_init ] --END-- [ RunTime:0.000390s ]
INFO: [ app_begin ] --START--
INFO: Run Behavior\ReadHtmlCacheBehavior [ RunTime:0.000504s ]
INFO: [ app_begin ] --END-- [ RunTime:0.000639s ]
SQL: SHOW COLUMNS FROM `article` [ RunTime:0.0024s ]
SQL: SHOW COLUMNS FROM `webinfo` [ RunTime:0.0024s ]
SQL: UPDATE `webinfo` SET `webview`=webview+1 WHERE ( id=0 ) [ RunTime:0.0002s ]
SQL: SELECT * FROM `webinfo`  [ RunTime:0.0002s ]
SQL: SELECT `title`,`label`,`id` FROM `article` ORDER BY pageview desc LIMIT 4   [ RunTime:0.0003s ]
SQL: SELECT COUNT(*) AS tp_count FROM `article` LIMIT 1   [ RunTime:0.0002s ]
SQL: SELECT * FROM `article` ORDER BY time desc LIMIT 0,6   [ RunTime:0.0005s ]
INFO: [ view_parse ] --START--
INFO: [ template_filter ] --START--
INFO: Run Behavior\ContentReplaceBehavior [ RunTime:0.000078s ]
INFO: [ template_filter ] --END-- [ RunTime:0.000209s ]
INFO: Run Behavior\ParseTemplateBehavior [ RunTime:0.013637s ]
INFO: [ view_parse ] --END-- [ RunTime:0.013771s ]
INFO: [ view_filter ] --START--
INFO: Run Behavior\WriteHtmlCacheBehavior [ RunTime:0.000386s ]
INFO: [ view_filter ] --END-- [ RunTime:0.000527s ]
INFO: [ app_end ] --START--
INFO: Run Behavior\ShowPageTraceBehavior [ RunTime:0.000627s ]
INFO: [ app_end ] --END-- [ RunTime:0.000819s ]

[ 2015-08-11T00:32:32+08:00 ] ::1 /Index/index
INFO: [ app_init ] --START--
INFO: Run Behavior\BuildLiteBehavior [ RunTime:0.000038s ]
INFO: [ app_init ] --END-- [ RunTime:0.000869s ]
INFO: [ app_begin ] --START--
INFO: Run Behavior\ReadHtmlCacheBehavior [ RunTime:0.000852s ]
INFO: [ app_begin ] --END-- [ RunTime:0.001086s ]
SQL: SHOW COLUMNS FROM `article` [ RunTime:0.0021s ]
SQL: SHOW COLUMNS FROM `webinfo` [ RunTime:0.0018s ]
SQL: UPDATE `webinfo` SET `webview`=webview+1 WHERE ( id=0 ) [ RunTime:0.0002s ]
SQL: SELECT * FROM `webinfo`  [ RunTime:0.0002s ]
SQL: SELECT `title`,`label`,`id` FROM `article` ORDER BY pageview desc LIMIT 4   [ RunTime:0.0003s ]
SQL: SELECT COUNT(*) AS tp_count FROM `article` LIMIT 1   [ RunTime:0.0002s ]
SQL: SELECT * FROM `article` ORDER BY time desc LIMIT 0,6   [ RunTime:0.0005s ]
INFO: [ view_parse ] --START--
INFO: [ template_filter ] --START--
INFO: Run Behavior\ContentReplaceBehavior [ RunTime:0.000078s ]
INFO: [ template_filter ] --END-- [ RunTime:0.000210s ]
INFO: Run Behavior\ParseTemplateBehavior [ RunTime:0.013722s ]
INFO: [ view_parse ] --END-- [ RunTime:0.013905s ]
INFO: [ view_filter ] --START--
INFO: Run Behavior\WriteHtmlCacheBehavior [ RunTime:0.000377s ]
INFO: [ view_filter ] --END-- [ RunTime:0.000492s ]
INFO: [ app_end ] --START--
INFO: Run Behavior\ShowPageTraceBehavior [ RunTime:0.000636s ]
INFO: [ app_end ] --END-- [ RunTime:0.000780s ]

[ 2015-08-11T00:33:04+08:00 ] ::1 /Index/index
INFO: [ app_init ] --START--
INFO: Run Behavior\BuildLiteBehavior [ RunTime:0.000031s ]
INFO: [ app_init ] --END-- [ RunTime:0.000445s ]
INFO: [ app_begin ] --START--
INFO: Run Behavior\ReadHtmlCacheBehavior [ RunTime:0.000567s ]
INFO: [ app_begin ] --END-- [ RunTime:0.000707s ]
SQL: SHOW COLUMNS FROM `article` [ RunTime:0.0617s ]
SQL: SHOW COLUMNS FROM `webinfo` [ RunTime:0.0024s ]
SQL: UPDATE `webinfo` SET `webview`=webview+1 WHERE ( id=0 ) [ RunTime:0.0003s ]
SQL: SELECT * FROM `webinfo`  [ RunTime:0.0002s ]
SQL: SELECT `title`,`label`,`id` FROM `article` ORDER BY pageview desc LIMIT 4   [ RunTime:0.0003s ]
SQL: SELECT COUNT(*) AS tp_count FROM `article` LIMIT 1   [ RunTime:0.0002s ]
SQL: SELECT * FROM `article` ORDER BY time desc LIMIT 0,6   [ RunTime:0.0005s ]
INFO: [ view_parse ] --START--
INFO: [ template_filter ] --START--
INFO: Run Behavior\ContentReplaceBehavior [ RunTime:0.000095s ]
INFO: [ template_filter ] --END-- [ RunTime:0.000242s ]
INFO: Run Behavior\ParseTemplateBehavior [ RunTime:0.014257s ]
INFO: [ view_parse ] --END-- [ RunTime:0.014400s ]
INFO: [ view_filter ] --START--
INFO: Run Behavior\WriteHtmlCacheBehavior [ RunTime:0.000488s ]
INFO: [ view_filter ] --END-- [ RunTime:0.000604s ]
INFO: [ app_end ] --START--
INFO: Run Behavior\ShowPageTraceBehavior [ RunTime:0.000891s ]
INFO: [ app_end ] --END-- [ RunTime:0.001119s ]

[ 2015-08-11T00:33:11+08:00 ] ::1 /Index/index
INFO: [ app_init ] --START--
INFO: Run Behavior\BuildLiteBehavior [ RunTime:0.000027s ]
INFO: [ app_init ] --END-- [ RunTime:0.000408s ]
INFO: [ app_begin ] --START--
INFO: Run Behavior\ReadHtmlCacheBehavior [ RunTime:0.000507s ]
INFO: [ app_begin ] --END-- [ RunTime:0.000691s ]
SQL: SHOW COLUMNS FROM `article` [ RunTime:0.0028s ]
SQL: SHOW COLUMNS FROM `webinfo` [ RunTime:0.0018s ]
SQL: UPDATE `webinfo` SET `webview`=webview+1 WHERE ( id=0 ) [ RunTime:0.0002s ]
SQL: SELECT * FROM `webinfo`  [ RunTime:0.0003s ]
SQL: SELECT `title`,`label`,`id` FROM `article` ORDER BY pageview desc LIMIT 4   [ RunTime:0.0003s ]
SQL: SELECT COUNT(*) AS tp_count FROM `article` LIMIT 1   [ RunTime:0.0002s ]
SQL: SELECT * FROM `article` ORDER BY time desc LIMIT 0,6   [ RunTime:0.0004s ]
INFO: [ view_parse ] --START--
INFO: [ template_filter ] --START--
INFO: Run Behavior\ContentReplaceBehavior [ RunTime:0.000090s ]
INFO: [ template_filter ] --END-- [ RunTime:0.000248s ]
INFO: Run Behavior\ParseTemplateBehavior [ RunTime:0.013539s ]
INFO: [ view_parse ] --END-- [ RunTime:0.013675s ]
INFO: [ view_filter ] --START--
INFO: Run Behavior\WriteHtmlCacheBehavior [ RunTime:0.000381s ]
INFO: [ view_filter ] --END-- [ RunTime:0.000527s ]
INFO: [ app_end ] --START--
INFO: Run Behavior\ShowPageTraceBehavior [ RunTime:0.000670s ]
INFO: [ app_end ] --END-- [ RunTime:0.000832s ]

[ 2015-08-11T00:33:54+08:00 ] ::1 /Index/index
INFO: [ app_init ] --START--
INFO: Run Behavior\BuildLiteBehavior [ RunTime:0.000048s ]
INFO: [ app_init ] --END-- [ RunTime:0.000469s ]
INFO: [ app_begin ] --START--
INFO: Run Behavior\ReadHtmlCacheBehavior [ RunTime:0.000944s ]
INFO: [ app_begin ] --END-- [ RunTime:0.001230s ]
SQL: SHOW COLUMNS FROM `article` [ RunTime:0.0033s ]
SQL: SHOW COLUMNS FROM `webinfo` [ RunTime:0.0018s ]
SQL: UPDATE `webinfo` SET `webview`=webview+1 WHERE ( id=0 ) [ RunTime:0.0002s ]
SQL: SELECT * FROM `webinfo`  [ RunTime:0.0002s ]
SQL: SELECT `title`,`label`,`id` FROM `article` ORDER BY pageview desc LIMIT 4   [ RunTime:0.0002s ]
SQL: SELECT COUNT(*) AS tp_count FROM `article` LIMIT 1   [ RunTime:0.0001s ]
SQL: SELECT * FROM `article` ORDER BY time desc LIMIT 0,12   [ RunTime:0.0006s ]
INFO: [ view_parse ] --START--
INFO: [ template_filter ] --START--
INFO: Run Behavior\ContentReplaceBehavior [ RunTime:0.000100s ]
INFO: [ template_filter ] --END-- [ RunTime:0.000385s ]
INFO: Run Behavior\ParseTemplateBehavior [ RunTime:0.023428s ]
INFO: [ view_parse ] --END-- [ RunTime:0.023691s ]
INFO: [ view_filter ] --START--
INFO: Run Behavior\WriteHtmlCacheBehavior [ RunTime:0.000824s ]
INFO: [ view_filter ] --END-- [ RunTime:0.001063s ]
INFO: [ app_end ] --START--
INFO: Run Behavior\ShowPageTraceBehavior [ RunTime:0.000988s ]
INFO: [ app_end ] --END-- [ RunTime:0.001216s ]

[ 2015-08-11T00:34:22+08:00 ] ::1 /Index/index
INFO: [ app_init ] --START--
INFO: Run Behavior\BuildLiteBehavior [ RunTime:0.000051s ]
INFO: [ app_init ] --END-- [ RunTime:0.000789s ]
INFO: [ app_begin ] --START--
INFO: Run Behavior\ReadHtmlCacheBehavior [ RunTime:0.000731s ]
INFO: [ app_begin ] --END-- [ RunTime:0.000924s ]
SQL: SHOW COLUMNS FROM `article` [ RunTime:0.0022s ]
SQL: SHOW COLUMNS FROM `webinfo` [ RunTime:0.0026s ]
SQL: UPDATE `webinfo` SET `webview`=webview+1 WHERE ( id=0 ) [ RunTime:0.0002s ]
SQL: SELECT * FROM `webinfo`  [ RunTime:0.0002s ]
SQL: SELECT `title`,`label`,`id` FROM `article` ORDER BY pageview desc LIMIT 4   [ RunTime:0.0003s ]
SQL: SELECT COUNT(*) AS tp_count FROM `article` LIMIT 1   [ RunTime:0.0002s ]
SQL: SELECT * FROM `article` ORDER BY time desc LIMIT 0,8   [ RunTime:0.0004s ]
INFO: [ view_parse ] --START--
INFO: [ template_filter ] --START--
INFO: Run Behavior\ContentReplaceBehavior [ RunTime:0.000077s ]
INFO: [ template_filter ] --END-- [ RunTime:0.000204s ]
INFO: Run Behavior\ParseTemplateBehavior [ RunTime:0.013386s ]
INFO: [ view_parse ] --END-- [ RunTime:0.013613s ]
INFO: [ view_filter ] --START--
INFO: Run Behavior\WriteHtmlCacheBehavior [ RunTime:0.000555s ]
INFO: [ view_filter ] --END-- [ RunTime:0.000801s ]
INFO: [ app_end ] --START--
INFO: Run Behavior\ShowPageTraceBehavior [ RunTime:0.000634s ]
INFO: [ app_end ] --END-- [ RunTime:0.000777s ]

[ 2015-08-11T00:48:48+08:00 ] ::1 /article/mcu/17
INFO: [ app_init ] --START--
INFO: Run Behavior\BuildLiteBehavior [ RunTime:0.000031s ]
INFO: [ app_init ] --END-- [ RunTime:0.000481s ]
INFO: [ app_begin ] --START--
INFO: Run Behavior\ReadHtmlCacheBehavior [ RunTime:0.000537s ]
INFO: [ app_begin ] --END-- [ RunTime:0.000675s ]
SQL: SHOW COLUMNS FROM `article` [ RunTime:0.0025s ]
SQL: UPDATE `article` SET `pageview`=pageview+1 WHERE ( id=17 ) [ RunTime:0.0004s ]
SQL: SHOW COLUMNS FROM `webinfo` [ RunTime:0.0023s ]
SQL: SELECT * FROM `webinfo`  [ RunTime:0.0002s ]
SQL: SELECT * FROM `article` WHERE ( id=17 )  [ RunTime:0.0003s ]
SQL: SELECT `id`,`label`,`title` FROM `article` WHERE ( label=2 ) LIMIT 4   [ RunTime:0.0003s ]
SQL: SELECT `title`,`label`,`id` FROM `article` ORDER BY pageview desc LIMIT 4   [ RunTime:0.0003s ]
SQL: SHOW COLUMNS FROM `comment` [ RunTime:0.0025s ]
SQL: SELECT * FROM `comment` WHERE ( aid=17 ) ORDER BY time desc  [ RunTime:0.0004s ]
INFO: [ view_parse ] --START--
INFO: [ template_filter ] --START--
INFO: Run Behavior\ContentReplaceBehavior [ RunTime:0.000091s ]
INFO: [ template_filter ] --END-- [ RunTime:0.000240s ]
NOTIC: [8] Use of undefined constant comment - assumed 'comment' E:\wamp\www\Application\Runtime\Cache\Home\2ac6c1276904b87404ed678dbabb985c.php 第 21 行.
NOTIC: [8] Use of undefined constant praise - assumed 'praise' E:\wamp\www\Application\Runtime\Cache\Home\2ac6c1276904b87404ed678dbabb985c.php 第 22 行.
INFO: Run Behavior\ParseTemplateBehavior [ RunTime:0.023033s ]
INFO: [ view_parse ] --END-- [ RunTime:0.023174s ]
INFO: [ view_filter ] --START--
INFO: Run Behavior\WriteHtmlCacheBehavior [ RunTime:0.000490s ]
INFO: [ view_filter ] --END-- [ RunTime:0.000613s ]
INFO: [ app_end ] --START--
INFO: Run Behavior\ShowPageTraceBehavior [ RunTime:0.000657s ]
INFO: [ app_end ] --END-- [ RunTime:0.000807s ]

