[ 2015-08-09T20:48:47+08:00 ] ::1 /
INFO: [ app_init ] --START--
INFO: Run Behavior\BuildLiteBehavior [ RunTime:0.000029s ]
INFO: [ app_init ] --END-- [ RunTime:0.000488s ]
INFO: [ app_begin ] --START--
INFO: Run Behavior\ReadHtmlCacheBehavior [ RunTime:0.000675s ]
INFO: [ app_begin ] --END-- [ RunTime:0.000997s ]
SQL: SHOW COLUMNS FROM `article` [ RunTime:0.0037s ]
SQL: SHOW COLUMNS FROM `webinfo` [ RunTime:0.0019s ]
SQL: UPDATE `webinfo` SET `webview`=webview+1 WHERE ( id=0 ) [ RunTime:0.0003s ]
SQL: SELECT * FROM `webinfo`  [ RunTime:0.0002s ]
SQL: SELECT `title`,`label`,`id` FROM `article` ORDER BY pageview desc LIMIT 4   [ RunTime:0.0003s ]
SQL: SELECT COUNT(*) AS tp_count FROM `article` LIMIT 1   [ RunTime:0.0002s ]
SQL: SELECT * FROM `article` ORDER BY time desc LIMIT 0,6   [ RunTime:0.0004s ]
INFO: [ view_parse ] --START--
INFO: [ template_filter ] --START--
INFO: Run Behavior\ContentReplaceBehavior [ RunTime:0.000110s ]
INFO: [ template_filter ] --END-- [ RunTime:0.000254s ]
INFO: Run Behavior\ParseTemplateBehavior [ RunTime:0.015105s ]
INFO: [ view_parse ] --END-- [ RunTime:0.015293s ]
INFO: [ view_filter ] --START--
INFO: Run Behavior\WriteHtmlCacheBehavior [ RunTime:0.000437s ]
INFO: [ view_filter ] --END-- [ RunTime:0.000576s ]
INFO: [ app_end ] --START--
INFO: Run Behavior\ShowPageTraceBehavior [ RunTime:0.000816s ]
INFO: [ app_end ] --END-- [ RunTime:0.001050s ]

[ 2015-08-09T20:48:47+08:00 ] ::1 /Public/images/logo2.ico
INFO: [ app_init ] --START--
INFO: Run Behavior\BuildLiteBehavior [ RunTime:0.000032s ]
INFO: [ app_init ] --END-- [ RunTime:0.000574s ]

[ 2015-08-09T20:48:47+08:00 ] ::1 /Public/images/logo2.ico
INFO: [ app_init ] --START--
INFO: Run Behavior\BuildLiteBehavior [ RunTime:0.000031s ]
INFO: [ app_init ] --END-- [ RunTime:0.000514s ]

[ 2015-08-09T20:48:57+08:00 ] ::1 /article/mcu/17
INFO: [ app_init ] --START--
INFO: Run Behavior\BuildLiteBehavior [ RunTime:0.000027s ]
INFO: [ app_init ] --END-- [ RunTime:0.000627s ]
INFO: [ app_begin ] --START--
INFO: Run Behavior\ReadHtmlCacheBehavior [ RunTime:0.000619s ]
INFO: [ app_begin ] --END-- [ RunTime:0.000816s ]
SQL: SHOW COLUMNS FROM `article` [ RunTime:0.0027s ]
SQL: UPDATE `article` SET `pageview`=pageview+1 WHERE ( id=17 ) [ RunTime:0.0003s ]
SQL: SHOW COLUMNS FROM `webinfo` [ RunTime:0.0022s ]
SQL: SELECT * FROM `webinfo`  [ RunTime:0.0002s ]
SQL: SELECT * FROM `article` WHERE ( id=17 )  [ RunTime:0.0004s ]
SQL: SELECT `id`,`label`,`title` FROM `article` WHERE ( label=2 ) LIMIT 4   [ RunTime:0.0004s ]
SQL: SELECT `title`,`label`,`id` FROM `article` ORDER BY pageview desc LIMIT 4   [ RunTime:0.0003s ]
SQL: SHOW COLUMNS FROM `comment` [ RunTime:0.0028s ]
SQL: SELECT * FROM `comment` WHERE ( aid=17 ) ORDER BY time desc  [ RunTime:0.0004s ]
INFO: [ view_parse ] --START--
INFO: [ template_filter ] --START--
INFO: Run Behavior\ContentReplaceBehavior [ RunTime:0.000148s ]
INFO: [ template_filter ] --END-- [ RunTime:0.000296s ]
NOTIC: [8] Use of undefined constant comment - assumed 'comment' E:\wamp\www\Application\Runtime\Cache\Home\2ac6c1276904b87404ed678dbabb985c.php 第 21 行.
NOTIC: [8] Use of undefined constant praise - assumed 'praise' E:\wamp\www\Application\Runtime\Cache\Home\2ac6c1276904b87404ed678dbabb985c.php 第 22 行.
INFO: Run Behavior\ParseTemplateBehavior [ RunTime:0.015759s ]
INFO: [ view_parse ] --END-- [ RunTime:0.015888s ]
INFO: [ view_filter ] --START--
INFO: Run Behavior\WriteHtmlCacheBehavior [ RunTime:0.000400s ]
INFO: [ view_filter ] --END-- [ RunTime:0.000514s ]
INFO: [ app_end ] --START--
INFO: Run Behavior\ShowPageTraceBehavior [ RunTime:0.001332s ]
INFO: [ app_end ] --END-- [ RunTime:0.001544s ]

[ 2015-08-09T20:48:57+08:00 ] ::1 /favicon.ico
INFO: [ app_init ] --START--
INFO: Run Behavior\BuildLiteBehavior [ RunTime:0.000069s ]
INFO: [ app_init ] --END-- [ RunTime:0.000758s ]

[ 2015-08-09T20:48:57+08:00 ] ::1 /favicon.ico
INFO: [ app_init ] --START--
INFO: Run Behavior\BuildLiteBehavior [ RunTime:0.000027s ]
INFO: [ app_init ] --END-- [ RunTime:0.000377s ]

[ 2015-08-09T20:50:26+08:00 ] ::1 /article/mcu/17
INFO: [ app_init ] --START--
INFO: Run Behavior\BuildLiteBehavior [ RunTime:0.000031s ]
INFO: [ app_init ] --END-- [ RunTime:0.000482s ]
INFO: [ app_begin ] --START--
INFO: Run Behavior\ReadHtmlCacheBehavior [ RunTime:0.000677s ]
INFO: [ app_begin ] --END-- [ RunTime:0.000864s ]
SQL: SHOW COLUMNS FROM `article` [ RunTime:0.0027s ]
SQL: UPDATE `article` SET `pageview`=pageview+1 WHERE ( id=17 ) [ RunTime:0.0003s ]
SQL: SHOW COLUMNS FROM `webinfo` [ RunTime:0.0022s ]
SQL: SELECT * FROM `webinfo`  [ RunTime:0.0002s ]
SQL: SELECT * FROM `article` WHERE ( id=17 )  [ RunTime:0.0003s ]
SQL: SELECT `id`,`label`,`title` FROM `article` WHERE ( label=2 ) LIMIT 4   [ RunTime:0.0003s ]
SQL: SELECT `title`,`label`,`id` FROM `article` ORDER BY pageview desc LIMIT 4   [ RunTime:0.0003s ]
SQL: SHOW COLUMNS FROM `comment` [ RunTime:0.0019s ]
SQL: SELECT * FROM `comment` WHERE ( aid=17 ) ORDER BY time desc  [ RunTime:0.0003s ]
INFO: [ view_parse ] --START--
INFO: [ template_filter ] --START--
INFO: Run Behavior\ContentReplaceBehavior [ RunTime:0.000106s ]
INFO: [ template_filter ] --END-- [ RunTime:0.000233s ]
NOTIC: [8] Use of undefined constant comment - assumed 'comment' E:\wamp\www\Application\Runtime\Cache\Home\2ac6c1276904b87404ed678dbabb985c.php 第 21 行.
NOTIC: [8] Use of undefined constant praise - assumed 'praise' E:\wamp\www\Application\Runtime\Cache\Home\2ac6c1276904b87404ed678dbabb985c.php 第 22 行.
INFO: Run Behavior\ParseTemplateBehavior [ RunTime:0.013847s ]
INFO: [ view_parse ] --END-- [ RunTime:0.013970s ]
INFO: [ view_filter ] --START--
INFO: Run Behavior\WriteHtmlCacheBehavior [ RunTime:0.000345s ]
INFO: [ view_filter ] --END-- [ RunTime:0.000457s ]
INFO: [ app_end ] --START--
INFO: Run Behavior\ShowPageTraceBehavior [ RunTime:0.000646s ]
INFO: [ app_end ] --END-- [ RunTime:0.000833s ]

[ 2015-08-09T20:50:38+08:00 ] ::1 /article/mcu/17
INFO: [ app_init ] --START--
INFO: Run Behavior\BuildLiteBehavior [ RunTime:0.000030s ]
INFO: [ app_init ] --END-- [ RunTime:0.000501s ]
INFO: [ app_begin ] --START--
INFO: Run Behavior\ReadHtmlCacheBehavior [ RunTime:0.000643s ]
INFO: [ app_begin ] --END-- [ RunTime:0.000818s ]
SQL: SHOW COLUMNS FROM `article` [ RunTime:0.0025s ]
SQL: UPDATE `article` SET `pageview`=pageview+1 WHERE ( id=17 ) [ RunTime:0.0003s ]
SQL: SHOW COLUMNS FROM `webinfo` [ RunTime:0.0023s ]
SQL: SELECT * FROM `webinfo`  [ RunTime:0.0003s ]
SQL: SELECT * FROM `article` WHERE ( id=17 )  [ RunTime:0.0003s ]
SQL: SELECT `id`,`label`,`title` FROM `article` WHERE ( label=2 ) LIMIT 4   [ RunTime:0.0003s ]
SQL: SELECT `title`,`label`,`id` FROM `article` ORDER BY pageview desc LIMIT 4   [ RunTime:0.0003s ]
SQL: SHOW COLUMNS FROM `comment` [ RunTime:0.0026s ]
SQL: SELECT * FROM `comment` WHERE ( aid=17 ) ORDER BY time desc  [ RunTime:0.0003s ]
INFO: [ view_parse ] --START--
INFO: [ template_filter ] --START--
INFO: Run Behavior\ContentReplaceBehavior [ RunTime:0.000131s ]
INFO: [ template_filter ] --END-- [ RunTime:0.000276s ]
NOTIC: [8] Use of undefined constant comment - assumed 'comment' E:\wamp\www\Application\Runtime\Cache\Home\2ac6c1276904b87404ed678dbabb985c.php 第 21 行.
NOTIC: [8] Use of undefined constant praise - assumed 'praise' E:\wamp\www\Application\Runtime\Cache\Home\2ac6c1276904b87404ed678dbabb985c.php 第 22 行.
INFO: Run Behavior\ParseTemplateBehavior [ RunTime:0.015930s ]
INFO: [ view_parse ] --END-- [ RunTime:0.016055s ]
INFO: [ view_filter ] --START--
INFO: Run Behavior\WriteHtmlCacheBehavior [ RunTime:0.000362s ]
INFO: [ view_filter ] --END-- [ RunTime:0.000477s ]
INFO: [ app_end ] --START--
INFO: Run Behavior\ShowPageTraceBehavior [ RunTime:0.000671s ]
INFO: [ app_end ] --END-- [ RunTime:0.000859s ]

[ 2015-08-09T20:50:42+08:00 ] ::1 /Index/index
INFO: [ app_init ] --START--
INFO: Run Behavior\BuildLiteBehavior [ RunTime:0.000031s ]
INFO: [ app_init ] --END-- [ RunTime:0.000442s ]
INFO: [ app_begin ] --START--
INFO: Run Behavior\ReadHtmlCacheBehavior [ RunTime:0.000630s ]
INFO: [ app_begin ] --END-- [ RunTime:0.000801s ]
SQL: SHOW COLUMNS FROM `article` [ RunTime:0.0020s ]
SQL: SHOW COLUMNS FROM `webinfo` [ RunTime:0.0022s ]
SQL: UPDATE `webinfo` SET `webview`=webview+1 WHERE ( id=0 ) [ RunTime:0.0003s ]
SQL: SELECT * FROM `webinfo`  [ RunTime:0.0002s ]
SQL: SELECT `title`,`label`,`id` FROM `article` ORDER BY pageview desc LIMIT 4   [ RunTime:0.0003s ]
SQL: SELECT COUNT(*) AS tp_count FROM `article` LIMIT 1   [ RunTime:0.0002s ]
SQL: SELECT * FROM `article` ORDER BY time desc LIMIT 0,6   [ RunTime:0.0004s ]
INFO: [ view_parse ] --START--
INFO: [ template_filter ] --START--
INFO: Run Behavior\ContentReplaceBehavior [ RunTime:0.000093s ]
INFO: [ template_filter ] --END-- [ RunTime:0.000244s ]
INFO: Run Behavior\ParseTemplateBehavior [ RunTime:0.013306s ]
INFO: [ view_parse ] --END-- [ RunTime:0.013446s ]
INFO: [ view_filter ] --START--
INFO: Run Behavior\WriteHtmlCacheBehavior [ RunTime:0.000428s ]
INFO: [ view_filter ] --END-- [ RunTime:0.000543s ]
INFO: [ app_end ] --START--
INFO: Run Behavior\ShowPageTraceBehavior [ RunTime:0.000963s ]
INFO: [ app_end ] --END-- [ RunTime:0.001164s ]

[ 2015-08-09T20:52:17+08:00 ] ::1 /Index/index
INFO: [ app_init ] --START--
INFO: Run Behavior\BuildLiteBehavior [ RunTime:0.000046s ]
INFO: [ app_init ] --END-- [ RunTime:0.000932s ]
INFO: [ app_begin ] --START--
INFO: Run Behavior\ReadHtmlCacheBehavior [ RunTime:0.000716s ]
INFO: [ app_begin ] --END-- [ RunTime:0.000939s ]
SQL: SHOW COLUMNS FROM `article` [ RunTime:0.0023s ]
SQL: SHOW COLUMNS FROM `webinfo` [ RunTime:0.0027s ]
SQL: UPDATE `webinfo` SET `webview`=webview+1 WHERE ( id=0 ) [ RunTime:0.0003s ]
SQL: SELECT * FROM `webinfo`  [ RunTime:0.0002s ]
SQL: SELECT `title`,`label`,`id` FROM `article` ORDER BY pageview desc LIMIT 4   [ RunTime:0.0003s ]
SQL: SELECT COUNT(*) AS tp_count FROM `article` LIMIT 1   [ RunTime:0.0002s ]
SQL: SELECT * FROM `article` ORDER BY time desc LIMIT 0,6   [ RunTime:0.0004s ]
INFO: [ view_parse ] --START--
INFO: [ template_filter ] --START--
INFO: Run Behavior\ContentReplaceBehavior [ RunTime:0.000096s ]
INFO: [ template_filter ] --END-- [ RunTime:0.000244s ]
INFO: Run Behavior\ParseTemplateBehavior [ RunTime:0.014717s ]
INFO: [ view_parse ] --END-- [ RunTime:0.014972s ]
INFO: [ view_filter ] --START--
INFO: Run Behavior\WriteHtmlCacheBehavior [ RunTime:0.000460s ]
INFO: [ view_filter ] --END-- [ RunTime:0.000635s ]
INFO: [ app_end ] --START--
INFO: Run Behavior\ShowPageTraceBehavior [ RunTime:0.000705s ]
INFO: [ app_end ] --END-- [ RunTime:0.000900s ]

[ 2015-08-09T20:53:19+08:00 ] ::1 /Index/index
INFO: [ app_init ] --START--
INFO: Run Behavior\BuildLiteBehavior [ RunTime:0.000027s ]
INFO: [ app_init ] --END-- [ RunTime:0.000438s ]
INFO: [ app_begin ] --START--
INFO: Run Behavior\ReadHtmlCacheBehavior [ RunTime:0.000562s ]
INFO: [ app_begin ] --END-- [ RunTime:0.000708s ]
SQL: SHOW COLUMNS FROM `article` [ RunTime:0.0024s ]
SQL: SHOW COLUMNS FROM `webinfo` [ RunTime:0.0024s ]
SQL: UPDATE `webinfo` SET `webview`=webview+1 WHERE ( id=0 ) [ RunTime:0.0002s ]
SQL: SELECT * FROM `webinfo`  [ RunTime:0.0002s ]
SQL: SELECT `title`,`label`,`id` FROM `article` ORDER BY pageview desc LIMIT 4   [ RunTime:0.0003s ]
SQL: SELECT COUNT(*) AS tp_count FROM `article` LIMIT 1   [ RunTime:0.0002s ]
SQL: SELECT * FROM `article` ORDER BY time desc LIMIT 0,6   [ RunTime:0.0005s ]
INFO: [ view_parse ] --START--
INFO: [ template_filter ] --START--
INFO: Run Behavior\ContentReplaceBehavior [ RunTime:0.000094s ]
INFO: [ template_filter ] --END-- [ RunTime:0.000226s ]
INFO: Run Behavior\ParseTemplateBehavior [ RunTime:0.014267s ]
INFO: [ view_parse ] --END-- [ RunTime:0.014420s ]
INFO: [ view_filter ] --START--
INFO: Run Behavior\WriteHtmlCacheBehavior [ RunTime:0.000429s ]
INFO: [ view_filter ] --END-- [ RunTime:0.000544s ]
INFO: [ app_end ] --START--
INFO: Run Behavior\ShowPageTraceBehavior [ RunTime:0.000686s ]
INFO: [ app_end ] --END-- [ RunTime:0.000875s ]

[ 2015-08-09T20:53:46+08:00 ] ::1 /Index/index
INFO: [ app_init ] --START--
INFO: Run Behavior\BuildLiteBehavior [ RunTime:0.000038s ]
INFO: [ app_init ] --END-- [ RunTime:0.001050s ]
INFO: [ app_begin ] --START--
INFO: Run Behavior\ReadHtmlCacheBehavior [ RunTime:0.000739s ]
INFO: [ app_begin ] --END-- [ RunTime:0.000920s ]
SQL: SHOW COLUMNS FROM `article` [ RunTime:0.0033s ]
SQL: SHOW COLUMNS FROM `webinfo` [ RunTime:0.0024s ]
SQL: UPDATE `webinfo` SET `webview`=webview+1 WHERE ( id=0 ) [ RunTime:0.0003s ]
SQL: SELECT * FROM `webinfo`  [ RunTime:0.0002s ]
SQL: SELECT `title`,`label`,`id` FROM `article` ORDER BY pageview desc LIMIT 4   [ RunTime:0.0003s ]
SQL: SELECT COUNT(*) AS tp_count FROM `article` LIMIT 1   [ RunTime:0.0002s ]
SQL: SELECT * FROM `article` ORDER BY time desc LIMIT 0,6   [ RunTime:0.0005s ]
INFO: [ view_parse ] --START--
INFO: [ template_filter ] --START--
INFO: Run Behavior\ContentReplaceBehavior [ RunTime:0.000160s ]
INFO: [ template_filter ] --END-- [ RunTime:0.000387s ]
INFO: Run Behavior\ParseTemplateBehavior [ RunTime:0.014416s ]
INFO: [ view_parse ] --END-- [ RunTime:0.014589s ]
INFO: [ view_filter ] --START--
INFO: Run Behavior\WriteHtmlCacheBehavior [ RunTime:0.000619s ]
INFO: [ view_filter ] --END-- [ RunTime:0.000837s ]
INFO: [ app_end ] --START--
INFO: Run Behavior\ShowPageTraceBehavior [ RunTime:0.001052s ]
INFO: [ app_end ] --END-- [ RunTime:0.001316s ]

[ 2015-08-09T20:53:49+08:00 ] ::1 /Index/index
INFO: [ app_init ] --START--
INFO: Run Behavior\BuildLiteBehavior [ RunTime:0.000031s ]
INFO: [ app_init ] --END-- [ RunTime:0.000469s ]
INFO: [ app_begin ] --START--
INFO: Run Behavior\ReadHtmlCacheBehavior [ RunTime:0.000979s ]
INFO: [ app_begin ] --END-- [ RunTime:0.001232s ]
SQL: SHOW COLUMNS FROM `article` [ RunTime:0.0022s ]
SQL: SHOW COLUMNS FROM `webinfo` [ RunTime:0.0024s ]
SQL: UPDATE `webinfo` SET `webview`=webview+1 WHERE ( id=0 ) [ RunTime:0.0002s ]
SQL: SELECT * FROM `webinfo`  [ RunTime:0.0002s ]
SQL: SELECT `title`,`label`,`id` FROM `article` ORDER BY pageview desc LIMIT 4   [ RunTime:0.0003s ]
SQL: SELECT COUNT(*) AS tp_count FROM `article` LIMIT 1   [ RunTime:0.0002s ]
SQL: SELECT * FROM `article` ORDER BY time desc LIMIT 0,6   [ RunTime:0.0004s ]
INFO: [ view_parse ] --START--
INFO: [ template_filter ] --START--
INFO: Run Behavior\ContentReplaceBehavior [ RunTime:0.000094s ]
INFO: [ template_filter ] --END-- [ RunTime:0.000221s ]
INFO: Run Behavior\ParseTemplateBehavior [ RunTime:0.013779s ]
INFO: [ view_parse ] --END-- [ RunTime:0.013940s ]
INFO: [ view_filter ] --START--
INFO: Run Behavior\WriteHtmlCacheBehavior [ RunTime:0.000434s ]
INFO: [ view_filter ] --END-- [ RunTime:0.000548s ]
INFO: [ app_end ] --START--
INFO: Run Behavior\ShowPageTraceBehavior [ RunTime:0.000966s ]
INFO: [ app_end ] --END-- [ RunTime:0.001187s ]

[ 2015-08-09T20:53:57+08:00 ] ::1 /Index/index
INFO: [ app_init ] --START--
INFO: Run Behavior\BuildLiteBehavior [ RunTime:0.000032s ]
INFO: [ app_init ] --END-- [ RunTime:0.000676s ]
INFO: [ app_begin ] --START--
INFO: Run Behavior\ReadHtmlCacheBehavior [ RunTime:0.000651s ]
INFO: [ app_begin ] --END-- [ RunTime:0.000838s ]
SQL: SHOW COLUMNS FROM `article` [ RunTime:0.0024s ]
SQL: SHOW COLUMNS FROM `webinfo` [ RunTime:0.0028s ]
SQL: UPDATE `webinfo` SET `webview`=webview+1 WHERE ( id=0 ) [ RunTime:0.0003s ]
SQL: SELECT * FROM `webinfo`  [ RunTime:0.0003s ]
SQL: SELECT `title`,`label`,`id` FROM `article` ORDER BY pageview desc LIMIT 4   [ RunTime:0.0004s ]
SQL: SELECT COUNT(*) AS tp_count FROM `article` LIMIT 1   [ RunTime:0.0002s ]
SQL: SELECT * FROM `article` ORDER BY time desc LIMIT 0,6   [ RunTime:0.0004s ]
INFO: [ view_parse ] --START--
INFO: [ template_filter ] --START--
INFO: Run Behavior\ContentReplaceBehavior [ RunTime:0.000114s ]
INFO: [ template_filter ] --END-- [ RunTime:0.000274s ]
INFO: Run Behavior\ParseTemplateBehavior [ RunTime:0.017381s ]
INFO: [ view_parse ] --END-- [ RunTime:0.017560s ]
INFO: [ view_filter ] --START--
INFO: Run Behavior\WriteHtmlCacheBehavior [ RunTime:0.000430s ]
INFO: [ view_filter ] --END-- [ RunTime:0.000559s ]
INFO: [ app_end ] --START--
INFO: Run Behavior\ShowPageTraceBehavior [ RunTime:0.000947s ]
INFO: [ app_end ] --END-- [ RunTime:0.001232s ]

[ 2015-08-09T20:54:07+08:00 ] ::1 /Index/index
INFO: [ app_init ] --START--
INFO: Run Behavior\BuildLiteBehavior [ RunTime:0.000033s ]
INFO: [ app_init ] --END-- [ RunTime:0.000559s ]
INFO: [ app_begin ] --START--
INFO: Run Behavior\ReadHtmlCacheBehavior [ RunTime:0.001066s ]
INFO: [ app_begin ] --END-- [ RunTime:0.001264s ]
SQL: SHOW COLUMNS FROM `article` [ RunTime:0.0026s ]
SQL: SHOW COLUMNS FROM `webinfo` [ RunTime:0.0023s ]
SQL: UPDATE `webinfo` SET `webview`=webview+1 WHERE ( id=0 ) [ RunTime:0.0002s ]
SQL: SELECT * FROM `webinfo`  [ RunTime:0.0002s ]
SQL: SELECT `title`,`label`,`id` FROM `article` ORDER BY pageview desc LIMIT 4   [ RunTime:0.0003s ]
SQL: SELECT COUNT(*) AS tp_count FROM `article` LIMIT 1   [ RunTime:0.0001s ]
SQL: SELECT * FROM `article` ORDER BY time desc LIMIT 0,6   [ RunTime:0.0004s ]
INFO: [ view_parse ] --START--
INFO: [ template_filter ] --START--
INFO: Run Behavior\ContentReplaceBehavior [ RunTime:0.000094s ]
INFO: [ template_filter ] --END-- [ RunTime:0.000229s ]
INFO: Run Behavior\ParseTemplateBehavior [ RunTime:0.014694s ]
INFO: [ view_parse ] --END-- [ RunTime:0.014837s ]
INFO: [ view_filter ] --START--
INFO: Run Behavior\WriteHtmlCacheBehavior [ RunTime:0.000347s ]
INFO: [ view_filter ] --END-- [ RunTime:0.000491s ]
INFO: [ app_end ] --START--
INFO: Run Behavior\ShowPageTraceBehavior [ RunTime:0.000633s ]
INFO: [ app_end ] --END-- [ RunTime:0.000822s ]

[ 2015-08-09T20:54:41+08:00 ] ::1 /article/electronic/16
INFO: [ app_init ] --START--
INFO: Run Behavior\BuildLiteBehavior [ RunTime:0.000029s ]
INFO: [ app_init ] --END-- [ RunTime:0.000420s ]
INFO: [ app_begin ] --START--
INFO: Run Behavior\ReadHtmlCacheBehavior [ RunTime:0.000534s ]
INFO: [ app_begin ] --END-- [ RunTime:0.000672s ]
SQL: SHOW COLUMNS FROM `article` [ RunTime:0.0020s ]
SQL: UPDATE `article` SET `pageview`=pageview+1 WHERE ( id=16 ) [ RunTime:0.0002s ]
SQL: SHOW COLUMNS FROM `webinfo` [ RunTime:0.0017s ]
SQL: SELECT * FROM `webinfo`  [ RunTime:0.0002s ]
SQL: SELECT * FROM `article` WHERE ( id=16 )  [ RunTime:0.0003s ]
SQL: SELECT `id`,`label`,`title` FROM `article` WHERE ( label=10 ) LIMIT 4   [ RunTime:0.0002s ]
SQL: SELECT `title`,`label`,`id` FROM `article` ORDER BY pageview desc LIMIT 4   [ RunTime:0.0002s ]
SQL: SHOW COLUMNS FROM `comment` [ RunTime:0.0024s ]
SQL: SELECT * FROM `comment` WHERE ( aid=16 ) ORDER BY time desc  [ RunTime:0.0003s ]
INFO: [ view_parse ] --START--
INFO: [ template_filter ] --START--
INFO: Run Behavior\ContentReplaceBehavior [ RunTime:0.000105s ]
INFO: [ template_filter ] --END-- [ RunTime:0.000260s ]
NOTIC: [8] Use of undefined constant comment - assumed 'comment' E:\wamp\www\Application\Runtime\Cache\Home\2ac6c1276904b87404ed678dbabb985c.php 第 21 行.
NOTIC: [8] Use of undefined constant praise - assumed 'praise' E:\wamp\www\Application\Runtime\Cache\Home\2ac6c1276904b87404ed678dbabb985c.php 第 22 行.
INFO: Run Behavior\ParseTemplateBehavior [ RunTime:0.015037s ]
INFO: [ view_parse ] --END-- [ RunTime:0.015172s ]
INFO: [ view_filter ] --START--
INFO: Run Behavior\WriteHtmlCacheBehavior [ RunTime:0.000366s ]
INFO: [ view_filter ] --END-- [ RunTime:0.000508s ]
INFO: [ app_end ] --START--
INFO: Run Behavior\ShowPageTraceBehavior [ RunTime:0.000684s ]
INFO: [ app_end ] --END-- [ RunTime:0.000871s ]

[ 2015-08-09T20:54:46+08:00 ] ::1 /article/mcu/17
INFO: [ app_init ] --START--
INFO: Run Behavior\BuildLiteBehavior [ RunTime:0.000031s ]
INFO: [ app_init ] --END-- [ RunTime:0.000483s ]
INFO: [ app_begin ] --START--
INFO: Run Behavior\ReadHtmlCacheBehavior [ RunTime:0.000799s ]
INFO: [ app_begin ] --END-- [ RunTime:0.000971s ]
SQL: SHOW COLUMNS FROM `article` [ RunTime:0.0019s ]
SQL: UPDATE `article` SET `pageview`=pageview+1 WHERE ( id=17 ) [ RunTime:0.0003s ]
SQL: SHOW COLUMNS FROM `webinfo` [ RunTime:0.0027s ]
SQL: SELECT * FROM `webinfo`  [ RunTime:0.0002s ]
SQL: SELECT * FROM `article` WHERE ( id=17 )  [ RunTime:0.0003s ]
SQL: SELECT `id`,`label`,`title` FROM `article` WHERE ( label=2 ) LIMIT 4   [ RunTime:0.0003s ]
SQL: SELECT `title`,`label`,`id` FROM `article` ORDER BY pageview desc LIMIT 4   [ RunTime:0.0003s ]
SQL: SHOW COLUMNS FROM `comment` [ RunTime:0.0024s ]
SQL: SELECT * FROM `comment` WHERE ( aid=17 ) ORDER BY time desc  [ RunTime:0.0003s ]
INFO: [ view_parse ] --START--
INFO: [ template_filter ] --START--
INFO: Run Behavior\ContentReplaceBehavior [ RunTime:0.000141s ]
INFO: [ template_filter ] --END-- [ RunTime:0.000299s ]
NOTIC: [8] Use of undefined constant comment - assumed 'comment' E:\wamp\www\Application\Runtime\Cache\Home\2ac6c1276904b87404ed678dbabb985c.php 第 21 行.
NOTIC: [8] Use of undefined constant praise - assumed 'praise' E:\wamp\www\Application\Runtime\Cache\Home\2ac6c1276904b87404ed678dbabb985c.php 第 22 行.
INFO: Run Behavior\ParseTemplateBehavior [ RunTime:0.015393s ]
INFO: [ view_parse ] --END-- [ RunTime:0.015520s ]
INFO: [ view_filter ] --START--
INFO: Run Behavior\WriteHtmlCacheBehavior [ RunTime:0.000359s ]
INFO: [ view_filter ] --END-- [ RunTime:0.000471s ]
INFO: [ app_end ] --START--
INFO: Run Behavior\ShowPageTraceBehavior [ RunTime:0.000665s ]
INFO: [ app_end ] --END-- [ RunTime:0.000856s ]

[ 2015-08-09T20:56:10+08:00 ] ::1 /article/mcu/17
INFO: [ app_init ] --START--
INFO: Run Behavior\BuildLiteBehavior [ RunTime:0.000031s ]
INFO: [ app_init ] --END-- [ RunTime:0.000532s ]
INFO: [ app_begin ] --START--
INFO: Run Behavior\ReadHtmlCacheBehavior [ RunTime:0.000735s ]
INFO: [ app_begin ] --END-- [ RunTime:0.000928s ]
SQL: SHOW COLUMNS FROM `article` [ RunTime:0.0023s ]
SQL: UPDATE `article` SET `pageview`=pageview+1 WHERE ( id=17 ) [ RunTime:0.0003s ]
SQL: SHOW COLUMNS FROM `webinfo` [ RunTime:0.0024s ]
SQL: SELECT * FROM `webinfo`  [ RunTime:0.0002s ]
SQL: SELECT * FROM `article` WHERE ( id=17 )  [ RunTime:0.0003s ]
SQL: SELECT `id`,`label`,`title` FROM `article` WHERE ( label=2 ) LIMIT 4   [ RunTime:0.0002s ]
SQL: SELECT `title`,`label`,`id` FROM `article` ORDER BY pageview desc LIMIT 4   [ RunTime:0.0003s ]
SQL: SHOW COLUMNS FROM `comment` [ RunTime:0.0026s ]
SQL: SELECT * FROM `comment` WHERE ( aid=17 ) ORDER BY time desc  [ RunTime:0.0003s ]
INFO: [ view_parse ] --START--
INFO: [ template_filter ] --START--
INFO: Run Behavior\ContentReplaceBehavior [ RunTime:0.000156s ]
INFO: [ template_filter ] --END-- [ RunTime:0.000316s ]
NOTIC: [8] Use of undefined constant comment - assumed 'comment' E:\wamp\www\Application\Runtime\Cache\Home\2ac6c1276904b87404ed678dbabb985c.php 第 21 行.
NOTIC: [8] Use of undefined constant praise - assumed 'praise' E:\wamp\www\Application\Runtime\Cache\Home\2ac6c1276904b87404ed678dbabb985c.php 第 22 行.
INFO: Run Behavior\ParseTemplateBehavior [ RunTime:0.015892s ]
INFO: [ view_parse ] --END-- [ RunTime:0.016055s ]
INFO: [ view_filter ] --START--
INFO: Run Behavior\WriteHtmlCacheBehavior [ RunTime:0.000342s ]
INFO: [ view_filter ] --END-- [ RunTime:0.000470s ]
INFO: [ app_end ] --START--
INFO: Run Behavior\ShowPageTraceBehavior [ RunTime:0.000639s ]
INFO: [ app_end ] --END-- [ RunTime:0.000828s ]

[ 2015-08-09T20:56:18+08:00 ] ::1 /article/mcu/17
INFO: [ app_init ] --START--
INFO: Run Behavior\BuildLiteBehavior [ RunTime:0.000031s ]
INFO: [ app_init ] --END-- [ RunTime:0.000496s ]
INFO: [ app_begin ] --START--
INFO: Run Behavior\ReadHtmlCacheBehavior [ RunTime:0.001147s ]
INFO: [ app_begin ] --END-- [ RunTime:0.001381s ]
SQL: SHOW COLUMNS FROM `article` [ RunTime:0.0023s ]
SQL: UPDATE `article` SET `pageview`=pageview+1 WHERE ( id=17 ) [ RunTime:0.0003s ]
SQL: SHOW COLUMNS FROM `webinfo` [ RunTime:0.0032s ]
SQL: SELECT * FROM `webinfo`  [ RunTime:0.0002s ]
SQL: SELECT * FROM `article` WHERE ( id=17 )  [ RunTime:0.0003s ]
SQL: SELECT `id`,`label`,`title` FROM `article` WHERE ( label=2 ) LIMIT 4   [ RunTime:0.0003s ]
SQL: SELECT `title`,`label`,`id` FROM `article` ORDER BY pageview desc LIMIT 4   [ RunTime:0.0003s ]
SQL: SHOW COLUMNS FROM `comment` [ RunTime:0.0023s ]
SQL: SELECT * FROM `comment` WHERE ( aid=17 ) ORDER BY time desc  [ RunTime:0.0003s ]
INFO: [ view_parse ] --START--
INFO: [ template_filter ] --START--
INFO: Run Behavior\ContentReplaceBehavior [ RunTime:0.000269s ]
INFO: [ template_filter ] --END-- [ RunTime:0.000620s ]
NOTIC: [8] Use of undefined constant comment - assumed 'comment' E:\wamp\www\Application\Runtime\Cache\Home\2ac6c1276904b87404ed678dbabb985c.php 第 21 行.
NOTIC: [8] Use of undefined constant praise - assumed 'praise' E:\wamp\www\Application\Runtime\Cache\Home\2ac6c1276904b87404ed678dbabb985c.php 第 22 行.
INFO: Run Behavior\ParseTemplateBehavior [ RunTime:0.015909s ]
INFO: [ view_parse ] --END-- [ RunTime:0.016034s ]
INFO: [ view_filter ] --START--
INFO: Run Behavior\WriteHtmlCacheBehavior [ RunTime:0.000397s ]
INFO: [ view_filter ] --END-- [ RunTime:0.000541s ]
INFO: [ app_end ] --START--
INFO: Run Behavior\ShowPageTraceBehavior [ RunTime:0.000759s ]
INFO: [ app_end ] --END-- [ RunTime:0.000950s ]

[ 2015-08-09T20:56:50+08:00 ] ::1 /article/mcu/17
INFO: [ app_init ] --START--
INFO: Run Behavior\BuildLiteBehavior [ RunTime:0.000025s ]
INFO: [ app_init ] --END-- [ RunTime:0.000405s ]
INFO: [ app_begin ] --START--
INFO: Run Behavior\ReadHtmlCacheBehavior [ RunTime:0.000606s ]
INFO: [ app_begin ] --END-- [ RunTime:0.000754s ]
SQL: SHOW COLUMNS FROM `article` [ RunTime:0.0020s ]
SQL: UPDATE `article` SET `pageview`=pageview+1 WHERE ( id=17 ) [ RunTime:0.0002s ]
SQL: SHOW COLUMNS FROM `webinfo` [ RunTime:0.0018s ]
SQL: SELECT * FROM `webinfo`  [ RunTime:0.0002s ]
SQL: SELECT * FROM `article` WHERE ( id=17 )  [ RunTime:0.0003s ]
SQL: SELECT `id`,`label`,`title` FROM `article` WHERE ( label=2 ) LIMIT 4   [ RunTime:0.0003s ]
SQL: SELECT `title`,`label`,`id` FROM `article` ORDER BY pageview desc LIMIT 4   [ RunTime:0.0002s ]
SQL: SHOW COLUMNS FROM `comment` [ RunTime:0.0037s ]
SQL: SELECT * FROM `comment` WHERE ( aid=17 ) ORDER BY time desc  [ RunTime:0.0004s ]
INFO: [ view_parse ] --START--
INFO: [ template_filter ] --START--
INFO: Run Behavior\ContentReplaceBehavior [ RunTime:0.000133s ]
INFO: [ template_filter ] --END-- [ RunTime:0.000290s ]
NOTIC: [8] Use of undefined constant comment - assumed 'comment' E:\wamp\www\Application\Runtime\Cache\Home\2ac6c1276904b87404ed678dbabb985c.php 第 21 行.
NOTIC: [8] Use of undefined constant praise - assumed 'praise' E:\wamp\www\Application\Runtime\Cache\Home\2ac6c1276904b87404ed678dbabb985c.php 第 22 行.
INFO: Run Behavior\ParseTemplateBehavior [ RunTime:0.015419s ]
INFO: [ view_parse ] --END-- [ RunTime:0.015547s ]
INFO: [ view_filter ] --START--
INFO: Run Behavior\WriteHtmlCacheBehavior [ RunTime:0.000406s ]
INFO: [ view_filter ] --END-- [ RunTime:0.000528s ]
INFO: [ app_end ] --START--
INFO: Run Behavior\ShowPageTraceBehavior [ RunTime:0.000970s ]
INFO: [ app_end ] --END-- [ RunTime:0.001175s ]

[ 2015-08-09T20:57:00+08:00 ] ::1 /article/mcu/17
INFO: [ app_init ] --START--
INFO: Run Behavior\BuildLiteBehavior [ RunTime:0.000028s ]
INFO: [ app_init ] --END-- [ RunTime:0.000453s ]
INFO: [ app_begin ] --START--
INFO: Run Behavior\ReadHtmlCacheBehavior [ RunTime:0.000601s ]
INFO: [ app_begin ] --END-- [ RunTime:0.000758s ]
SQL: SHOW COLUMNS FROM `article` [ RunTime:0.0034s ]
SQL: UPDATE `article` SET `pageview`=pageview+1 WHERE ( id=17 ) [ RunTime:0.0003s ]
SQL: SHOW COLUMNS FROM `webinfo` [ RunTime:0.0019s ]
SQL: SELECT * FROM `webinfo`  [ RunTime:0.0002s ]
SQL: SELECT * FROM `article` WHERE ( id=17 )  [ RunTime:0.0003s ]
SQL: SELECT `id`,`label`,`title` FROM `article` WHERE ( label=2 ) LIMIT 4   [ RunTime:0.0003s ]
SQL: SELECT `title`,`label`,`id` FROM `article` ORDER BY pageview desc LIMIT 4   [ RunTime:0.0003s ]
SQL: SHOW COLUMNS FROM `comment` [ RunTime:0.0025s ]
SQL: SELECT * FROM `comment` WHERE ( aid=17 ) ORDER BY time desc  [ RunTime:0.0003s ]
INFO: [ view_parse ] --START--
INFO: [ template_filter ] --START--
INFO: Run Behavior\ContentReplaceBehavior [ RunTime:0.000111s ]
INFO: [ template_filter ] --END-- [ RunTime:0.000277s ]
NOTIC: [8] Use of undefined constant comment - assumed 'comment' E:\wamp\www\Application\Runtime\Cache\Home\2ac6c1276904b87404ed678dbabb985c.php 第 21 行.
NOTIC: [8] Use of undefined constant praise - assumed 'praise' E:\wamp\www\Application\Runtime\Cache\Home\2ac6c1276904b87404ed678dbabb985c.php 第 22 行.
INFO: Run Behavior\ParseTemplateBehavior [ RunTime:0.016484s ]
INFO: [ view_parse ] --END-- [ RunTime:0.016646s ]
INFO: [ view_filter ] --START--
INFO: Run Behavior\WriteHtmlCacheBehavior [ RunTime:0.000341s ]
INFO: [ view_filter ] --END-- [ RunTime:0.000457s ]
INFO: [ app_end ] --START--
INFO: Run Behavior\ShowPageTraceBehavior [ RunTime:0.000914s ]
INFO: [ app_end ] --END-- [ RunTime:0.001166s ]

[ 2015-08-09T20:57:05+08:00 ] ::1 /article/mcu/17
INFO: [ app_init ] --START--
INFO: Run Behavior\BuildLiteBehavior [ RunTime:0.000031s ]
INFO: [ app_init ] --END-- [ RunTime:0.000463s ]
INFO: [ app_begin ] --START--
INFO: Run Behavior\ReadHtmlCacheBehavior [ RunTime:0.000595s ]
INFO: [ app_begin ] --END-- [ RunTime:0.000741s ]
SQL: SHOW COLUMNS FROM `article` [ RunTime:0.0023s ]
SQL: UPDATE `article` SET `pageview`=pageview+1 WHERE ( id=17 ) [ RunTime:0.0003s ]
SQL: SHOW COLUMNS FROM `webinfo` [ RunTime:0.0021s ]
SQL: SELECT * FROM `webinfo`  [ RunTime:0.0002s ]
SQL: SELECT * FROM `article` WHERE ( id=17 )  [ RunTime:0.0003s ]
SQL: SELECT `id`,`label`,`title` FROM `article` WHERE ( label=2 ) LIMIT 4   [ RunTime:0.0002s ]
SQL: SELECT `title`,`label`,`id` FROM `article` ORDER BY pageview desc LIMIT 4   [ RunTime:0.0002s ]
SQL: SHOW COLUMNS FROM `comment` [ RunTime:0.0024s ]
SQL: SELECT * FROM `comment` WHERE ( aid=17 ) ORDER BY time desc  [ RunTime:0.0004s ]
INFO: [ view_parse ] --START--
INFO: [ template_filter ] --START--
INFO: Run Behavior\ContentReplaceBehavior [ RunTime:0.000108s ]
INFO: [ template_filter ] --END-- [ RunTime:0.000241s ]
NOTIC: [8] Use of undefined constant comment - assumed 'comment' E:\wamp\www\Application\Runtime\Cache\Home\2ac6c1276904b87404ed678dbabb985c.php 第 21 行.
NOTIC: [8] Use of undefined constant praise - assumed 'praise' E:\wamp\www\Application\Runtime\Cache\Home\2ac6c1276904b87404ed678dbabb985c.php 第 22 行.
INFO: Run Behavior\ParseTemplateBehavior [ RunTime:0.014581s ]
INFO: [ view_parse ] --END-- [ RunTime:0.014738s ]
INFO: [ view_filter ] --START--
INFO: Run Behavior\WriteHtmlCacheBehavior [ RunTime:0.000434s ]
INFO: [ view_filter ] --END-- [ RunTime:0.000549s ]
INFO: [ app_end ] --START--
INFO: Run Behavior\ShowPageTraceBehavior [ RunTime:0.000645s ]
INFO: [ app_end ] --END-- [ RunTime:0.000833s ]

[ 2015-08-09T20:57:35+08:00 ] ::1 /article/mcu/17
INFO: [ app_init ] --START--
INFO: Run Behavior\BuildLiteBehavior [ RunTime:0.000027s ]
INFO: [ app_init ] --END-- [ RunTime:0.000407s ]
INFO: [ app_begin ] --START--
INFO: Run Behavior\ReadHtmlCacheBehavior [ RunTime:0.000585s ]
INFO: [ app_begin ] --END-- [ RunTime:0.000717s ]
SQL: SHOW COLUMNS FROM `article` [ RunTime:0.0028s ]
SQL: UPDATE `article` SET `pageview`=pageview+1 WHERE ( id=17 ) [ RunTime:0.0003s ]
SQL: SHOW COLUMNS FROM `webinfo` [ RunTime:0.0018s ]
SQL: SELECT * FROM `webinfo`  [ RunTime:0.0002s ]
SQL: SELECT * FROM `article` WHERE ( id=17 )  [ RunTime:0.0003s ]
SQL: SELECT `id`,`label`,`title` FROM `article` WHERE ( label=2 ) LIMIT 4   [ RunTime:0.0003s ]
SQL: SELECT `title`,`label`,`id` FROM `article` ORDER BY pageview desc LIMIT 4   [ RunTime:0.0003s ]
SQL: SHOW COLUMNS FROM `comment` [ RunTime:0.0026s ]
SQL: SELECT * FROM `comment` WHERE ( aid=17 ) ORDER BY time desc  [ RunTime:0.0004s ]
INFO: [ view_parse ] --START--
INFO: [ template_filter ] --START--
INFO: Run Behavior\ContentReplaceBehavior [ RunTime:0.000132s ]
INFO: [ template_filter ] --END-- [ RunTime:0.000261s ]
NOTIC: [8] Use of undefined constant comment - assumed 'comment' E:\wamp\www\Application\Runtime\Cache\Home\2ac6c1276904b87404ed678dbabb985c.php 第 21 行.
NOTIC: [8] Use of undefined constant praise - assumed 'praise' E:\wamp\www\Application\Runtime\Cache\Home\2ac6c1276904b87404ed678dbabb985c.php 第 22 行.
INFO: Run Behavior\ParseTemplateBehavior [ RunTime:0.014224s ]
INFO: [ view_parse ] --END-- [ RunTime:0.014362s ]
INFO: [ view_filter ] --START--
INFO: Run Behavior\WriteHtmlCacheBehavior [ RunTime:0.000547s ]
INFO: [ view_filter ] --END-- [ RunTime:0.000712s ]
INFO: [ app_end ] --START--
INFO: Run Behavior\ShowPageTraceBehavior [ RunTime:0.001118s ]
INFO: [ app_end ] --END-- [ RunTime:0.001360s ]

[ 2015-08-09T20:57:42+08:00 ] ::1 /article/mcu/17
INFO: [ app_init ] --START--
INFO: Run Behavior\BuildLiteBehavior [ RunTime:0.000027s ]
INFO: [ app_init ] --END-- [ RunTime:0.000415s ]
INFO: [ app_begin ] --START--
INFO: Run Behavior\ReadHtmlCacheBehavior [ RunTime:0.000608s ]
INFO: [ app_begin ] --END-- [ RunTime:0.000753s ]
SQL: SHOW COLUMNS FROM `article` [ RunTime:0.0027s ]
SQL: UPDATE `article` SET `pageview`=pageview+1 WHERE ( id=17 ) [ RunTime:0.0003s ]
SQL: SHOW COLUMNS FROM `webinfo` [ RunTime:0.0022s ]
SQL: SELECT * FROM `webinfo`  [ RunTime:0.0002s ]
SQL: SELECT * FROM `article` WHERE ( id=17 )  [ RunTime:0.0003s ]
SQL: SELECT `id`,`label`,`title` FROM `article` WHERE ( label=2 ) LIMIT 4   [ RunTime:0.0002s ]
SQL: SELECT `title`,`label`,`id` FROM `article` ORDER BY pageview desc LIMIT 4   [ RunTime:0.0003s ]
SQL: SHOW COLUMNS FROM `comment` [ RunTime:0.0036s ]
SQL: SELECT * FROM `comment` WHERE ( aid=17 ) ORDER BY time desc  [ RunTime:0.0005s ]
INFO: [ view_parse ] --START--
INFO: [ template_filter ] --START--
INFO: Run Behavior\ContentReplaceBehavior [ RunTime:0.000145s ]
INFO: [ template_filter ] --END-- [ RunTime:0.000317s ]
NOTIC: [8] Use of undefined constant comment - assumed 'comment' E:\wamp\www\Application\Runtime\Cache\Home\2ac6c1276904b87404ed678dbabb985c.php 第 21 行.
NOTIC: [8] Use of undefined constant praise - assumed 'praise' E:\wamp\www\Application\Runtime\Cache\Home\2ac6c1276904b87404ed678dbabb985c.php 第 22 行.
INFO: Run Behavior\ParseTemplateBehavior [ RunTime:0.015863s ]
INFO: [ view_parse ] --END-- [ RunTime:0.016015s ]
INFO: [ view_filter ] --START--
INFO: Run Behavior\WriteHtmlCacheBehavior [ RunTime:0.000480s ]
INFO: [ view_filter ] --END-- [ RunTime:0.000625s ]
INFO: [ app_end ] --START--
INFO: Run Behavior\ShowPageTraceBehavior [ RunTime:0.000746s ]
INFO: [ app_end ] --END-- [ RunTime:0.001081s ]

[ 2015-08-09T21:02:45+08:00 ] ::1 /article/mcu/17
INFO: [ app_init ] --START--
INFO: Run Behavior\BuildLiteBehavior [ RunTime:0.000030s ]
INFO: [ app_init ] --END-- [ RunTime:0.000483s ]
INFO: [ app_begin ] --START--
INFO: Run Behavior\ReadHtmlCacheBehavior [ RunTime:0.001044s ]
INFO: [ app_begin ] --END-- [ RunTime:0.001268s ]
SQL: SHOW COLUMNS FROM `article` [ RunTime:0.0027s ]
SQL: UPDATE `article` SET `pageview`=pageview+1 WHERE ( id=17 ) [ RunTime:0.0003s ]
SQL: SHOW COLUMNS FROM `webinfo` [ RunTime:0.0019s ]
SQL: SELECT * FROM `webinfo`  [ RunTime:0.0004s ]
SQL: SELECT * FROM `article` WHERE ( id=17 )  [ RunTime:0.0003s ]
SQL: SELECT `id`,`label`,`title` FROM `article` WHERE ( label=2 ) LIMIT 4   [ RunTime:0.0003s ]
SQL: SELECT `title`,`label`,`id` FROM `article` ORDER BY pageview desc LIMIT 4   [ RunTime:0.0003s ]
SQL: SHOW COLUMNS FROM `comment` [ RunTime:0.0019s ]
SQL: SELECT * FROM `comment` WHERE ( aid=17 ) ORDER BY time desc  [ RunTime:0.0003s ]
INFO: [ view_parse ] --START--
INFO: [ template_filter ] --START--
INFO: Run Behavior\ContentReplaceBehavior [ RunTime:0.000107s ]
INFO: [ template_filter ] --END-- [ RunTime:0.000233s ]
NOTIC: [8] Use of undefined constant comment - assumed 'comment' E:\wamp\www\Application\Runtime\Cache\Home\2ac6c1276904b87404ed678dbabb985c.php 第 21 行.
NOTIC: [8] Use of undefined constant praise - assumed 'praise' E:\wamp\www\Application\Runtime\Cache\Home\2ac6c1276904b87404ed678dbabb985c.php 第 22 行.
INFO: Run Behavior\ParseTemplateBehavior [ RunTime:0.015656s ]
INFO: [ view_parse ] --END-- [ RunTime:0.015780s ]
INFO: [ view_filter ] --START--
INFO: Run Behavior\WriteHtmlCacheBehavior [ RunTime:0.000397s ]
INFO: [ view_filter ] --END-- [ RunTime:0.000527s ]
INFO: [ app_end ] --START--
INFO: Run Behavior\ShowPageTraceBehavior [ RunTime:0.000798s ]
INFO: [ app_end ] --END-- [ RunTime:0.000997s ]

[ 2015-08-09T21:09:11+08:00 ] ::1 /article/mcu/17
INFO: [ app_init ] --START--
INFO: Run Behavior\BuildLiteBehavior [ RunTime:0.000032s ]
INFO: [ app_init ] --END-- [ RunTime:0.000541s ]
INFO: [ app_begin ] --START--
INFO: Run Behavior\ReadHtmlCacheBehavior [ RunTime:0.000771s ]
INFO: [ app_begin ] --END-- [ RunTime:0.000987s ]
SQL: SHOW COLUMNS FROM `article` [ RunTime:0.0023s ]
SQL: UPDATE `article` SET `pageview`=pageview+1 WHERE ( id=17 ) [ RunTime:0.0003s ]
SQL: SHOW COLUMNS FROM `webinfo` [ RunTime:0.0021s ]
SQL: SELECT * FROM `webinfo`  [ RunTime:0.0002s ]
SQL: SELECT * FROM `article` WHERE ( id=17 )  [ RunTime:0.0003s ]
SQL: SELECT `id`,`label`,`title` FROM `article` WHERE ( label=2 ) LIMIT 4   [ RunTime:0.0002s ]
SQL: SELECT `title`,`label`,`id` FROM `article` ORDER BY pageview desc LIMIT 4   [ RunTime:0.0003s ]
SQL: SHOW COLUMNS FROM `comment` [ RunTime:0.0027s ]
SQL: SELECT * FROM `comment` WHERE ( aid=17 ) ORDER BY time desc  [ RunTime:0.0004s ]
INFO: [ view_parse ] --START--
INFO: [ template_filter ] --START--
INFO: Run Behavior\ContentReplaceBehavior [ RunTime:0.000155s ]
INFO: [ template_filter ] --END-- [ RunTime:0.000287s ]
NOTIC: [8] Use of undefined constant comment - assumed 'comment' E:\wamp\www\Application\Runtime\Cache\Home\2ac6c1276904b87404ed678dbabb985c.php 第 21 行.
NOTIC: [8] Use of undefined constant praise - assumed 'praise' E:\wamp\www\Application\Runtime\Cache\Home\2ac6c1276904b87404ed678dbabb985c.php 第 22 行.
INFO: Run Behavior\ParseTemplateBehavior [ RunTime:0.016155s ]
INFO: [ view_parse ] --END-- [ RunTime:0.016322s ]
INFO: [ view_filter ] --START--
INFO: Run Behavior\WriteHtmlCacheBehavior [ RunTime:0.000354s ]
INFO: [ view_filter ] --END-- [ RunTime:0.000469s ]
INFO: [ app_end ] --START--
INFO: Run Behavior\ShowPageTraceBehavior [ RunTime:0.000952s ]
INFO: [ app_end ] --END-- [ RunTime:0.001197s ]

[ 2015-08-09T21:10:29+08:00 ] ::1 /article/mcu/17
INFO: [ app_init ] --START--
INFO: Run Behavior\BuildLiteBehavior [ RunTime:0.000106s ]
INFO: [ app_init ] --END-- [ RunTime:0.000931s ]
INFO: [ app_begin ] --START--
INFO: Run Behavior\ReadHtmlCacheBehavior [ RunTime:0.001021s ]
INFO: [ app_begin ] --END-- [ RunTime:0.001308s ]
SQL: SHOW COLUMNS FROM `article` [ RunTime:0.0030s ]
SQL: UPDATE `article` SET `pageview`=pageview+1 WHERE ( id=17 ) [ RunTime:0.0003s ]
SQL: SHOW COLUMNS FROM `webinfo` [ RunTime:0.0024s ]
SQL: SELECT * FROM `webinfo`  [ RunTime:0.0002s ]
SQL: SELECT * FROM `article` WHERE ( id=17 )  [ RunTime:0.0002s ]
SQL: SELECT `id`,`label`,`title` FROM `article` WHERE ( label=2 ) LIMIT 4   [ RunTime:0.0002s ]
SQL: SELECT `title`,`label`,`id` FROM `article` ORDER BY pageview desc LIMIT 4   [ RunTime:0.0002s ]
SQL: SHOW COLUMNS FROM `comment` [ RunTime:0.0027s ]
SQL: SELECT * FROM `comment` WHERE ( aid=17 ) ORDER BY time desc  [ RunTime:0.0003s ]
INFO: [ view_parse ] --START--
INFO: [ template_filter ] --START--
INFO: Run Behavior\ContentReplaceBehavior [ RunTime:0.000185s ]
INFO: [ template_filter ] --END-- [ RunTime:0.000390s ]
NOTIC: [8] Use of undefined constant comment - assumed 'comment' E:\wamp\www\Application\Runtime\Cache\Home\2ac6c1276904b87404ed678dbabb985c.php 第 21 行.
NOTIC: [8] Use of undefined constant praise - assumed 'praise' E:\wamp\www\Application\Runtime\Cache\Home\2ac6c1276904b87404ed678dbabb985c.php 第 22 行.
INFO: Run Behavior\ParseTemplateBehavior [ RunTime:0.019975s ]
INFO: [ view_parse ] --END-- [ RunTime:0.020134s ]
INFO: [ view_filter ] --START--
INFO: Run Behavior\WriteHtmlCacheBehavior [ RunTime:0.000460s ]
INFO: [ view_filter ] --END-- [ RunTime:0.000595s ]
INFO: [ app_end ] --START--
INFO: Run Behavior\ShowPageTraceBehavior [ RunTime:0.000921s ]
INFO: [ app_end ] --END-- [ RunTime:0.001138s ]

[ 2015-08-09T21:10:57+08:00 ] ::1 /article/mcu/17
INFO: [ app_init ] --START--
INFO: Run Behavior\BuildLiteBehavior [ RunTime:0.000032s ]
INFO: [ app_init ] --END-- [ RunTime:0.000506s ]
INFO: [ app_begin ] --START--
INFO: Run Behavior\ReadHtmlCacheBehavior [ RunTime:0.000707s ]
INFO: [ app_begin ] --END-- [ RunTime:0.000905s ]
SQL: SHOW COLUMNS FROM `article` [ RunTime:0.0024s ]
SQL: UPDATE `article` SET `pageview`=pageview+1 WHERE ( id=17 ) [ RunTime:0.0003s ]
SQL: SHOW COLUMNS FROM `webinfo` [ RunTime:0.0020s ]
SQL: SELECT * FROM `webinfo`  [ RunTime:0.0002s ]
SQL: SELECT * FROM `article` WHERE ( id=17 )  [ RunTime:0.0003s ]
SQL: SELECT `id`,`label`,`title` FROM `article` WHERE ( label=2 ) LIMIT 4   [ RunTime:0.0003s ]
SQL: SELECT `title`,`label`,`id` FROM `article` ORDER BY pageview desc LIMIT 4   [ RunTime:0.0003s ]
SQL: SHOW COLUMNS FROM `comment` [ RunTime:0.0019s ]
SQL: SELECT * FROM `comment` WHERE ( aid=17 ) ORDER BY time desc  [ RunTime:0.0004s ]
INFO: [ view_parse ] --START--
INFO: [ template_filter ] --START--
INFO: Run Behavior\ContentReplaceBehavior [ RunTime:0.000154s ]
INFO: [ template_filter ] --END-- [ RunTime:0.000285s ]
NOTIC: [8] Use of undefined constant comment - assumed 'comment' E:\wamp\www\Application\Runtime\Cache\Home\2ac6c1276904b87404ed678dbabb985c.php 第 21 行.
NOTIC: [8] Use of undefined constant praise - assumed 'praise' E:\wamp\www\Application\Runtime\Cache\Home\2ac6c1276904b87404ed678dbabb985c.php 第 22 行.
INFO: Run Behavior\ParseTemplateBehavior [ RunTime:0.016890s ]
INFO: [ view_parse ] --END-- [ RunTime:0.017111s ]
INFO: [ view_filter ] --START--
INFO: Run Behavior\WriteHtmlCacheBehavior [ RunTime:0.000354s ]
INFO: [ view_filter ] --END-- [ RunTime:0.000467s ]
INFO: [ app_end ] --START--
INFO: Run Behavior\ShowPageTraceBehavior [ RunTime:0.000914s ]
INFO: [ app_end ] --END-- [ RunTime:0.001132s ]

[ 2015-08-09T21:11:24+08:00 ] ::1 /article/mcu/17
INFO: [ app_init ] --START--
INFO: Run Behavior\BuildLiteBehavior [ RunTime:0.000059s ]
INFO: [ app_init ] --END-- [ RunTime:0.000823s ]
INFO: [ app_begin ] --START--
INFO: Run Behavior\ReadHtmlCacheBehavior [ RunTime:0.000866s ]
INFO: [ app_begin ] --END-- [ RunTime:0.001059s ]
SQL: SHOW COLUMNS FROM `article` [ RunTime:0.0019s ]
SQL: UPDATE `article` SET `pageview`=pageview+1 WHERE ( id=17 ) [ RunTime:0.0002s ]
SQL: SHOW COLUMNS FROM `webinfo` [ RunTime:0.0028s ]
SQL: SELECT * FROM `webinfo`  [ RunTime:0.0002s ]
SQL: SELECT * FROM `article` WHERE ( id=17 )  [ RunTime:0.0002s ]
SQL: SELECT `id`,`label`,`title` FROM `article` WHERE ( label=2 ) LIMIT 4   [ RunTime:0.0003s ]
SQL: SELECT `title`,`label`,`id` FROM `article` ORDER BY pageview desc LIMIT 4   [ RunTime:0.0003s ]
SQL: SHOW COLUMNS FROM `comment` [ RunTime:0.0023s ]
SQL: SELECT * FROM `comment` WHERE ( aid=17 ) ORDER BY time desc  [ RunTime:0.0004s ]
INFO: [ view_parse ] --START--
INFO: [ template_filter ] --START--
INFO: Run Behavior\ContentReplaceBehavior [ RunTime:0.000159s ]
INFO: [ template_filter ] --END-- [ RunTime:0.000318s ]
NOTIC: [8] Use of undefined constant comment - assumed 'comment' E:\wamp\www\Application\Runtime\Cache\Home\2ac6c1276904b87404ed678dbabb985c.php 第 21 行.
NOTIC: [8] Use of undefined constant praise - assumed 'praise' E:\wamp\www\Application\Runtime\Cache\Home\2ac6c1276904b87404ed678dbabb985c.php 第 22 行.
INFO: Run Behavior\ParseTemplateBehavior [ RunTime:0.016043s ]
INFO: [ view_parse ] --END-- [ RunTime:0.016166s ]
INFO: [ view_filter ] --START--
INFO: Run Behavior\WriteHtmlCacheBehavior [ RunTime:0.000394s ]
INFO: [ view_filter ] --END-- [ RunTime:0.000515s ]
INFO: [ app_end ] --START--
INFO: Run Behavior\ShowPageTraceBehavior [ RunTime:0.000656s ]
INFO: [ app_end ] --END-- [ RunTime:0.000829s ]

[ 2015-08-09T21:12:18+08:00 ] ::1 /article/mcu/17
INFO: [ app_init ] --START--
INFO: Run Behavior\BuildLiteBehavior [ RunTime:0.000032s ]
INFO: [ app_init ] --END-- [ RunTime:0.000549s ]
INFO: [ app_begin ] --START--
INFO: Run Behavior\ReadHtmlCacheBehavior [ RunTime:0.000766s ]
INFO: [ app_begin ] --END-- [ RunTime:0.000980s ]
SQL: SHOW COLUMNS FROM `article` [ RunTime:0.0026s ]
SQL: UPDATE `article` SET `pageview`=pageview+1 WHERE ( id=17 ) [ RunTime:0.0003s ]
SQL: SHOW COLUMNS FROM `webinfo` [ RunTime:0.0026s ]
SQL: SELECT * FROM `webinfo`  [ RunTime:0.0003s ]
SQL: SELECT * FROM `article` WHERE ( id=17 )  [ RunTime:0.0003s ]
SQL: SELECT `id`,`label`,`title` FROM `article` WHERE ( label=2 ) LIMIT 4   [ RunTime:0.0003s ]
SQL: SELECT `title`,`label`,`id` FROM `article` ORDER BY pageview desc LIMIT 4   [ RunTime:0.0003s ]
SQL: SHOW COLUMNS FROM `comment` [ RunTime:0.0022s ]
SQL: SELECT * FROM `comment` WHERE ( aid=17 ) ORDER BY time desc  [ RunTime:0.0004s ]
INFO: [ view_parse ] --START--
INFO: [ template_filter ] --START--
INFO: Run Behavior\ContentReplaceBehavior [ RunTime:0.000131s ]
INFO: [ template_filter ] --END-- [ RunTime:0.000284s ]
NOTIC: [8] Use of undefined constant comment - assumed 'comment' E:\wamp\www\Application\Runtime\Cache\Home\2ac6c1276904b87404ed678dbabb985c.php 第 21 行.
NOTIC: [8] Use of undefined constant praise - assumed 'praise' E:\wamp\www\Application\Runtime\Cache\Home\2ac6c1276904b87404ed678dbabb985c.php 第 22 行.
INFO: Run Behavior\ParseTemplateBehavior [ RunTime:0.017758s ]
INFO: [ view_parse ] --END-- [ RunTime:0.017923s ]
INFO: [ view_filter ] --START--
INFO: Run Behavior\WriteHtmlCacheBehavior [ RunTime:0.000459s ]
INFO: [ view_filter ] --END-- [ RunTime:0.000585s ]
INFO: [ app_end ] --START--
INFO: Run Behavior\ShowPageTraceBehavior [ RunTime:0.000705s ]
INFO: [ app_end ] --END-- [ RunTime:0.000902s ]

[ 2015-08-09T21:12:25+08:00 ] ::1 /article/mcu/17
INFO: [ app_init ] --START--
INFO: Run Behavior\BuildLiteBehavior [ RunTime:0.000033s ]
INFO: [ app_init ] --END-- [ RunTime:0.000775s ]
INFO: [ app_begin ] --START--
INFO: Run Behavior\ReadHtmlCacheBehavior [ RunTime:0.000596s ]
INFO: [ app_begin ] --END-- [ RunTime:0.000775s ]
SQL: SHOW COLUMNS FROM `article` [ RunTime:0.0021s ]
SQL: UPDATE `article` SET `pageview`=pageview+1 WHERE ( id=17 ) [ RunTime:0.0003s ]
SQL: SHOW COLUMNS FROM `webinfo` [ RunTime:0.0022s ]
SQL: SELECT * FROM `webinfo`  [ RunTime:0.0002s ]
SQL: SELECT * FROM `article` WHERE ( id=17 )  [ RunTime:0.0003s ]
SQL: SELECT `id`,`label`,`title` FROM `article` WHERE ( label=2 ) LIMIT 4   [ RunTime:0.0002s ]
SQL: SELECT `title`,`label`,`id` FROM `article` ORDER BY pageview desc LIMIT 4   [ RunTime:0.0002s ]
SQL: SHOW COLUMNS FROM `comment` [ RunTime:0.0024s ]
SQL: SELECT * FROM `comment` WHERE ( aid=17 ) ORDER BY time desc  [ RunTime:0.0003s ]
INFO: [ view_parse ] --START--
INFO: [ template_filter ] --START--
INFO: Run Behavior\ContentReplaceBehavior [ RunTime:0.000110s ]
INFO: [ template_filter ] --END-- [ RunTime:0.000242s ]
NOTIC: [8] Use of undefined constant comment - assumed 'comment' E:\wamp\www\Application\Runtime\Cache\Home\2ac6c1276904b87404ed678dbabb985c.php 第 21 行.
NOTIC: [8] Use of undefined constant praise - assumed 'praise' E:\wamp\www\Application\Runtime\Cache\Home\2ac6c1276904b87404ed678dbabb985c.php 第 22 行.
INFO: Run Behavior\ParseTemplateBehavior [ RunTime:0.015293s ]
INFO: [ view_parse ] --END-- [ RunTime:0.015420s ]
INFO: [ view_filter ] --START--
INFO: Run Behavior\WriteHtmlCacheBehavior [ RunTime:0.000506s ]
INFO: [ view_filter ] --END-- [ RunTime:0.000661s ]
INFO: [ app_end ] --START--
INFO: Run Behavior\ShowPageTraceBehavior [ RunTime:0.000966s ]
INFO: [ app_end ] --END-- [ RunTime:0.001181s ]

[ 2015-08-09T21:14:47+08:00 ] ::1 /article/mcu/17
INFO: [ app_init ] --START--
INFO: Run Behavior\BuildLiteBehavior [ RunTime:0.000031s ]
INFO: [ app_init ] --END-- [ RunTime:0.000531s ]
INFO: [ app_begin ] --START--
INFO: Run Behavior\ReadHtmlCacheBehavior [ RunTime:0.000717s ]
INFO: [ app_begin ] --END-- [ RunTime:0.000894s ]
SQL: SHOW COLUMNS FROM `article` [ RunTime:0.0026s ]
SQL: UPDATE `article` SET `pageview`=pageview+1 WHERE ( id=17 ) [ RunTime:0.0003s ]
SQL: SHOW COLUMNS FROM `webinfo` [ RunTime:0.0028s ]
SQL: SELECT * FROM `webinfo`  [ RunTime:0.0002s ]
SQL: SELECT * FROM `article` WHERE ( id=17 )  [ RunTime:0.0003s ]
SQL: SELECT `id`,`label`,`title` FROM `article` WHERE ( label=2 ) LIMIT 4   [ RunTime:0.0003s ]
SQL: SELECT `title`,`label`,`id` FROM `article` ORDER BY pageview desc LIMIT 4   [ RunTime:0.0003s ]
SQL: SHOW COLUMNS FROM `comment` [ RunTime:0.0025s ]
SQL: SELECT * FROM `comment` WHERE ( aid=17 ) ORDER BY time desc  [ RunTime:0.0004s ]
INFO: [ view_parse ] --START--
INFO: [ template_filter ] --START--
INFO: Run Behavior\ContentReplaceBehavior [ RunTime:0.000155s ]
INFO: [ template_filter ] --END-- [ RunTime:0.000322s ]
NOTIC: [8] Use of undefined constant comment - assumed 'comment' E:\wamp\www\Application\Runtime\Cache\Home\2ac6c1276904b87404ed678dbabb985c.php 第 21 行.
NOTIC: [8] Use of undefined constant praise - assumed 'praise' E:\wamp\www\Application\Runtime\Cache\Home\2ac6c1276904b87404ed678dbabb985c.php 第 22 行.
INFO: Run Behavior\ParseTemplateBehavior [ RunTime:0.016076s ]
INFO: [ view_parse ] --END-- [ RunTime:0.016236s ]
INFO: [ view_filter ] --START--
INFO: Run Behavior\WriteHtmlCacheBehavior [ RunTime:0.000455s ]
INFO: [ view_filter ] --END-- [ RunTime:0.000578s ]
INFO: [ app_end ] --START--
INFO: Run Behavior\ShowPageTraceBehavior [ RunTime:0.001062s ]
INFO: [ app_end ] --END-- [ RunTime:0.001333s ]

[ 2015-08-09T21:14:49+08:00 ] ::1 /article/mcu/17
INFO: [ app_init ] --START--
INFO: Run Behavior\BuildLiteBehavior [ RunTime:0.000048s ]
INFO: [ app_init ] --END-- [ RunTime:0.000744s ]
INFO: [ app_begin ] --START--
INFO: Run Behavior\ReadHtmlCacheBehavior [ RunTime:0.000817s ]
INFO: [ app_begin ] --END-- [ RunTime:0.001008s ]
SQL: SHOW COLUMNS FROM `article` [ RunTime:0.0033s ]
SQL: UPDATE `article` SET `pageview`=pageview+1 WHERE ( id=17 ) [ RunTime:0.0003s ]
SQL: SHOW COLUMNS FROM `webinfo` [ RunTime:0.0033s ]
SQL: SELECT * FROM `webinfo`  [ RunTime:0.0003s ]
SQL: SELECT * FROM `article` WHERE ( id=17 )  [ RunTime:0.0004s ]
SQL: SELECT `id`,`label`,`title` FROM `article` WHERE ( label=2 ) LIMIT 4   [ RunTime:0.0003s ]
SQL: SELECT `title`,`label`,`id` FROM `article` ORDER BY pageview desc LIMIT 4   [ RunTime:0.0003s ]
SQL: SHOW COLUMNS FROM `comment` [ RunTime:0.0032s ]
SQL: SELECT * FROM `comment` WHERE ( aid=17 ) ORDER BY time desc  [ RunTime:0.0005s ]
INFO: [ view_parse ] --START--
INFO: [ template_filter ] --START--
INFO: Run Behavior\ContentReplaceBehavior [ RunTime:0.000129s ]
INFO: [ template_filter ] --END-- [ RunTime:0.000276s ]
NOTIC: [8] Use of undefined constant comment - assumed 'comment' E:\wamp\www\Application\Runtime\Cache\Home\2ac6c1276904b87404ed678dbabb985c.php 第 21 行.
NOTIC: [8] Use of undefined constant praise - assumed 'praise' E:\wamp\www\Application\Runtime\Cache\Home\2ac6c1276904b87404ed678dbabb985c.php 第 22 行.
INFO: Run Behavior\ParseTemplateBehavior [ RunTime:0.019656s ]
INFO: [ view_parse ] --END-- [ RunTime:0.019899s ]
INFO: [ view_filter ] --START--
INFO: Run Behavior\WriteHtmlCacheBehavior [ RunTime:0.000727s ]
INFO: [ view_filter ] --END-- [ RunTime:0.000954s ]
INFO: [ app_end ] --START--
INFO: Run Behavior\ShowPageTraceBehavior [ RunTime:0.001010s ]
INFO: [ app_end ] --END-- [ RunTime:0.001256s ]

[ 2015-08-09T21:15:07+08:00 ] ::1 /article/mcu/17
INFO: [ app_init ] --START--
INFO: Run Behavior\BuildLiteBehavior [ RunTime:0.000038s ]
INFO: [ app_init ] --END-- [ RunTime:0.000482s ]
INFO: [ app_begin ] --START--
INFO: Run Behavior\ReadHtmlCacheBehavior [ RunTime:0.000682s ]
INFO: [ app_begin ] --END-- [ RunTime:0.000888s ]
SQL: SHOW COLUMNS FROM `article` [ RunTime:0.0021s ]
SQL: UPDATE `article` SET `pageview`=pageview+1 WHERE ( id=17 ) [ RunTime:0.0002s ]
SQL: SHOW COLUMNS FROM `webinfo` [ RunTime:0.0018s ]
SQL: SELECT * FROM `webinfo`  [ RunTime:0.0002s ]
SQL: SELECT * FROM `article` WHERE ( id=17 )  [ RunTime:0.0003s ]
SQL: SELECT `id`,`label`,`title` FROM `article` WHERE ( label=2 ) LIMIT 4   [ RunTime:0.0003s ]
SQL: SELECT `title`,`label`,`id` FROM `article` ORDER BY pageview desc LIMIT 4   [ RunTime:0.0003s ]
SQL: SHOW COLUMNS FROM `comment` [ RunTime:0.0022s ]
SQL: SELECT * FROM `comment` WHERE ( aid=17 ) ORDER BY time desc  [ RunTime:0.0004s ]
INFO: [ view_parse ] --START--
INFO: [ template_filter ] --START--
INFO: Run Behavior\ContentReplaceBehavior [ RunTime:0.000108s ]
INFO: [ template_filter ] --END-- [ RunTime:0.000251s ]
NOTIC: [8] Use of undefined constant comment - assumed 'comment' E:\wamp\www\Application\Runtime\Cache\Home\2ac6c1276904b87404ed678dbabb985c.php 第 21 行.
NOTIC: [8] Use of undefined constant praise - assumed 'praise' E:\wamp\www\Application\Runtime\Cache\Home\2ac6c1276904b87404ed678dbabb985c.php 第 22 行.
INFO: Run Behavior\ParseTemplateBehavior [ RunTime:0.015166s ]
INFO: [ view_parse ] --END-- [ RunTime:0.015290s ]
INFO: [ view_filter ] --START--
INFO: Run Behavior\WriteHtmlCacheBehavior [ RunTime:0.000420s ]
INFO: [ view_filter ] --END-- [ RunTime:0.000546s ]
INFO: [ app_end ] --START--
INFO: Run Behavior\ShowPageTraceBehavior [ RunTime:0.001022s ]
INFO: [ app_end ] --END-- [ RunTime:0.001223s ]

[ 2015-08-09T21:15:23+08:00 ] ::1 /article/mcu/17
INFO: [ app_init ] --START--
INFO: Run Behavior\BuildLiteBehavior [ RunTime:0.000044s ]
INFO: [ app_init ] --END-- [ RunTime:0.000975s ]
INFO: [ app_begin ] --START--
INFO: Run Behavior\ReadHtmlCacheBehavior [ RunTime:0.001099s ]
INFO: [ app_begin ] --END-- [ RunTime:0.001435s ]
SQL: SHOW COLUMNS FROM `article` [ RunTime:0.0024s ]
SQL: UPDATE `article` SET `pageview`=pageview+1 WHERE ( id=17 ) [ RunTime:0.0004s ]
SQL: SHOW COLUMNS FROM `webinfo` [ RunTime:0.0035s ]
SQL: SELECT * FROM `webinfo`  [ RunTime:0.0002s ]
SQL: SELECT * FROM `article` WHERE ( id=17 )  [ RunTime:0.0002s ]
SQL: SELECT `id`,`label`,`title` FROM `article` WHERE ( label=2 ) LIMIT 4   [ RunTime:0.0002s ]
SQL: SELECT `title`,`label`,`id` FROM `article` ORDER BY pageview desc LIMIT 4   [ RunTime:0.0003s ]
SQL: SHOW COLUMNS FROM `comment` [ RunTime:0.0032s ]
SQL: SELECT * FROM `comment` WHERE ( aid=17 ) ORDER BY time desc  [ RunTime:0.0003s ]
INFO: [ view_parse ] --START--
INFO: [ template_filter ] --START--
INFO: Run Behavior\ContentReplaceBehavior [ RunTime:0.000136s ]
INFO: [ template_filter ] --END-- [ RunTime:0.000287s ]
NOTIC: [8] Use of undefined constant comment - assumed 'comment' E:\wamp\www\Application\Runtime\Cache\Home\2ac6c1276904b87404ed678dbabb985c.php 第 21 行.
NOTIC: [8] Use of undefined constant praise - assumed 'praise' E:\wamp\www\Application\Runtime\Cache\Home\2ac6c1276904b87404ed678dbabb985c.php 第 22 行.
INFO: Run Behavior\ParseTemplateBehavior [ RunTime:0.021481s ]
INFO: [ view_parse ] --END-- [ RunTime:0.021664s ]
INFO: [ view_filter ] --START--
INFO: Run Behavior\WriteHtmlCacheBehavior [ RunTime:0.000483s ]
INFO: [ view_filter ] --END-- [ RunTime:0.000614s ]
INFO: [ app_end ] --START--
INFO: Run Behavior\ShowPageTraceBehavior [ RunTime:0.000619s ]
INFO: [ app_end ] --END-- [ RunTime:0.000761s ]

[ 2015-08-09T22:36:16+08:00 ] ::1 /favicon.ico
INFO: [ app_init ] --START--
INFO: Run Behavior\BuildLiteBehavior [ RunTime:0.000026s ]
INFO: [ app_init ] --END-- [ RunTime:0.000450s ]

[ 2015-08-09T22:36:16+08:00 ] ::1 /favicon.ico
INFO: [ app_init ] --START--
INFO: Run Behavior\BuildLiteBehavior [ RunTime:0.000028s ]
INFO: [ app_init ] --END-- [ RunTime:0.000413s ]

[ 2015-08-09T22:37:12+08:00 ] ::1 /Public/images/icon.ico
INFO: [ app_init ] --START--
INFO: Run Behavior\BuildLiteBehavior [ RunTime:0.000028s ]
INFO: [ app_init ] --END-- [ RunTime:0.000505s ]

[ 2015-08-09T22:37:12+08:00 ] ::1 /Public/images/icon.ico
INFO: [ app_init ] --START--
INFO: Run Behavior\BuildLiteBehavior [ RunTime:0.000038s ]
INFO: [ app_init ] --END-- [ RunTime:0.000400s ]

[ 2015-08-09T22:37:12+08:00 ] ::1 /Public/js/Admin/ckeditor.js
INFO: [ app_init ] --START--
INFO: Run Behavior\BuildLiteBehavior [ RunTime:0.000036s ]
INFO: [ app_init ] --END-- [ RunTime:0.000506s ]
INFO: [ app_begin ] --START--
INFO: Run Behavior\ReadHtmlCacheBehavior [ RunTime:0.000608s ]
INFO: [ app_begin ] --END-- [ RunTime:0.000792s ]
ERR: 无法加载控制器:Public

[ 2015-08-09T22:38:20+08:00 ] ::1 /Public/js/Admin/ckeditor.js
INFO: [ app_init ] --START--
INFO: Run Behavior\BuildLiteBehavior [ RunTime:0.000056s ]
INFO: [ app_init ] --END-- [ RunTime:0.000888s ]
INFO: [ app_begin ] --START--
INFO: Run Behavior\ReadHtmlCacheBehavior [ RunTime:0.000630s ]
INFO: [ app_begin ] --END-- [ RunTime:0.000805s ]
ERR: 无法加载控制器:Public

